configured to run:
 batch nodes 1
 model nodes 1
 type: model
 dataset: medium
 epochs: 10
 mini batch size: 100
 eta: 1e-08
 neurons: [4096]
Starting test...
 Fetching data...
 succesfully fetched the data.
  x_train shape: (1202, 4)
  y_train shape: (1202, 1)
  x_test shape: (301, 4)
  y_test shape: (301, 1)
 Creating the neural network...
  added layer | 4 -> 4096
  added output layer | 4096 -> 1
  added loss layer
 Finished creating network.
 Beginning training the network...
starting epoch: 0
starting epoch: 1
starting epoch: 2
starting epoch: 3
starting epoch: 4
starting epoch: 5
starting epoch: 6
starting epoch: 7
starting epoch: 8
starting epoch: 9
Finished model in 11.036557912826538
   0    1.2254250049591064
   1    1.0721139907836914
   2    1.0852429866790771
   3    1.10670804977417
   4    1.0922811031341553
   5    1.0835371017456055
   6    1.094141960144043
   7    1.0926508903503418
   8    1.0910351276397705
   9    1.0933170318603516

Finished test
