configured to run:
 batch nodes 1
 model nodes 1
 type: model
 dataset: medium
 epochs: 10
 mini batch size: 10000
 eta: 1e-08
 neurons: [1024, 1024]
Starting test...
 Fetching data...
 succesfully fetched the data.
  x_train shape: (1202, 4)
  y_train shape: (1202, 1)
  x_test shape: (301, 4)
  y_test shape: (301, 1)
 Creating the neural network...
  added layer | 4 -> 1024
  added layer | 1024 -> 1024
  added output layer | 1024 -> 1
  added loss layer
 Finished creating network.
 Beginning training the network...
starting epoch: 0
starting epoch: 1
starting epoch: 2
starting epoch: 3
starting epoch: 4
starting epoch: 5
starting epoch: 6
starting epoch: 7
starting epoch: 8
starting epoch: 9
Finished model in 6.004410028457642
   0    0.7762751579284668
   1    0.6282758712768555
   2    0.598567008972168
   3    0.5851390361785889
   4    0.5697059631347656
   5    0.5758078098297119
   6    0.5614469051361084
   7    0.5611991882324219
   8    0.5816071033477783
   9    0.5662579536437988

Finished test
