configured to run:
 batch nodes 1
 model nodes 1
 type: model
 dataset: medium
 epochs: 10
 mini batch size: 100
 eta: 1e-08
 neurons: [8192]
Starting test...
 Fetching data...
 succesfully fetched the data.
  x_train shape: (1202, 4)
  y_train shape: (1202, 1)
  x_test shape: (301, 4)
  y_test shape: (301, 1)
 Creating the neural network...
  added layer | 4 -> 8192
  added output layer | 8192 -> 1
  added loss layer
 Finished creating network.
 Beginning training the network...
starting epoch: 0
starting epoch: 1
starting epoch: 2
starting epoch: 3
starting epoch: 4
starting epoch: 5
starting epoch: 6
starting epoch: 7
starting epoch: 8
starting epoch: 9
Finished model in 24.917098999023438
   0    2.6346709728240967
   1    2.5238327980041504
   2    2.4942398071289062
   3    2.4322550296783447
   4    2.464439868927002
   5    2.4660658836364746
   6    2.4795541763305664
   7    2.4782497882843018
   8    2.479016065597534
   9    2.4646339416503906

Finished test
