starting epoch: 0
starting epoch: 1
starting epoch: 2
starting epoch: 3
starting epoch: 4
starting epoch: 5
starting epoch: 6
starting epoch: 7
starting epoch: 8
starting epoch: 9
configured to run:
 batch nodes 1
 model nodes 2
 type: model
 dataset: medium
 epochs: 10
 mini batch size: 100
 eta: 1e-08
 neurons: [4096]
Starting test...
 Fetching data...
 succesfully fetched the data.
  x_train shape: (1202, 4)
  y_train shape: (1202, 1)
  x_test shape: (301, 4)
  y_test shape: (301, 1)
 Creating the neural network...
  added layer | 4 -> 2048
  added output layer | 2048 -> 1
  added loss layer
 Finished creating network.
 Beginning training the network...
starting epoch: 0
starting epoch: 1
starting epoch: 2
starting epoch: 3
starting epoch: 4
starting epoch: 5
starting epoch: 6
starting epoch: 7
starting epoch: 8
starting epoch: 9
Finished model in 7.418651103973389
   0    1.5878031253814697
   1    0.8237149715423584
   2    0.7400071620941162
   3    0.6950318813323975
   4    0.6666240692138672
   5    0.6263058185577393
   6    0.5849409103393555
   7    0.5683178901672363
   8    0.56097412109375
   9    0.5648200511932373

Finished test
