starting epoch: 0
starting epoch: 1
starting epoch: 2
starting epoch: 3
starting epoch: 4
starting epoch: 5
starting epoch: 6
starting epoch: 7
starting epoch: 8
starting epoch: 9
starting epoch: 0
starting epoch: 1
starting epoch: 2
starting epoch: 3
starting epoch: 4
starting epoch: 5
starting epoch: 6
starting epoch: 7
starting epoch: 8
starting epoch: 9
starting epoch: 0
starting epoch: 1
starting epoch: 2
starting epoch: 3
starting epoch: 4
starting epoch: 5
starting epoch: 6
starting epoch: 7
starting epoch: 8
starting epoch: 9
starting epoch: 0
starting epoch: 1
starting epoch: 2
starting epoch: 3
starting epoch: 4
starting epoch: 5
starting epoch: 6
starting epoch: 7
starting epoch: 8
starting epoch: 9
starting epoch: 0
starting epoch: 1
starting epoch: 2
starting epoch: 3
starting epoch: 4
starting epoch: 5
starting epoch: 6
starting epoch: 7
starting epoch: 8
starting epoch: 9
starting epoch: 0
starting epoch: 1
starting epoch: 2
starting epoch: 3
starting epoch: 4
starting epoch: 5
starting epoch: 6
starting epoch: 7
starting epoch: 8
starting epoch: 9
starting epoch: 0
starting epoch: 1
starting epoch: 2
starting epoch: 3
starting epoch: 4
starting epoch: 5
starting epoch: 6
starting epoch: 7
starting epoch: 8
starting epoch: 9
starting epoch: 0
starting epoch: 1
starting epoch: 2
starting epoch: 3
starting epoch: 4
starting epoch: 5
starting epoch: 6
starting epoch: 7
starting epoch: 8
starting epoch: 9
starting epoch: 0
starting epoch: 1
starting epoch: 2
starting epoch: 3
starting epoch: 4
starting epoch: 5
starting epoch: 6
starting epoch: 7
starting epoch: 8
starting epoch: 9
starting epoch: 0
starting epoch: 1
starting epoch: 2
starting epoch: 3
starting epoch: 4
starting epoch: 5
starting epoch: 6
starting epoch: 7
starting epoch: 8
starting epoch: 9
starting epoch: 0
starting epoch: 1
starting epoch: 2
starting epoch: 3
starting epoch: 4
starting epoch: 5
starting epoch: 6
starting epoch: 7
starting epoch: 8
starting epoch: 9
starting epoch: 0
starting epoch: 1
starting epoch: 2
starting epoch: 3
starting epoch: 4
starting epoch: 5
starting epoch: 6
starting epoch: 7
starting epoch: 8
starting epoch: 9
configured to run:
 batch nodes 1
 model nodes 32
 type: model
 dataset: medium
 epochs: 10
 mini batch size: 10000
 eta: 1e-08
 neurons: [1024, 1024]
Starting test...
 Fetching data...
 succesfully fetched the data.
  x_train shape: (1202, 4)
  y_train shape: (1202, 1)
  x_test shape: (301, 4)
  y_test shape: (301, 1)
 Creating the neural network...
  added layer | 4 -> 32
  added layer | 32 -> 32
  added output layer | 32 -> 1
  added loss layer
 Finished creating network.
 Beginning training the network...
starting epoch: 0
starting epoch: 1
starting epoch: 2
starting epoch: 3
starting epoch: 4
starting epoch: 5
starting epoch: 6
starting epoch: 7
starting epoch: 8
starting epoch: 9
Finished model in 1.6476399898529053
   0    1.035512924194336
   1    0.0729219913482666
   2    0.07524299621582031
   3    0.07257795333862305
   4    0.06472396850585938
   5    0.06491804122924805
   6    0.06065011024475098
   7    0.06194305419921875
   8    0.06976008415222168
   9    0.06932187080383301

starting epoch: 0
starting epoch: 1
starting epoch: 2
starting epoch: 3
starting epoch: 4
starting epoch: 5
starting epoch: 6
starting epoch: 7
starting epoch: 8
starting epoch: 9
starting epoch: 0
starting epoch: 1
starting epoch: 2
starting epoch: 3
starting epoch: 4
starting epoch: 5
starting epoch: 6
starting epoch: 7
starting epoch: 8
starting epoch: 9
starting epoch: 0
starting epoch: 1
starting epoch: 2
starting epoch: 3
starting epoch: 4
starting epoch: 5
starting epoch: 6
starting epoch: 7
starting epoch: 8
starting epoch: 9
starting epoch: 0
starting epoch: 1
starting epoch: 2
starting epoch: 3
starting epoch: 4
starting epoch: 5
starting epoch: 6
starting epoch: 7
starting epoch: 8
starting epoch: 9
starting epoch: 0
starting epoch: 1
starting epoch: 2
starting epoch: 3
starting epoch: 4
starting epoch: 5
starting epoch: 6
starting epoch: 7
starting epoch: 8
starting epoch: 9
starting epoch: 0
starting epoch: 1
starting epoch: 2
starting epoch: 3
starting epoch: 4
starting epoch: 5
starting epoch: 6
starting epoch: 7
starting epoch: 8
starting epoch: 9
starting epoch: 0
starting epoch: 1
starting epoch: 2
starting epoch: 3
starting epoch: 4
starting epoch: 5
starting epoch: 6
starting epoch: 7
starting epoch: 8
starting epoch: 9
starting epoch: 0
starting epoch: 1
starting epoch: 2
starting epoch: 3
starting epoch: 4
starting epoch: 5
starting epoch: 6
starting epoch: 7
starting epoch: 8
starting epoch: 9
starting epoch: 0
starting epoch: 1
starting epoch: 2
starting epoch: 3
starting epoch: 4
starting epoch: 5
starting epoch: 6
starting epoch: 7
starting epoch: 8
starting epoch: 9
starting epoch: 0
starting epoch: 1
starting epoch: 2
starting epoch: 3
starting epoch: 4
starting epoch: 5
starting epoch: 6
starting epoch: 7
starting epoch: 8
starting epoch: 9
starting epoch: 0
starting epoch: 1
starting epoch: 2
starting epoch: 3
starting epoch: 4
starting epoch: 5
starting epoch: 6
starting epoch: 7
starting epoch: 8
starting epoch: 9
starting epoch: 0
starting epoch: 1
starting epoch: 2
starting epoch: 3
starting epoch: 4
starting epoch: 5
starting epoch: 6
starting epoch: 7
starting epoch: 8
starting epoch: 9
starting epoch: 0
starting epoch: 1
starting epoch: 2
starting epoch: 3
starting epoch: 4
starting epoch: 5
starting epoch: 6
starting epoch: 7
starting epoch: 8
starting epoch: 9
starting epoch: 0
starting epoch: 1
starting epoch: 2
starting epoch: 3
starting epoch: 4
starting epoch: 5
starting epoch: 6
starting epoch: 7
starting epoch: 8
starting epoch: 9
starting epoch: 0
starting epoch: 1
starting epoch: 2
starting epoch: 3
starting epoch: 4
starting epoch: 5
starting epoch: 6
starting epoch: 7
starting epoch: 8
starting epoch: 9
starting epoch: 0
starting epoch: 1
starting epoch: 2
starting epoch: 3
starting epoch: 4
starting epoch: 5
starting epoch: 6
starting epoch: 7
starting epoch: 8
starting epoch: 9
starting epoch: 0
starting epoch: 1
starting epoch: 2
starting epoch: 3
starting epoch: 4
starting epoch: 5
starting epoch: 6
starting epoch: 7
starting epoch: 8
starting epoch: 9
starting epoch: 0
starting epoch: 1
starting epoch: 2
starting epoch: 3
starting epoch: 4
starting epoch: 5
starting epoch: 6
starting epoch: 7
starting epoch: 8
starting epoch: 9
Finished test
starting epoch: 0
starting epoch: 1
starting epoch: 2
starting epoch: 3
starting epoch: 4
starting epoch: 5
starting epoch: 6
starting epoch: 7
starting epoch: 8
starting epoch: 9
