starting epoch: 0
starting epoch: 1
starting epoch: 2
starting epoch: 3
starting epoch: 4
starting epoch: 5
starting epoch: 6
starting epoch: 7
starting epoch: 8
starting epoch: 9
starting epoch: 0
starting epoch: 1
starting epoch: 2
starting epoch: 3
starting epoch: 4
starting epoch: 5
starting epoch: 6
starting epoch: 7
starting epoch: 8
starting epoch: 9
configured to run:
 batch nodes 1
 model nodes 8
 type: model
 dataset: medium
 epochs: 10
 mini batch size: 10000
 eta: 1e-08
 neurons: [1024, 1024]
Starting test...
 Fetching data...
 succesfully fetched the data.
  x_train shape: (1202, 4)
  y_train shape: (1202, 1)
  x_test shape: (301, 4)
  y_test shape: (301, 1)
 Creating the neural network...
  added layer | 4 -> 128
  added layer | 128 -> 128
  added output layer | 128 -> 1
  added loss layer
 Finished creating network.
 Beginning training the network...
starting epoch: 0
starting epoch: 1
starting epoch: 2
starting epoch: 3
starting epoch: 4
starting epoch: 5
starting epoch: 6
starting epoch: 7
starting epoch: 8
starting epoch: 9
Finished model in 2.09879207611084
   0    1.1075868606567383
   1    0.11506509780883789
   2    0.1110081672668457
   3    0.12640094757080078
   4    0.11128783226013184
   5    0.11936783790588379
   6    0.11467313766479492
   7    0.11194705963134766
   8    0.08820891380310059
   9    0.09317207336425781

starting epoch: 0
starting epoch: 1
starting epoch: 2
starting epoch: 3
starting epoch: 4
starting epoch: 5
starting epoch: 6
starting epoch: 7
starting epoch: 8
starting epoch: 9
starting epoch: 0
starting epoch: 1
starting epoch: 2
starting epoch: 3
starting epoch: 4
starting epoch: 5
starting epoch: 6
starting epoch: 7
starting epoch: 8
starting epoch: 9
Finished test
starting epoch: 0
starting epoch: 1
starting epoch: 2
starting epoch: 3
starting epoch: 4
starting epoch: 5
starting epoch: 6
starting epoch: 7
starting epoch: 8
starting epoch: 9
starting epoch: 0
starting epoch: 1
starting epoch: 2
starting epoch: 3
starting epoch: 4
starting epoch: 5
starting epoch: 6
starting epoch: 7
starting epoch: 8
starting epoch: 9
starting epoch: 0
starting epoch: 1
starting epoch: 2
starting epoch: 3
starting epoch: 4
starting epoch: 5
starting epoch: 6
starting epoch: 7
starting epoch: 8
starting epoch: 9
