configured to run:
 batch nodes 1
 model nodes 1
 type: batch
 dataset: large
 epochs: 10
 mini batch size: 10000
 eta: 1e-08
 neurons: [32, 32]
Starting test...
 Fetching data...
 succesfully fetched the data.
  x_train shape: (560000, 16)
  y_train shape: (560000, 2)
  x_test shape: (140000, 16)
  y_test shape: (140000, 2)
 Creating the neural network...
  added layer | 16 -> 32
  added layer | 32 -> 32
  added output layer | 32 -> 2
  added loss layer
 Finished creating network.
 Beginning training the network...
starting epoch: 0
starting epoch: 1
starting epoch: 2
starting epoch: 3
starting epoch: 4
starting epoch: 5
starting epoch: 6
starting epoch: 7
starting epoch: 8
starting epoch: 9
Total time was: 31.326838970184326
Scatter time: 10.307206392288208
All reduce time: 0.1668076515197754
  (0) 2.8571081161499023
  (1) 3.1645729541778564
  (2) 3.1698858737945557
  (3) 3.130094051361084
  (4) 3.1168410778045654
  (5) 3.1760709285736084
  (6) 3.1650140285491943
  (7) 3.146523952484131
  (8) 3.202550172805786
  (9) 3.1980628967285156

Finished test
