starting epoch: 0
starting epoch: 1
starting epoch: 2
starting epoch: 3
starting epoch: 4
starting epoch: 5
starting epoch: 6
starting epoch: 7
starting epoch: 8
starting epoch: 9
starting epoch: 0
starting epoch: 1
starting epoch: 2
starting epoch: 3
starting epoch: 4
starting epoch: 5
starting epoch: 6
starting epoch: 7
starting epoch: 8
starting epoch: 9
starting epoch: 0
starting epoch: 1
starting epoch: 2
starting epoch: 3
starting epoch: 4
starting epoch: 5
starting epoch: 6
starting epoch: 7
starting epoch: 8
starting epoch: 9
configured to run:
 batch nodes 4
 model nodes 1
 type: batch
 dataset: large
 epochs: 10
 mini batch size: 10000
 eta: 1e-08
 neurons: [32, 32]
Starting test...
 Fetching data...
 succesfully fetched the data.
  x_train shape: (560000, 16)
  y_train shape: (560000, 2)
  x_test shape: (140000, 16)
  y_test shape: (140000, 2)
 Creating the neural network...
  added layer | 16 -> 32
  added layer | 32 -> 32
  added output layer | 32 -> 2
  added loss layer
 Finished creating network.
 Beginning training the network...
starting epoch: 0
starting epoch: 1
starting epoch: 2
starting epoch: 3
starting epoch: 4
starting epoch: 5
starting epoch: 6
starting epoch: 7
starting epoch: 8
starting epoch: 9
Total time was: 27.619021892547607
Scatter time: 7.8010430335998535
All reduce time: 0.31400442123413086
  (0) 2.839380979537964
  (1) 2.6993279457092285
  (2) 2.722541093826294
  (3) 2.9148330688476562
  (4) 2.7251219749450684
  (5) 2.7884950637817383
  (6) 2.777174949645996
  (7) 2.703068971633911
  (8) 2.728022813796997
  (9) 2.7209339141845703

Finished test
