rank: 0 count: 10000
rank: 0 count: 20000
rank: 0 count: 30000
rank: 0 count: 40000
rank: 0 count: 50000
rank: 0 count: 60000
rank: 0 count: 70000
rank: 0 count: 80000
rank: 0 count: 90000
rank: 0 count: 100000
(100000, 16)
(100000, 2)
Total time was: 4.07188606262207
Scatter time: 1.9276587963104248
All reduce time: 0.0192873477935791
  (0) 0.49994397163391113
  (1) 0.4100151062011719
  (2) 0.3991379737854004
  (3) 0.40329599380493164
  (4) 0.399489164352417
  (5) 0.39666008949279785
  (6) 0.39108896255493164
  (7) 0.3929300308227539
  (8) 0.39135098457336426
  (9) 0.38796114921569824

