rank: 11 count: 10000
rank: 11 count: 20000
rank: 11 count: 30000
rank: 11 count: 40000
rank: 11 count: 50000
rank: 11 count: 60000
rank: 11 count: 70000
rank: 11 count: 80000
rank: 11 count: 90000
rank: 11 count: 100000
rank: 11 count: 110000
rank: 11 count: 120000
rank: 11 count: 130000
rank: 11 count: 140000
rank: 11 count: 150000
rank: 11 count: 160000
rank: 11 count: 170000
rank: 11 count: 180000
rank: 11 count: 190000
rank: 11 count: 200000
rank: 11 count: 210000
rank: 11 count: 220000
rank: 11 count: 230000
rank: 11 count: 240000
rank: 11 count: 250000
rank: 11 count: 260000
rank: 11 count: 270000
rank: 11 count: 280000
rank: 11 count: 290000
rank: 11 count: 300000
rank: 11 count: 310000
rank: 11 count: 320000
rank: 11 count: 330000
rank: 11 count: 340000
rank: 11 count: 350000
rank: 11 count: 360000
rank: 11 count: 370000
rank: 11 count: 380000
rank: 11 count: 390000
rank: 11 count: 400000
rank: 11 count: 410000
rank: 11 count: 420000
rank: 11 count: 430000
rank: 11 count: 440000
rank: 11 count: 450000
rank: 11 count: 460000
rank: 11 count: 470000
rank: 11 count: 480000
rank: 11 count: 490000
rank: 11 count: 500000
rank: 11 count: 510000
rank: 11 count: 520000
rank: 11 count: 530000
rank: 11 count: 540000
rank: 11 count: 550000
rank: 11 count: 560000
rank: 11 count: 570000
rank: 11 count: 580000
rank: 11 count: 590000
rank: 11 count: 600000
rank: 11 count: 610000
rank: 11 count: 620000
rank: 11 count: 630000
rank: 11 count: 640000
rank: 11 count: 650000
rank: 11 count: 660000
rank: 11 count: 670000
rank: 11 count: 680000
rank: 11 count: 690000
rank: 11 count: 700000
(700000, 16)
(700000, 2)
rank: 15 count: 10000
rank: 15 count: 20000
rank: 15 count: 30000
rank: 15 count: 40000
rank: 15 count: 50000
rank: 15 count: 60000
rank: 15 count: 70000
rank: 15 count: 80000
rank: 15 count: 90000
rank: 15 count: 100000
rank: 15 count: 110000
rank: 15 count: 120000
rank: 15 count: 130000
rank: 15 count: 140000
rank: 15 count: 150000
rank: 15 count: 160000
rank: 15 count: 170000
rank: 15 count: 180000
rank: 15 count: 190000
rank: 15 count: 200000
rank: 15 count: 210000
rank: 15 count: 220000
rank: 15 count: 230000
rank: 15 count: 240000
rank: 15 count: 250000
rank: 15 count: 260000
rank: 15 count: 270000
rank: 15 count: 280000
rank: 15 count: 290000
rank: 15 count: 300000
rank: 15 count: 310000
rank: 15 count: 320000
rank: 15 count: 330000
rank: 15 count: 340000
rank: 15 count: 350000
rank: 15 count: 360000
rank: 15 count: 370000
rank: 15 count: 380000
rank: 15 count: 390000
rank: 15 count: 400000
rank: 15 count: 410000
rank: 15 count: 420000
rank: 15 count: 430000
rank: 15 count: 440000
rank: 15 count: 450000
rank: 15 count: 460000
rank: 15 count: 470000
rank: 15 count: 480000
rank: 15 count: 490000
rank: 15 count: 500000
rank: 15 count: 510000
rank: 15 count: 520000
rank: 15 count: 530000
rank: 15 count: 540000
rank: 15 count: 550000
rank: 15 count: 560000
rank: 15 count: 570000
rank: 15 count: 580000
rank: 15 count: 590000
rank: 15 count: 600000
rank: 15 count: 610000
rank: 15 count: 620000
rank: 15 count: 630000
rank: 15 count: 640000
rank: 15 count: 650000
rank: 15 count: 660000
rank: 15 count: 670000
rank: 15 count: 680000
rank: 15 count: 690000
rank: 15 count: 700000
(700000, 16)
(700000, 2)
rank: 12 count: 10000
rank: 12 count: 20000
rank: 12 count: 30000
rank: 12 count: 40000
rank: 12 count: 50000
rank: 12 count: 60000
rank: 12 count: 70000
rank: 12 count: 80000
rank: 12 count: 90000
rank: 12 count: 100000
rank: 12 count: 110000
rank: 12 count: 120000
rank: 12 count: 130000
rank: 12 count: 140000
rank: 12 count: 150000
rank: 12 count: 160000
rank: 12 count: 170000
rank: 12 count: 180000
rank: 12 count: 190000
rank: 12 count: 200000
rank: 12 count: 210000
rank: 12 count: 220000
rank: 12 count: 230000
rank: 12 count: 240000
rank: 12 count: 250000
rank: 12 count: 260000
rank: 12 count: 270000
rank: 12 count: 280000
rank: 12 count: 290000
rank: 12 count: 300000
rank: 12 count: 310000
rank: 12 count: 320000
rank: 12 count: 330000
rank: 12 count: 340000
rank: 12 count: 350000
rank: 12 count: 360000
rank: 12 count: 370000
rank: 12 count: 380000
rank: 12 count: 390000
rank: 12 count: 400000
rank: 12 count: 410000
rank: 12 count: 420000
rank: 12 count: 430000
rank: 12 count: 440000
rank: 12 count: 450000
rank: 12 count: 460000
rank: 12 count: 470000
rank: 12 count: 480000
rank: 12 count: 490000
rank: 12 count: 500000
rank: 12 count: 510000
rank: 12 count: 520000
rank: 12 count: 530000
rank: 12 count: 540000
rank: 12 count: 550000
rank: 12 count: 560000
rank: 12 count: 570000
rank: 12 count: 580000
rank: 12 count: 590000
rank: 12 count: 600000
rank: 12 count: 610000
rank: 12 count: 620000
rank: 12 count: 630000
rank: 12 count: 640000
rank: 12 count: 650000
rank: 12 count: 660000
rank: 12 count: 670000
rank: 12 count: 680000
rank: 12 count: 690000
rank: 12 count: 700000
(700000, 16)
(700000, 2)
rank: 2 count: 10000
rank: 2 count: 20000
rank: 2 count: 30000
rank: 2 count: 40000
rank: 2 count: 50000
rank: 2 count: 60000
rank: 2 count: 70000
rank: 2 count: 80000
rank: 2 count: 90000
rank: 2 count: 100000
rank: 2 count: 110000
rank: 2 count: 120000
rank: 2 count: 130000
rank: 2 count: 140000
rank: 2 count: 150000
rank: 2 count: 160000
rank: 2 count: 170000
rank: 2 count: 180000
rank: 2 count: 190000
rank: 2 count: 200000
rank: 2 count: 210000
rank: 2 count: 220000
rank: 2 count: 230000
rank: 2 count: 240000
rank: 2 count: 250000
rank: 2 count: 260000
rank: 2 count: 270000
rank: 2 count: 280000
rank: 2 count: 290000
rank: 2 count: 300000
rank: 2 count: 310000
rank: 2 count: 320000
rank: 2 count: 330000
rank: 2 count: 340000
rank: 2 count: 350000
rank: 2 count: 360000
rank: 2 count: 370000
rank: 2 count: 380000
rank: 2 count: 390000
rank: 2 count: 400000
rank: 2 count: 410000
rank: 2 count: 420000
rank: 2 count: 430000
rank: 2 count: 440000
rank: 2 count: 450000
rank: 2 count: 460000
rank: 2 count: 470000
rank: 2 count: 480000
rank: 2 count: 490000
rank: 2 count: 500000
rank: 2 count: 510000
rank: 2 count: 520000
rank: 2 count: 530000
rank: 2 count: 540000
rank: 2 count: 550000
rank: 2 count: 560000
rank: 2 count: 570000
rank: 2 count: 580000
rank: 2 count: 590000
rank: 2 count: 600000
rank: 2 count: 610000
rank: 2 count: 620000
rank: 2 count: 630000
rank: 2 count: 640000
rank: 2 count: 650000
rank: 2 count: 660000
rank: 2 count: 670000
rank: 2 count: 680000
rank: 2 count: 690000
rank: 2 count: 700000
(700000, 16)
(700000, 2)
rank: 1 count: 10000
rank: 1 count: 20000
rank: 1 count: 30000
rank: 1 count: 40000
rank: 1 count: 50000
rank: 1 count: 60000
rank: 1 count: 70000
rank: 1 count: 80000
rank: 1 count: 90000
rank: 1 count: 100000
rank: 1 count: 110000
rank: 1 count: 120000
rank: 1 count: 130000
rank: 1 count: 140000
rank: 1 count: 150000
rank: 1 count: 160000
rank: 1 count: 170000
rank: 1 count: 180000
rank: 1 count: 190000
rank: 1 count: 200000
rank: 1 count: 210000
rank: 1 count: 220000
rank: 1 count: 230000
rank: 1 count: 240000
rank: 1 count: 250000
rank: 1 count: 260000
rank: 1 count: 270000
rank: 1 count: 280000
rank: 1 count: 290000
rank: 1 count: 300000
rank: 1 count: 310000
rank: 1 count: 320000
rank: 1 count: 330000
rank: 1 count: 340000
rank: 1 count: 350000
rank: 1 count: 360000
rank: 1 count: 370000
rank: 1 count: 380000
rank: 1 count: 390000
rank: 1 count: 400000
rank: 1 count: 410000
rank: 1 count: 420000
rank: 1 count: 430000
rank: 1 count: 440000
rank: 1 count: 450000
rank: 1 count: 460000
rank: 1 count: 470000
rank: 1 count: 480000
rank: 1 count: 490000
rank: 1 count: 500000
rank: 1 count: 510000
rank: 1 count: 520000
rank: 1 count: 530000
rank: 1 count: 540000
rank: 1 count: 550000
rank: 1 count: 560000
rank: 1 count: 570000
rank: 1 count: 580000
rank: 1 count: 590000
rank: 1 count: 600000
rank: 1 count: 610000
rank: 1 count: 620000
rank: 1 count: 630000
rank: 1 count: 640000
rank: 1 count: 650000
rank: 1 count: 660000
rank: 1 count: 670000
rank: 1 count: 680000
rank: 1 count: 690000
rank: 1 count: 700000
(700000, 16)
(700000, 2)
rank: 13 count: 10000
rank: 13 count: 20000
rank: 13 count: 30000
rank: 13 count: 40000
rank: 13 count: 50000
rank: 13 count: 60000
rank: 13 count: 70000
rank: 13 count: 80000
rank: 13 count: 90000
rank: 13 count: 100000
rank: 13 count: 110000
rank: 13 count: 120000
rank: 13 count: 130000
rank: 13 count: 140000
rank: 13 count: 150000
rank: 13 count: 160000
rank: 13 count: 170000
rank: 13 count: 180000
rank: 13 count: 190000
rank: 13 count: 200000
rank: 13 count: 210000
rank: 13 count: 220000
rank: 13 count: 230000
rank: 13 count: 240000
rank: 13 count: 250000
rank: 13 count: 260000
rank: 13 count: 270000
rank: 13 count: 280000
rank: 13 count: 290000
rank: 13 count: 300000
rank: 13 count: 310000
rank: 13 count: 320000
rank: 13 count: 330000
rank: 13 count: 340000
rank: 13 count: 350000
rank: 13 count: 360000
rank: 13 count: 370000
rank: 13 count: 380000
rank: 13 count: 390000
rank: 13 count: 400000
rank: 13 count: 410000
rank: 13 count: 420000
rank: 13 count: 430000
rank: 13 count: 440000
rank: 13 count: 450000
rank: 13 count: 460000
rank: 13 count: 470000
rank: 13 count: 480000
rank: 13 count: 490000
rank: 13 count: 500000
rank: 13 count: 510000
rank: 13 count: 520000
rank: 13 count: 530000
rank: 13 count: 540000
rank: 13 count: 550000
rank: 13 count: 560000
rank: 13 count: 570000
rank: 13 count: 580000
rank: 13 count: 590000
rank: 13 count: 600000
rank: 13 count: 610000
rank: 13 count: 620000
rank: 13 count: 630000
rank: 13 count: 640000
rank: 13 count: 650000
rank: 13 count: 660000
rank: 13 count: 670000
rank: 13 count: 680000
rank: 13 count: 690000
rank: 13 count: 700000
(700000, 16)
(700000, 2)
rank: 7 count: 10000
rank: 7 count: 20000
rank: 7 count: 30000
rank: 7 count: 40000
rank: 7 count: 50000
rank: 7 count: 60000
rank: 7 count: 70000
rank: 7 count: 80000
rank: 7 count: 90000
rank: 7 count: 100000
rank: 7 count: 110000
rank: 7 count: 120000
rank: 7 count: 130000
rank: 7 count: 140000
rank: 7 count: 150000
rank: 7 count: 160000
rank: 7 count: 170000
rank: 7 count: 180000
rank: 7 count: 190000
rank: 7 count: 200000
rank: 7 count: 210000
rank: 7 count: 220000
rank: 7 count: 230000
rank: 7 count: 240000
rank: 7 count: 250000
rank: 7 count: 260000
rank: 7 count: 270000
rank: 7 count: 280000
rank: 7 count: 290000
rank: 7 count: 300000
rank: 7 count: 310000
rank: 7 count: 320000
rank: 7 count: 330000
rank: 7 count: 340000
rank: 7 count: 350000
rank: 7 count: 360000
rank: 7 count: 370000
rank: 7 count: 380000
rank: 7 count: 390000
rank: 7 count: 400000
rank: 7 count: 410000
rank: 7 count: 420000
rank: 7 count: 430000
rank: 7 count: 440000
rank: 7 count: 450000
rank: 7 count: 460000
rank: 7 count: 470000
rank: 7 count: 480000
rank: 7 count: 490000
rank: 7 count: 500000
rank: 7 count: 510000
rank: 7 count: 520000
rank: 7 count: 530000
rank: 7 count: 540000
rank: 7 count: 550000
rank: 7 count: 560000
rank: 7 count: 570000
rank: 7 count: 580000
rank: 7 count: 590000
rank: 7 count: 600000
rank: 7 count: 610000
rank: 7 count: 620000
rank: 7 count: 630000
rank: 7 count: 640000
rank: 7 count: 650000
rank: 7 count: 660000
rank: 7 count: 670000
rank: 7 count: 680000
rank: 7 count: 690000
rank: 7 count: 700000
(700000, 16)
(700000, 2)
rank: 6 count: 10000
rank: 6 count: 20000
rank: 6 count: 30000
rank: 6 count: 40000
rank: 6 count: 50000
rank: 6 count: 60000
rank: 6 count: 70000
rank: 6 count: 80000
rank: 6 count: 90000
rank: 6 count: 100000
rank: 6 count: 110000
rank: 6 count: 120000
rank: 6 count: 130000
rank: 6 count: 140000
rank: 6 count: 150000
rank: 6 count: 160000
rank: 6 count: 170000
rank: 6 count: 180000
rank: 6 count: 190000
rank: 6 count: 200000
rank: 6 count: 210000
rank: 6 count: 220000
rank: 6 count: 230000
rank: 6 count: 240000
rank: 6 count: 250000
rank: 6 count: 260000
rank: 6 count: 270000
rank: 6 count: 280000
rank: 6 count: 290000
rank: 6 count: 300000
rank: 6 count: 310000
rank: 6 count: 320000
rank: 6 count: 330000
rank: 6 count: 340000
rank: 6 count: 350000
rank: 6 count: 360000
rank: 6 count: 370000
rank: 6 count: 380000
rank: 6 count: 390000
rank: 6 count: 400000
rank: 6 count: 410000
rank: 6 count: 420000
rank: 6 count: 430000
rank: 6 count: 440000
rank: 6 count: 450000
rank: 6 count: 460000
rank: 6 count: 470000
rank: 6 count: 480000
rank: 6 count: 490000
rank: 6 count: 500000
rank: 6 count: 510000
rank: 6 count: 520000
rank: 6 count: 530000
rank: 6 count: 540000
rank: 6 count: 550000
rank: 6 count: 560000
rank: 6 count: 570000
rank: 6 count: 580000
rank: 6 count: 590000
rank: 6 count: 600000
rank: 6 count: 610000
rank: 6 count: 620000
rank: 6 count: 630000
rank: 6 count: 640000
rank: 6 count: 650000
rank: 6 count: 660000
rank: 6 count: 670000
rank: 6 count: 680000
rank: 6 count: 690000
rank: 6 count: 700000
(700000, 16)
(700000, 2)
rank: 9 count: 10000
rank: 9 count: 20000
rank: 9 count: 30000
rank: 9 count: 40000
rank: 9 count: 50000
rank: 9 count: 60000
rank: 9 count: 70000
rank: 9 count: 80000
rank: 9 count: 90000
rank: 9 count: 100000
rank: 9 count: 110000
rank: 9 count: 120000
rank: 9 count: 130000
rank: 9 count: 140000
rank: 9 count: 150000
rank: 9 count: 160000
rank: 9 count: 170000
rank: 9 count: 180000
rank: 9 count: 190000
rank: 9 count: 200000
rank: 9 count: 210000
rank: 9 count: 220000
rank: 9 count: 230000
rank: 9 count: 240000
rank: 9 count: 250000
rank: 9 count: 260000
rank: 9 count: 270000
rank: 9 count: 280000
rank: 9 count: 290000
rank: 9 count: 300000
rank: 9 count: 310000
rank: 9 count: 320000
rank: 9 count: 330000
rank: 9 count: 340000
rank: 9 count: 350000
rank: 9 count: 360000
rank: 9 count: 370000
rank: 9 count: 380000
rank: 9 count: 390000
rank: 9 count: 400000
rank: 9 count: 410000
rank: 9 count: 420000
rank: 9 count: 430000
rank: 9 count: 440000
rank: 9 count: 450000
rank: 9 count: 460000
rank: 9 count: 470000
rank: 9 count: 480000
rank: 9 count: 490000
rank: 9 count: 500000
rank: 9 count: 510000
rank: 9 count: 520000
rank: 9 count: 530000
rank: 9 count: 540000
rank: 9 count: 550000
rank: 9 count: 560000
rank: 9 count: 570000
rank: 9 count: 580000
rank: 9 count: 590000
rank: 9 count: 600000
rank: 9 count: 610000
rank: 9 count: 620000
rank: 9 count: 630000
rank: 9 count: 640000
rank: 9 count: 650000
rank: 9 count: 660000
rank: 9 count: 670000
rank: 9 count: 680000
rank: 9 count: 690000
rank: 9 count: 700000
(700000, 16)
(700000, 2)
rank: 3 count: 10000
rank: 3 count: 20000
rank: 3 count: 30000
rank: 3 count: 40000
rank: 3 count: 50000
rank: 3 count: 60000
rank: 3 count: 70000
rank: 3 count: 80000
rank: 3 count: 90000
rank: 3 count: 100000
rank: 3 count: 110000
rank: 3 count: 120000
rank: 3 count: 130000
rank: 3 count: 140000
rank: 3 count: 150000
rank: 3 count: 160000
rank: 3 count: 170000
rank: 3 count: 180000
rank: 3 count: 190000
rank: 3 count: 200000
rank: 3 count: 210000
rank: 3 count: 220000
rank: 3 count: 230000
rank: 3 count: 240000
rank: 3 count: 250000
rank: 3 count: 260000
rank: 3 count: 270000
rank: 3 count: 280000
rank: 3 count: 290000
rank: 3 count: 300000
rank: 3 count: 310000
rank: 3 count: 320000
rank: 3 count: 330000
rank: 3 count: 340000
rank: 3 count: 350000
rank: 3 count: 360000
rank: 3 count: 370000
rank: 3 count: 380000
rank: 3 count: 390000
rank: 3 count: 400000
rank: 3 count: 410000
rank: 3 count: 420000
rank: 3 count: 430000
rank: 3 count: 440000
rank: 3 count: 450000
rank: 3 count: 460000
rank: 5 count: 10000
rank: 5 count: 20000
rank: 5 count: 30000
rank: 5 count: 40000
rank: 5 count: 50000
rank: 5 count: 60000
rank: 5 count: 70000
rank: 5 count: 80000
rank: 5 count: 90000
rank: 5 count: 100000
rank: 5 count: 110000
rank: 5 count: 120000
rank: 5 count: 130000
rank: 5 count: 140000
rank: 5 count: 150000
rank: 5 count: 160000
rank: 5 count: 170000
rank: 5 count: 180000
rank: 5 count: 190000
rank: 5 count: 200000
rank: 5 count: 210000
rank: 5 count: 220000
rank: 5 count: 230000
rank: 5 count: 240000
rank: 5 count: 250000
rank: 5 count: 260000
rank: 5 count: 270000
rank: 5 count: 280000
rank: 5 count: 290000
rank: 5 count: 300000
rank: 5 count: 310000
rank: 5 count: 320000
rank: 5 count: 330000
rank: 5 count: 340000
rank: 5 count: 350000
rank: 5 count: 360000
rank: 5 count: 370000
rank: 5 count: 380000
rank: 5 count: 390000
rank: 5 count: 400000
rank: 5 count: 410000
rank: 5 count: 420000
rank: 5 count: 430000
rank: 5 count: 440000
rank: 5 count: 450000
rank: 5 count: 460000
rank: 3 count: 470000
rank: 3 count: 480000
rank: 3 count: 490000
rank: 3 count: 500000
rank: 3 count: 510000
rank: 3 count: 520000
rank: 3 count: 530000
rank: 3 count: 540000
rank: 3 count: 550000
rank: 3 count: 560000
rank: 3 count: 570000
rank: 3 count: 580000
rank: 3 count: 590000
rank: 3 count: 600000
rank: 3 count: 610000
rank: 3 count: 620000
rank: 3 count: 630000
rank: 3 count: 640000
rank: 3 count: 650000
rank: 3 count: 660000
rank: 3 count: 670000
rank: 3 count: 680000
rank: 3 count: 690000
rank: 3 count: 700000
(700000, 16)
(700000, 2)
rank: 5 count: 470000
rank: 5 count: 480000
rank: 5 count: 490000
rank: 5 count: 500000
rank: 5 count: 510000
rank: 5 count: 520000
rank: 5 count: 530000
rank: 5 count: 540000
rank: 5 count: 550000
rank: 5 count: 560000
rank: 5 count: 570000
rank: 5 count: 580000
rank: 5 count: 590000
rank: 5 count: 600000
rank: 5 count: 610000
rank: 5 count: 620000
rank: 5 count: 630000
rank: 5 count: 640000
rank: 5 count: 650000
rank: 5 count: 660000
rank: 5 count: 670000
rank: 5 count: 680000
rank: 5 count: 690000
rank: 5 count: 700000
(700000, 16)
(700000, 2)
rank: 8 count: 10000
rank: 8 count: 20000
rank: 8 count: 30000
rank: 8 count: 40000
rank: 8 count: 50000
rank: 8 count: 60000
rank: 8 count: 70000
rank: 8 count: 80000
rank: 8 count: 90000
rank: 8 count: 100000
rank: 8 count: 110000
rank: 8 count: 120000
rank: 8 count: 130000
rank: 8 count: 140000
rank: 8 count: 150000
rank: 8 count: 160000
rank: 8 count: 170000
rank: 8 count: 180000
rank: 8 count: 190000
rank: 8 count: 200000
rank: 8 count: 210000
rank: 8 count: 220000
rank: 8 count: 230000
rank: 8 count: 240000
rank: 8 count: 250000
rank: 8 count: 260000
rank: 8 count: 270000
rank: 8 count: 280000
rank: 8 count: 290000
rank: 8 count: 300000
rank: 8 count: 310000
rank: 8 count: 320000
rank: 8 count: 330000
rank: 8 count: 340000
rank: 8 count: 350000
rank: 8 count: 360000
rank: 8 count: 370000
rank: 8 count: 380000
rank: 8 count: 390000
rank: 8 count: 400000
rank: 8 count: 410000
rank: 8 count: 420000
rank: 8 count: 430000
rank: 8 count: 440000
rank: 8 count: 450000
rank: 8 count: 460000
rank: 8 count: 470000
rank: 8 count: 480000
rank: 8 count: 490000
rank: 8 count: 500000
rank: 8 count: 510000
rank: 8 count: 520000
rank: 8 count: 530000
rank: 8 count: 540000
rank: 8 count: 550000
rank: 8 count: 560000
rank: 8 count: 570000
rank: 8 count: 580000
rank: 8 count: 590000
rank: 8 count: 600000
rank: 8 count: 610000
rank: 8 count: 620000
rank: 8 count: 630000
rank: 8 count: 640000
rank: 8 count: 650000
rank: 8 count: 660000
rank: 8 count: 670000
rank: 8 count: 680000
rank: 8 count: 690000
rank: 8 count: 700000
(700000, 16)
(700000, 2)
rank: 4 count: 10000
rank: 4 count: 20000
rank: 4 count: 30000
rank: 4 count: 40000
rank: 4 count: 50000
rank: 4 count: 60000
rank: 4 count: 70000
rank: 4 count: 80000
rank: 4 count: 90000
rank: 4 count: 100000
rank: 4 count: 110000
rank: 4 count: 120000
rank: 4 count: 130000
rank: 4 count: 140000
rank: 4 count: 150000
rank: 4 count: 160000
rank: 4 count: 170000
rank: 4 count: 180000
rank: 4 count: 190000
rank: 4 count: 200000
rank: 4 count: 210000
rank: 4 count: 220000
rank: 4 count: 230000
rank: 4 count: 240000
rank: 4 count: 250000
rank: 4 count: 260000
rank: 4 count: 270000
rank: 4 count: 280000
rank: 4 count: 290000
rank: 4 count: 300000
rank: 4 count: 310000
rank: 4 count: 320000
rank: 4 count: 330000
rank: 4 count: 340000
rank: 4 count: 350000
rank: 4 count: 360000
rank: 4 count: 370000
rank: 4 count: 380000
rank: 4 count: 390000
rank: 4 count: 400000
rank: 4 count: 410000
rank: 4 count: 420000
rank: 4 count: 430000
rank: 4 count: 440000
rank: 4 count: 450000
rank: 4 count: 460000
rank: 4 count: 470000
rank: 4 count: 480000
rank: 4 count: 490000
rank: 4 count: 500000
rank: 4 count: 510000
rank: 4 count: 520000
rank: 4 count: 530000
rank: 4 count: 540000
rank: 4 count: 550000
rank: 4 count: 560000
rank: 4 count: 570000
rank: 4 count: 580000
rank: 4 count: 590000
rank: 4 count: 600000
rank: 4 count: 610000
rank: 4 count: 620000
rank: 4 count: 630000
rank: 4 count: 640000
rank: 4 count: 650000
rank: 4 count: 660000
rank: 4 count: 670000
rank: 4 count: 680000
rank: 4 count: 690000
rank: 4 count: 700000
(700000, 16)
(700000, 2)
rank: 10 count: 10000
rank: 10 count: 20000
rank: 10 count: 30000
rank: 10 count: 40000
rank: 10 count: 50000
rank: 10 count: 60000
rank: 10 count: 70000
rank: 10 count: 80000
rank: 10 count: 90000
rank: 10 count: 100000
rank: 10 count: 110000
rank: 10 count: 120000
rank: 10 count: 130000
rank: 10 count: 140000
rank: 10 count: 150000
rank: 10 count: 160000
rank: 10 count: 170000
rank: 10 count: 180000
rank: 10 count: 190000
rank: 10 count: 200000
rank: 10 count: 210000
rank: 10 count: 220000
rank: 10 count: 230000
rank: 10 count: 240000
rank: 10 count: 250000
rank: 10 count: 260000
rank: 10 count: 270000
rank: 10 count: 280000
rank: 10 count: 290000
rank: 10 count: 300000
rank: 10 count: 310000
rank: 10 count: 320000
rank: 10 count: 330000
rank: 10 count: 340000
rank: 10 count: 350000
rank: 10 count: 360000
rank: 10 count: 370000
rank: 10 count: 380000
rank: 10 count: 390000
rank: 10 count: 400000
rank: 10 count: 410000
rank: 10 count: 420000
rank: 10 count: 430000
rank: 10 count: 440000
rank: 10 count: 450000
rank: 10 count: 460000
rank: 10 count: 470000
rank: 10 count: 480000
rank: 10 count: 490000
rank: 10 count: 500000
rank: 10 count: 510000
rank: 10 count: 520000
rank: 10 count: 530000
rank: 10 count: 540000
rank: 10 count: 550000
rank: 10 count: 560000
rank: 10 count: 570000
rank: 10 count: 580000
rank: 10 count: 590000
rank: 10 count: 600000
rank: 10 count: 610000
rank: 10 count: 620000
rank: 10 count: 630000
rank: 10 count: 640000
rank: 10 count: 650000
rank: 10 count: 660000
rank: 10 count: 670000
rank: 10 count: 680000
rank: 10 count: 690000
rank: 10 count: 700000
(700000, 16)
(700000, 2)
rank: 14 count: 10000
rank: 14 count: 20000
rank: 14 count: 30000
rank: 14 count: 40000
rank: 14 count: 50000
rank: 14 count: 60000
rank: 14 count: 70000
rank: 14 count: 80000
rank: 14 count: 90000
rank: 14 count: 100000
rank: 14 count: 110000
rank: 14 count: 120000
rank: 14 count: 130000
rank: 14 count: 140000
rank: 14 count: 150000
rank: 14 count: 160000
rank: 14 count: 170000
rank: 14 count: 180000
rank: 14 count: 190000
rank: 14 count: 200000
rank: 14 count: 210000
rank: 14 count: 220000
rank: 14 count: 230000
rank: 14 count: 240000
rank: 14 count: 250000
rank: 14 count: 260000
rank: 14 count: 270000
rank: 14 count: 280000
rank: 14 count: 290000
rank: 14 count: 300000
rank: 14 count: 310000
rank: 14 count: 320000
rank: 14 count: 330000
rank: 14 count: 340000
rank: 14 count: 350000
rank: 14 count: 360000
rank: 14 count: 370000
rank: 14 count: 380000
rank: 14 count: 390000
rank: 14 count: 400000
rank: 14 count: 410000
rank: 14 count: 420000
rank: 14 count: 430000
rank: 14 count: 440000
rank: 14 count: 450000
rank: 14 count: 460000
rank: 14 count: 470000
rank: 14 count: 480000
rank: 14 count: 490000
rank: 14 count: 500000
rank: 14 count: 510000
rank: 14 count: 520000
rank: 14 count: 530000
rank: 14 count: 540000
rank: 14 count: 550000
rank: 14 count: 560000
rank: 14 count: 570000
rank: 14 count: 580000
rank: 14 count: 590000
rank: 14 count: 600000
rank: 14 count: 610000
rank: 14 count: 620000
rank: 14 count: 630000
rank: 14 count: 640000
rank: 14 count: 650000
rank: 14 count: 660000
rank: 14 count: 670000
rank: 14 count: 680000
rank: 14 count: 690000
rank: 14 count: 700000
(700000, 16)
(700000, 2)
rank: 0 count: 10000
rank: 0 count: 20000
rank: 0 count: 30000
rank: 0 count: 40000
rank: 0 count: 50000
rank: 0 count: 60000
rank: 0 count: 70000
rank: 0 count: 80000
rank: 0 count: 90000
rank: 0 count: 100000
rank: 0 count: 110000
rank: 0 count: 120000
rank: 0 count: 130000
rank: 0 count: 140000
rank: 0 count: 150000
rank: 0 count: 160000
rank: 0 count: 170000
rank: 0 count: 180000
rank: 0 count: 190000
rank: 0 count: 200000
rank: 0 count: 210000
rank: 0 count: 220000
rank: 0 count: 230000
rank: 0 count: 240000
rank: 0 count: 250000
rank: 0 count: 260000
rank: 0 count: 270000
rank: 0 count: 280000
rank: 0 count: 290000
rank: 0 count: 300000
rank: 0 count: 310000
rank: 0 count: 320000
rank: 0 count: 330000
rank: 0 count: 340000
rank: 0 count: 350000
rank: 0 count: 360000
rank: 0 count: 370000
rank: 0 count: 380000
rank: 0 count: 390000
rank: 0 count: 400000
rank: 0 count: 410000
rank: 0 count: 420000
rank: 0 count: 430000
rank: 0 count: 440000
rank: 0 count: 450000
rank: 0 count: 460000
rank: 0 count: 470000
rank: 0 count: 480000
rank: 0 count: 490000
rank: 0 count: 500000
rank: 0 count: 510000
rank: 0 count: 520000
rank: 0 count: 530000
rank: 0 count: 540000
rank: 0 count: 550000
rank: 0 count: 560000
rank: 0 count: 570000
rank: 0 count: 580000
rank: 0 count: 590000
rank: 0 count: 600000
rank: 0 count: 610000
rank: 0 count: 620000
rank: 0 count: 630000
rank: 0 count: 640000
rank: 0 count: 650000
rank: 0 count: 660000
rank: 0 count: 670000
rank: 0 count: 680000
rank: 0 count: 690000
rank: 0 count: 700000
(700000, 16)
(700000, 2)
Total time was: 25.708072900772095
Scatter time: 6.967707395553589
All reduce time: 0.22945547103881836
  (0) 2.3548059463500977
  (1) 2.4134459495544434
  (2) 2.370551109313965
  (3) 2.4490129947662354
  (4) 2.4258780479431152
  (5) 2.5360560417175293
  (6) 2.452477216720581
  (7) 2.8241138458251953
  (8) 2.9366672039031982
  (9) 2.9450528621673584

