rank: 1 count: 10000
rank: 1 count: 20000
rank: 1 count: 30000
rank: 1 count: 40000
rank: 1 count: 50000
rank: 1 count: 60000
rank: 1 count: 70000
rank: 1 count: 80000
rank: 1 count: 90000
rank: 1 count: 100000
(100000, 16)
(100000, 2)
rank: 0 count: 10000
rank: 0 count: 20000
rank: 0 count: 30000
rank: 0 count: 40000
rank: 0 count: 50000
rank: 0 count: 60000
rank: 0 count: 70000
rank: 0 count: 80000
rank: 0 count: 90000
rank: 0 count: 100000
(100000, 16)
(100000, 2)
Total time was: 3.2467751502990723
Scatter time: 1.3688504695892334
All reduce time: 0.023168087005615234
  (0) 0.4451119899749756
  (1) 0.3318300247192383
  (2) 0.31453609466552734
  (3) 0.3121938705444336
  (4) 0.32372593879699707
  (5) 0.3064610958099365
  (6) 0.30654191970825195
  (7) 0.2974529266357422
  (8) 0.30782294273376465
  (9) 0.3010871410369873

