rank: 1 count: 10000
rank: 1 count: 20000
rank: 1 count: 30000
rank: 1 count: 40000
rank: 1 count: 50000
rank: 1 count: 60000
rank: 1 count: 70000
rank: 1 count: 80000
rank: 1 count: 90000
rank: 1 count: 100000
rank: 1 count: 110000
rank: 1 count: 120000
rank: 1 count: 130000
rank: 1 count: 140000
rank: 1 count: 150000
rank: 1 count: 160000
rank: 1 count: 170000
rank: 1 count: 180000
rank: 1 count: 190000
rank: 1 count: 200000
rank: 1 count: 210000
rank: 1 count: 220000
rank: 1 count: 230000
rank: 1 count: 240000
rank: 1 count: 250000
rank: 1 count: 260000
rank: 1 count: 270000
rank: 1 count: 280000
rank: 1 count: 290000
rank: 1 count: 300000
rank: 1 count: 310000
rank: 1 count: 320000
rank: 1 count: 330000
rank: 1 count: 340000
rank: 1 count: 350000
rank: 1 count: 360000
rank: 1 count: 370000
rank: 1 count: 380000
rank: 1 count: 390000
rank: 1 count: 400000
rank: 1 count: 410000
rank: 1 count: 420000
rank: 1 count: 430000
rank: 1 count: 440000
rank: 1 count: 450000
rank: 1 count: 460000
rank: 1 count: 470000
rank: 1 count: 480000
rank: 1 count: 490000
rank: 1 count: 500000
rank: 1 count: 510000
rank: 1 count: 520000
rank: 1 count: 530000
rank: 1 count: 540000
rank: 1 count: 550000
rank: 1 count: 560000
rank: 1 count: 570000
rank: 1 count: 580000
rank: 1 count: 590000
rank: 1 count: 600000
rank: 1 count: 610000
rank: 1 count: 620000
rank: 1 count: 630000
rank: 1 count: 640000
rank: 1 count: 650000
rank: 1 count: 660000
rank: 1 count: 670000
rank: 1 count: 680000
rank: 1 count: 690000
rank: 1 count: 700000
(700000, 16)
(700000, 2)
rank: 0 count: 10000
rank: 0 count: 20000
rank: 0 count: 30000
rank: 0 count: 40000
rank: 0 count: 50000
rank: 0 count: 60000
rank: 0 count: 70000
rank: 0 count: 80000
rank: 0 count: 90000
rank: 0 count: 100000
rank: 0 count: 110000
rank: 0 count: 120000
rank: 0 count: 130000
rank: 0 count: 140000
rank: 0 count: 150000
rank: 0 count: 160000
rank: 0 count: 170000
rank: 0 count: 180000
rank: 0 count: 190000
rank: 0 count: 200000
rank: 0 count: 210000
rank: 0 count: 220000
rank: 0 count: 230000
rank: 0 count: 240000
rank: 0 count: 250000
rank: 0 count: 260000
rank: 0 count: 270000
rank: 0 count: 280000
rank: 0 count: 290000
rank: 0 count: 300000
rank: 0 count: 310000
rank: 0 count: 320000
rank: 0 count: 330000
rank: 0 count: 340000
rank: 0 count: 350000
rank: 0 count: 360000
rank: 0 count: 370000
rank: 0 count: 380000
rank: 0 count: 390000
rank: 0 count: 400000
rank: 0 count: 410000
rank: 0 count: 420000
rank: 0 count: 430000
rank: 0 count: 440000
rank: 0 count: 450000
rank: 0 count: 460000
rank: 0 count: 470000
rank: 0 count: 480000
rank: 0 count: 490000
rank: 0 count: 500000
rank: 0 count: 510000
rank: 0 count: 520000
rank: 0 count: 530000
rank: 0 count: 540000
rank: 0 count: 550000
rank: 0 count: 560000
rank: 0 count: 570000
rank: 0 count: 580000
rank: 0 count: 590000
rank: 0 count: 600000
rank: 0 count: 610000
rank: 0 count: 620000
rank: 0 count: 630000
rank: 0 count: 640000
rank: 0 count: 650000
rank: 0 count: 660000
rank: 0 count: 670000
rank: 0 count: 680000
rank: 0 count: 690000
rank: 0 count: 700000
(700000, 16)
(700000, 2)
Total time was: 28.803573846817017
Scatter time: 9.577622175216675
All reduce time: 0.1603245735168457
  (0) 2.646761894226074
  (1) 3.071254014968872
  (2) 2.883270025253296
  (3) 2.9179019927978516
  (4) 2.893918037414551
  (5) 2.8950061798095703
  (6) 2.8730978965759277
  (7) 2.887022018432617
  (8) 2.8629980087280273
  (9) 2.872330904006958

