rank: 23 count: 10000
rank: 23 count: 20000
rank: 23 count: 30000
rank: 23 count: 40000
rank: 23 count: 50000
rank: 23 count: 60000
rank: 23 count: 70000
rank: 23 count: 80000
rank: 23 count: 90000
rank: 23 count: 100000
rank: 23 count: 110000
rank: 23 count: 120000
rank: 23 count: 130000
rank: 23 count: 140000
rank: 23 count: 150000
rank: 23 count: 160000
rank: 23 count: 170000
rank: 23 count: 180000
rank: 23 count: 190000
rank: 23 count: 200000
rank: 23 count: 210000
rank: 23 count: 220000
rank: 23 count: 230000
rank: 23 count: 240000
rank: 23 count: 250000
rank: 23 count: 260000
rank: 23 count: 270000
rank: 23 count: 280000
rank: 23 count: 290000
rank: 23 count: 300000
rank: 23 count: 310000
rank: 23 count: 320000
rank: 23 count: 330000
rank: 23 count: 340000
rank: 23 count: 350000
rank: 23 count: 360000
rank: 23 count: 370000
rank: 23 count: 380000
rank: 23 count: 390000
rank: 23 count: 400000
rank: 23 count: 410000
rank: 23 count: 420000
rank: 23 count: 430000
rank: 23 count: 440000
rank: 23 count: 450000
rank: 23 count: 460000
rank: 23 count: 470000
rank: 23 count: 480000
rank: 23 count: 490000
rank: 23 count: 500000
rank: 23 count: 510000
rank: 23 count: 520000
rank: 23 count: 530000
rank: 23 count: 540000
rank: 23 count: 550000
rank: 23 count: 560000
rank: 23 count: 570000
rank: 23 count: 580000
rank: 23 count: 590000
rank: 23 count: 600000
rank: 23 count: 610000
rank: 23 count: 620000
rank: 23 count: 630000
rank: 23 count: 640000
rank: 23 count: 650000
rank: 23 count: 660000
rank: 23 count: 670000
rank: 23 count: 680000
rank: 23 count: 690000
rank: 23 count: 700000
(700000, 16)
(700000, 2)
rank: 21 count: 10000
rank: 21 count: 20000
rank: 21 count: 30000
rank: 21 count: 40000
rank: 21 count: 50000
rank: 21 count: 60000
rank: 21 count: 70000
rank: 21 count: 80000
rank: 21 count: 90000
rank: 21 count: 100000
rank: 21 count: 110000
rank: 21 count: 120000
rank: 21 count: 130000
rank: 21 count: 140000
rank: 21 count: 150000
rank: 21 count: 160000
rank: 21 count: 170000
rank: 21 count: 180000
rank: 21 count: 190000
rank: 21 count: 200000
rank: 21 count: 210000
rank: 21 count: 220000
rank: 21 count: 230000
rank: 21 count: 240000
rank: 21 count: 250000
rank: 21 count: 260000
rank: 21 count: 270000
rank: 21 count: 280000
rank: 21 count: 290000
rank: 21 count: 300000
rank: 21 count: 310000
rank: 21 count: 320000
rank: 21 count: 330000
rank: 21 count: 340000
rank: 21 count: 350000
rank: 21 count: 360000
rank: 21 count: 370000
rank: 21 count: 380000
rank: 21 count: 390000
rank: 21 count: 400000
rank: 21 count: 410000
rank: 21 count: 420000
rank: 21 count: 430000
rank: 21 count: 440000
rank: 21 count: 450000
rank: 21 count: 460000
rank: 21 count: 470000
rank: 21 count: 480000
rank: 21 count: 490000
rank: 21 count: 500000
rank: 21 count: 510000
rank: 21 count: 520000
rank: 21 count: 530000
rank: 21 count: 540000
rank: 21 count: 550000
rank: 21 count: 560000
rank: 21 count: 570000
rank: 21 count: 580000
rank: 21 count: 590000
rank: 21 count: 600000
rank: 21 count: 610000
rank: 21 count: 620000
rank: 21 count: 630000
rank: 21 count: 640000
rank: 21 count: 650000
rank: 21 count: 660000
rank: 21 count: 670000
rank: 21 count: 680000
rank: 21 count: 690000
rank: 21 count: 700000
(700000, 16)
(700000, 2)
rank: 29 count: 10000
rank: 29 count: 20000
rank: 29 count: 30000
rank: 29 count: 40000
rank: 29 count: 50000
rank: 29 count: 60000
rank: 29 count: 70000
rank: 29 count: 80000
rank: 29 count: 90000
rank: 29 count: 100000
rank: 29 count: 110000
rank: 29 count: 120000
rank: 29 count: 130000
rank: 29 count: 140000
rank: 29 count: 150000
rank: 29 count: 160000
rank: 29 count: 170000
rank: 29 count: 180000
rank: 29 count: 190000
rank: 29 count: 200000
rank: 29 count: 210000
rank: 29 count: 220000
rank: 29 count: 230000
rank: 29 count: 240000
rank: 29 count: 250000
rank: 29 count: 260000
rank: 29 count: 270000
rank: 29 count: 280000
rank: 29 count: 290000
rank: 29 count: 300000
rank: 29 count: 310000
rank: 29 count: 320000
rank: 29 count: 330000
rank: 29 count: 340000
rank: 29 count: 350000
rank: 29 count: 360000
rank: 29 count: 370000
rank: 29 count: 380000
rank: 29 count: 390000
rank: 29 count: 400000
rank: 29 count: 410000
rank: 29 count: 420000
rank: 29 count: 430000
rank: 29 count: 440000
rank: 29 count: 450000
rank: 29 count: 460000
rank: 29 count: 470000
rank: 29 count: 480000
rank: 29 count: 490000
rank: 29 count: 500000
rank: 29 count: 510000
rank: 29 count: 520000
rank: 29 count: 530000
rank: 29 count: 540000
rank: 29 count: 550000
rank: 29 count: 560000
rank: 29 count: 570000
rank: 29 count: 580000
rank: 29 count: 590000
rank: 29 count: 600000
rank: 29 count: 610000
rank: 29 count: 620000
rank: 29 count: 630000
rank: 29 count: 640000
rank: 29 count: 650000
rank: 29 count: 660000
rank: 29 count: 670000
rank: 29 count: 680000
rank: 29 count: 690000
rank: 29 count: 700000
(700000, 16)
(700000, 2)
rank: 31 count: 10000
rank: 31 count: 20000
rank: 31 count: 30000
rank: 31 count: 40000
rank: 31 count: 50000
rank: 31 count: 60000
rank: 31 count: 70000
rank: 31 count: 80000
rank: 31 count: 90000
rank: 31 count: 100000
rank: 31 count: 110000
rank: 31 count: 120000
rank: 31 count: 130000
rank: 31 count: 140000
rank: 31 count: 150000
rank: 31 count: 160000
rank: 31 count: 170000
rank: 31 count: 180000
rank: 31 count: 190000
rank: 31 count: 200000
rank: 31 count: 210000
rank: 31 count: 220000
rank: 31 count: 230000
rank: 31 count: 240000
rank: 31 count: 250000
rank: 31 count: 260000
rank: 31 count: 270000
rank: 31 count: 280000
rank: 31 count: 290000
rank: 31 count: 300000
rank: 31 count: 310000
rank: 31 count: 320000
rank: 31 count: 330000
rank: 31 count: 340000
rank: 31 count: 350000
rank: 31 count: 360000
rank: 31 count: 370000
rank: 31 count: 380000
rank: 31 count: 390000
rank: 31 count: 400000
rank: 31 count: 410000
rank: 31 count: 420000
rank: 31 count: 430000
rank: 31 count: 440000
rank: 31 count: 450000
rank: 31 count: 460000
rank: 31 count: 470000
rank: 31 count: 480000
rank: 31 count: 490000
rank: 31 count: 500000
rank: 31 count: 510000
rank: 31 count: 520000
rank: 31 count: 530000
rank: 31 count: 540000
rank: 31 count: 550000
rank: 31 count: 560000
rank: 31 count: 570000
rank: 31 count: 580000
rank: 31 count: 590000
rank: 31 count: 600000
rank: 31 count: 610000
rank: 31 count: 620000
rank: 31 count: 630000
rank: 31 count: 640000
rank: 31 count: 650000
rank: 31 count: 660000
rank: 31 count: 670000
rank: 31 count: 680000
rank: 31 count: 690000
rank: 31 count: 700000
(700000, 16)
(700000, 2)
rank: 12 count: 10000
rank: 12 count: 20000
rank: 12 count: 30000
rank: 12 count: 40000
rank: 12 count: 50000
rank: 12 count: 60000
rank: 12 count: 70000
rank: 12 count: 80000
rank: 12 count: 90000
rank: 12 count: 100000
rank: 12 count: 110000
rank: 12 count: 120000
rank: 12 count: 130000
rank: 12 count: 140000
rank: 12 count: 150000
rank: 12 count: 160000
rank: 12 count: 170000
rank: 12 count: 180000
rank: 12 count: 190000
rank: 12 count: 200000
rank: 12 count: 210000
rank: 12 count: 220000
rank: 12 count: 230000
rank: 12 count: 240000
rank: 12 count: 250000
rank: 12 count: 260000
rank: 12 count: 270000
rank: 12 count: 280000
rank: 12 count: 290000
rank: 12 count: 300000
rank: 12 count: 310000
rank: 12 count: 320000
rank: 12 count: 330000
rank: 12 count: 340000
rank: 12 count: 350000
rank: 12 count: 360000
rank: 12 count: 370000
rank: 12 count: 380000
rank: 12 count: 390000
rank: 12 count: 400000
rank: 12 count: 410000
rank: 12 count: 420000
rank: 12 count: 430000
rank: 12 count: 440000
rank: 12 count: 450000
rank: 12 count: 460000
rank: 12 count: 470000
rank: 12 count: 480000
rank: 12 count: 490000
rank: 12 count: 500000
rank: 12 count: 510000
rank: 12 count: 520000
rank: 12 count: 530000
rank: 12 count: 540000
rank: 12 count: 550000
rank: 12 count: 560000
rank: 12 count: 570000
rank: 12 count: 580000
rank: 12 count: 590000
rank: 12 count: 600000
rank: 12 count: 610000
rank: 12 count: 620000
rank: 12 count: 630000
rank: 12 count: 640000
rank: 12 count: 650000
rank: 12 count: 660000
rank: 12 count: 670000
rank: 12 count: 680000
rank: 12 count: 690000
rank: 12 count: 700000
(700000, 16)
(700000, 2)
rank: 10 count: 10000
rank: 10 count: 20000
rank: 10 count: 30000
rank: 10 count: 40000
rank: 10 count: 50000
rank: 10 count: 60000
rank: 10 count: 70000
rank: 10 count: 80000
rank: 10 count: 90000
rank: 10 count: 100000
rank: 10 count: 110000
rank: 10 count: 120000
rank: 10 count: 130000
rank: 10 count: 140000
rank: 10 count: 150000
rank: 10 count: 160000
rank: 10 count: 170000
rank: 10 count: 180000
rank: 10 count: 190000
rank: 10 count: 200000
rank: 10 count: 210000
rank: 10 count: 220000
rank: 10 count: 230000
rank: 10 count: 240000
rank: 10 count: 250000
rank: 10 count: 260000
rank: 10 count: 270000
rank: 10 count: 280000
rank: 10 count: 290000
rank: 10 count: 300000
rank: 10 count: 310000
rank: 10 count: 320000
rank: 10 count: 330000
rank: 10 count: 340000
rank: 10 count: 350000
rank: 10 count: 360000
rank: 10 count: 370000
rank: 10 count: 380000
rank: 10 count: 390000
rank: 10 count: 400000
rank: 10 count: 410000
rank: 10 count: 420000
rank: 10 count: 430000
rank: 10 count: 440000
rank: 10 count: 450000
rank: 10 count: 460000
rank: 10 count: 470000
rank: 10 count: 480000
rank: 10 count: 490000
rank: 10 count: 500000
rank: 10 count: 510000
rank: 10 count: 520000
rank: 10 count: 530000
rank: 10 count: 540000
rank: 10 count: 550000
rank: 10 count: 560000
rank: 10 count: 570000
rank: 10 count: 580000
rank: 10 count: 590000
rank: 10 count: 600000
rank: 10 count: 610000
rank: 10 count: 620000
rank: 10 count: 630000
rank: 10 count: 640000
rank: 10 count: 650000
rank: 10 count: 660000
rank: 10 count: 670000
rank: 10 count: 680000
rank: 10 count: 690000
rank: 10 count: 700000
(700000, 16)
(700000, 2)
rank: 2 count: 10000
rank: 2 count: 20000
rank: 2 count: 30000
rank: 2 count: 40000
rank: 2 count: 50000
rank: 2 count: 60000
rank: 2 count: 70000
rank: 2 count: 80000
rank: 2 count: 90000
rank: 2 count: 100000
rank: 2 count: 110000
rank: 2 count: 120000
rank: 2 count: 130000
rank: 2 count: 140000
rank: 2 count: 150000
rank: 2 count: 160000
rank: 2 count: 170000
rank: 2 count: 180000
rank: 2 count: 190000
rank: 2 count: 200000
rank: 2 count: 210000
rank: 2 count: 220000
rank: 2 count: 230000
rank: 2 count: 240000
rank: 2 count: 250000
rank: 2 count: 260000
rank: 2 count: 270000
rank: 2 count: 280000
rank: 2 count: 290000
rank: 2 count: 300000
rank: 2 count: 310000
rank: 2 count: 320000
rank: 2 count: 330000
rank: 2 count: 340000
rank: 2 count: 350000
rank: 2 count: 360000
rank: 2 count: 370000
rank: 2 count: 380000
rank: 2 count: 390000
rank: 2 count: 400000
rank: 2 count: 410000
rank: 2 count: 420000
rank: 2 count: 430000
rank: 2 count: 440000
rank: 2 count: 450000
rank: 2 count: 460000
rank: 2 count: 470000
rank: 2 count: 480000
rank: 2 count: 490000
rank: 2 count: 500000
rank: 2 count: 510000
rank: 2 count: 520000
rank: 2 count: 530000
rank: 2 count: 540000
rank: 2 count: 550000
rank: 2 count: 560000
rank: 2 count: 570000
rank: 2 count: 580000
rank: 2 count: 590000
rank: 2 count: 600000
rank: 2 count: 610000
rank: 2 count: 620000
rank: 2 count: 630000
rank: 2 count: 640000
rank: 2 count: 650000
rank: 2 count: 660000
rank: 2 count: 670000
rank: 2 count: 680000
rank: 2 count: 690000
rank: 2 count: 700000
(700000, 16)
(700000, 2)
rank: 6 count: 10000
rank: 6 count: 20000
rank: 6 count: 30000
rank: 6 count: 40000
rank: 6 count: 50000
rank: 6 count: 60000
rank: 6 count: 70000
rank: 6 count: 80000
rank: 6 count: 90000
rank: 6 count: 100000
rank: 6 count: 110000
rank: 6 count: 120000
rank: 6 count: 130000
rank: 6 count: 140000
rank: 6 count: 150000
rank: 6 count: 160000
rank: 6 count: 170000
rank: 6 count: 180000
rank: 6 count: 190000
rank: 6 count: 200000
rank: 6 count: 210000
rank: 6 count: 220000
rank: 6 count: 230000
rank: 6 count: 240000
rank: 6 count: 250000
rank: 6 count: 260000
rank: 6 count: 270000
rank: 6 count: 280000
rank: 6 count: 290000
rank: 6 count: 300000
rank: 6 count: 310000
rank: 6 count: 320000
rank: 6 count: 330000
rank: 6 count: 340000
rank: 6 count: 350000
rank: 6 count: 360000
rank: 6 count: 370000
rank: 6 count: 380000
rank: 6 count: 390000
rank: 6 count: 400000
rank: 6 count: 410000
rank: 6 count: 420000
rank: 6 count: 430000
rank: 6 count: 440000
rank: 6 count: 450000
rank: 6 count: 460000
rank: 18 count: 10000
rank: 18 count: 20000
rank: 18 count: 30000
rank: 18 count: 40000
rank: 18 count: 50000
rank: 18 count: 60000
rank: 18 count: 70000
rank: 18 count: 80000
rank: 18 count: 90000
rank: 18 count: 100000
rank: 18 count: 110000
rank: 18 count: 120000
rank: 18 count: 130000
rank: 18 count: 140000
rank: 18 count: 150000
rank: 18 count: 160000
rank: 18 count: 170000
rank: 18 count: 180000
rank: 18 count: 190000
rank: 18 count: 200000
rank: 18 count: 210000
rank: 18 count: 220000
rank: 18 count: 230000
rank: 18 count: 240000
rank: 18 count: 250000
rank: 18 count: 260000
rank: 18 count: 270000
rank: 18 count: 280000
rank: 18 count: 290000
rank: 18 count: 300000
rank: 18 count: 310000
rank: 18 count: 320000
rank: 18 count: 330000
rank: 18 count: 340000
rank: 18 count: 350000
rank: 18 count: 360000
rank: 18 count: 370000
rank: 18 count: 380000
rank: 18 count: 390000
rank: 18 count: 400000
rank: 18 count: 410000
rank: 18 count: 420000
rank: 18 count: 430000
rank: 18 count: 440000
rank: 6 count: 470000
rank: 6 count: 480000
rank: 6 count: 490000
rank: 6 count: 500000
rank: 6 count: 510000
rank: 6 count: 520000
rank: 6 count: 530000
rank: 6 count: 540000
rank: 6 count: 550000
rank: 6 count: 560000
rank: 6 count: 570000
rank: 6 count: 580000
rank: 6 count: 590000
rank: 6 count: 600000
rank: 6 count: 610000
rank: 6 count: 620000
rank: 6 count: 630000
rank: 6 count: 640000
rank: 6 count: 650000
rank: 6 count: 660000
rank: 6 count: 670000
rank: 6 count: 680000
rank: 6 count: 690000
rank: 6 count: 700000
(700000, 16)
(700000, 2)
rank: 18 count: 450000
rank: 18 count: 460000
rank: 18 count: 470000
rank: 18 count: 480000
rank: 18 count: 490000
rank: 18 count: 500000
rank: 18 count: 510000
rank: 18 count: 520000
rank: 18 count: 530000
rank: 18 count: 540000
rank: 18 count: 550000
rank: 18 count: 560000
rank: 18 count: 570000
rank: 18 count: 580000
rank: 18 count: 590000
rank: 18 count: 600000
rank: 18 count: 610000
rank: 18 count: 620000
rank: 18 count: 630000
rank: 18 count: 640000
rank: 18 count: 650000
rank: 18 count: 660000
rank: 18 count: 670000
rank: 18 count: 680000
rank: 18 count: 690000
rank: 18 count: 700000
(700000, 16)
(700000, 2)
rank: 19 count: 10000
rank: 19 count: 20000
rank: 19 count: 30000
rank: 19 count: 40000
rank: 19 count: 50000
rank: 19 count: 60000
rank: 19 count: 70000
rank: 19 count: 80000
rank: 19 count: 90000
rank: 19 count: 100000
rank: 19 count: 110000
rank: 19 count: 120000
rank: 19 count: 130000
rank: 19 count: 140000
rank: 19 count: 150000
rank: 19 count: 160000
rank: 19 count: 170000
rank: 19 count: 180000
rank: 19 count: 190000
rank: 19 count: 200000
rank: 19 count: 210000
rank: 19 count: 220000
rank: 19 count: 230000
rank: 19 count: 240000
rank: 19 count: 250000
rank: 19 count: 260000
rank: 19 count: 270000
rank: 19 count: 280000
rank: 19 count: 290000
rank: 19 count: 300000
rank: 19 count: 310000
rank: 19 count: 320000
rank: 19 count: 330000
rank: 19 count: 340000
rank: 19 count: 350000
rank: 19 count: 360000
rank: 19 count: 370000
rank: 19 count: 380000
rank: 19 count: 390000
rank: 19 count: 400000
rank: 19 count: 410000
rank: 19 count: 420000
rank: 19 count: 430000
rank: 19 count: 440000
rank: 9 count: 10000
rank: 9 count: 20000
rank: 9 count: 30000
rank: 9 count: 40000
rank: 9 count: 50000
rank: 9 count: 60000
rank: 9 count: 70000
rank: 9 count: 80000
rank: 9 count: 90000
rank: 9 count: 100000
rank: 9 count: 110000
rank: 9 count: 120000
rank: 9 count: 130000
rank: 9 count: 140000
rank: 9 count: 150000
rank: 9 count: 160000
rank: 9 count: 170000
rank: 9 count: 180000
rank: 9 count: 190000
rank: 9 count: 200000
rank: 9 count: 210000
rank: 9 count: 220000
rank: 9 count: 230000
rank: 9 count: 240000
rank: 9 count: 250000
rank: 9 count: 260000
rank: 9 count: 270000
rank: 9 count: 280000
rank: 9 count: 290000
rank: 9 count: 300000
rank: 9 count: 310000
rank: 9 count: 320000
rank: 9 count: 330000
rank: 9 count: 340000
rank: 9 count: 350000
rank: 9 count: 360000
rank: 9 count: 370000
rank: 9 count: 380000
rank: 9 count: 390000
rank: 9 count: 400000
rank: 9 count: 410000
rank: 9 count: 420000
rank: 9 count: 430000
rank: 9 count: 440000
rank: 9 count: 450000
rank: 9 count: 460000
rank: 19 count: 450000
rank: 19 count: 460000
rank: 19 count: 470000
rank: 19 count: 480000
rank: 19 count: 490000
rank: 19 count: 500000
rank: 19 count: 510000
rank: 19 count: 520000
rank: 19 count: 530000
rank: 19 count: 540000
rank: 19 count: 550000
rank: 19 count: 560000
rank: 19 count: 570000
rank: 19 count: 580000
rank: 19 count: 590000
rank: 19 count: 600000
rank: 19 count: 610000
rank: 19 count: 620000
rank: 19 count: 630000
rank: 19 count: 640000
rank: 19 count: 650000
rank: 19 count: 660000
rank: 19 count: 670000
rank: 19 count: 680000
rank: 19 count: 690000
rank: 19 count: 700000
(700000, 16)
(700000, 2)
rank: 9 count: 470000
rank: 9 count: 480000
rank: 9 count: 490000
rank: 9 count: 500000
rank: 9 count: 510000
rank: 9 count: 520000
rank: 9 count: 530000
rank: 9 count: 540000
rank: 9 count: 550000
rank: 9 count: 560000
rank: 9 count: 570000
rank: 9 count: 580000
rank: 9 count: 590000
rank: 9 count: 600000
rank: 9 count: 610000
rank: 9 count: 620000
rank: 9 count: 630000
rank: 9 count: 640000
rank: 9 count: 650000
rank: 9 count: 660000
rank: 9 count: 670000
rank: 9 count: 680000
rank: 9 count: 690000
rank: 9 count: 700000
(700000, 16)
(700000, 2)
rank: 4 count: 10000
rank: 4 count: 20000
rank: 4 count: 30000
rank: 4 count: 40000
rank: 4 count: 50000
rank: 4 count: 60000
rank: 4 count: 70000
rank: 4 count: 80000
rank: 4 count: 90000
rank: 4 count: 100000
rank: 4 count: 110000
rank: 4 count: 120000
rank: 4 count: 130000
rank: 4 count: 140000
rank: 4 count: 150000
rank: 4 count: 160000
rank: 4 count: 170000
rank: 4 count: 180000
rank: 4 count: 190000
rank: 4 count: 200000
rank: 4 count: 210000
rank: 4 count: 220000
rank: 4 count: 230000
rank: 4 count: 240000
rank: 4 count: 250000
rank: 4 count: 260000
rank: 4 count: 270000
rank: 4 count: 280000
rank: 4 count: 290000
rank: 4 count: 300000
rank: 4 count: 310000
rank: 4 count: 320000
rank: 4 count: 330000
rank: 4 count: 340000
rank: 4 count: 350000
rank: 4 count: 360000
rank: 4 count: 370000
rank: 4 count: 380000
rank: 4 count: 390000
rank: 4 count: 400000
rank: 4 count: 410000
rank: 4 count: 420000
rank: 4 count: 430000
rank: 4 count: 440000
rank: 4 count: 450000
rank: 4 count: 460000
rank: 11 count: 10000
rank: 11 count: 20000
rank: 11 count: 30000
rank: 11 count: 40000
rank: 11 count: 50000
rank: 11 count: 60000
rank: 11 count: 70000
rank: 11 count: 80000
rank: 11 count: 90000
rank: 11 count: 100000
rank: 11 count: 110000
rank: 11 count: 120000
rank: 11 count: 130000
rank: 11 count: 140000
rank: 11 count: 150000
rank: 11 count: 160000
rank: 11 count: 170000
rank: 11 count: 180000
rank: 11 count: 190000
rank: 11 count: 200000
rank: 11 count: 210000
rank: 11 count: 220000
rank: 11 count: 230000
rank: 11 count: 240000
rank: 11 count: 250000
rank: 11 count: 260000
rank: 11 count: 270000
rank: 11 count: 280000
rank: 11 count: 290000
rank: 11 count: 300000
rank: 11 count: 310000
rank: 11 count: 320000
rank: 11 count: 330000
rank: 11 count: 340000
rank: 11 count: 350000
rank: 11 count: 360000
rank: 11 count: 370000
rank: 11 count: 380000
rank: 11 count: 390000
rank: 11 count: 400000
rank: 11 count: 410000
rank: 11 count: 420000
rank: 11 count: 430000
rank: 11 count: 440000
rank: 4 count: 470000
rank: 4 count: 480000
rank: 4 count: 490000
rank: 4 count: 500000
rank: 4 count: 510000
rank: 4 count: 520000
rank: 4 count: 530000
rank: 4 count: 540000
rank: 4 count: 550000
rank: 4 count: 560000
rank: 4 count: 570000
rank: 4 count: 580000
rank: 4 count: 590000
rank: 4 count: 600000
rank: 4 count: 610000
rank: 4 count: 620000
rank: 4 count: 630000
rank: 4 count: 640000
rank: 4 count: 650000
rank: 4 count: 660000
rank: 4 count: 670000
rank: 4 count: 680000
rank: 4 count: 690000
rank: 4 count: 700000
(700000, 16)
(700000, 2)
rank: 1 count: 10000
rank: 1 count: 20000
rank: 1 count: 30000
rank: 1 count: 40000
rank: 1 count: 50000
rank: 1 count: 60000
rank: 1 count: 70000
rank: 1 count: 80000
rank: 1 count: 90000
rank: 1 count: 100000
rank: 1 count: 110000
rank: 1 count: 120000
rank: 1 count: 130000
rank: 1 count: 140000
rank: 1 count: 150000
rank: 1 count: 160000
rank: 1 count: 170000
rank: 1 count: 180000
rank: 1 count: 190000
rank: 1 count: 200000
rank: 1 count: 210000
rank: 1 count: 220000
rank: 1 count: 230000
rank: 1 count: 240000
rank: 1 count: 250000
rank: 1 count: 260000
rank: 1 count: 270000
rank: 1 count: 280000
rank: 1 count: 290000
rank: 1 count: 300000
rank: 1 count: 310000
rank: 1 count: 320000
rank: 1 count: 330000
rank: 1 count: 340000
rank: 1 count: 350000
rank: 1 count: 360000
rank: 1 count: 370000
rank: 1 count: 380000
rank: 1 count: 390000
rank: 1 count: 400000
rank: 1 count: 410000
rank: 1 count: 420000
rank: 1 count: 430000
rank: 1 count: 440000
rank: 1 count: 450000
rank: 1 count: 460000
rank: 11 count: 450000
rank: 11 count: 460000
rank: 11 count: 470000
rank: 11 count: 480000
rank: 11 count: 490000
rank: 11 count: 500000
rank: 11 count: 510000
rank: 11 count: 520000
rank: 11 count: 530000
rank: 11 count: 540000
rank: 11 count: 550000
rank: 11 count: 560000
rank: 11 count: 570000
rank: 11 count: 580000
rank: 11 count: 590000
rank: 11 count: 600000
rank: 11 count: 610000
rank: 11 count: 620000
rank: 11 count: 630000
rank: 11 count: 640000
rank: 11 count: 650000
rank: 11 count: 660000
rank: 11 count: 670000
rank: 11 count: 680000
rank: 11 count: 690000
rank: 11 count: 700000
(700000, 16)
(700000, 2)
rank: 1 count: 470000
rank: 1 count: 480000
rank: 1 count: 490000
rank: 1 count: 500000
rank: 1 count: 510000
rank: 1 count: 520000
rank: 1 count: 530000
rank: 1 count: 540000
rank: 1 count: 550000
rank: 1 count: 560000
rank: 1 count: 570000
rank: 1 count: 580000
rank: 1 count: 590000
rank: 1 count: 600000
rank: 1 count: 610000
rank: 1 count: 620000
rank: 1 count: 630000
rank: 1 count: 640000
rank: 1 count: 650000
rank: 1 count: 660000
rank: 1 count: 670000
rank: 1 count: 680000
rank: 1 count: 690000
rank: 1 count: 700000
(700000, 16)
(700000, 2)
rank: 30 count: 10000
rank: 30 count: 20000
rank: 30 count: 30000
rank: 30 count: 40000
rank: 30 count: 50000
rank: 30 count: 60000
rank: 30 count: 70000
rank: 30 count: 80000
rank: 30 count: 90000
rank: 30 count: 100000
rank: 30 count: 110000
rank: 30 count: 120000
rank: 30 count: 130000
rank: 30 count: 140000
rank: 30 count: 150000
rank: 30 count: 160000
rank: 30 count: 170000
rank: 30 count: 180000
rank: 30 count: 190000
rank: 30 count: 200000
rank: 30 count: 210000
rank: 30 count: 220000
rank: 30 count: 230000
rank: 30 count: 240000
rank: 30 count: 250000
rank: 30 count: 260000
rank: 30 count: 270000
rank: 30 count: 280000
rank: 30 count: 290000
rank: 30 count: 300000
rank: 30 count: 310000
rank: 30 count: 320000
rank: 30 count: 330000
rank: 30 count: 340000
rank: 30 count: 350000
rank: 30 count: 360000
rank: 30 count: 370000
rank: 30 count: 380000
rank: 30 count: 390000
rank: 30 count: 400000
rank: 30 count: 410000
rank: 30 count: 420000
rank: 30 count: 430000
rank: 30 count: 440000
rank: 30 count: 450000
rank: 30 count: 460000
rank: 30 count: 470000
rank: 30 count: 480000
rank: 30 count: 490000
rank: 30 count: 500000
rank: 30 count: 510000
rank: 30 count: 520000
rank: 30 count: 530000
rank: 30 count: 540000
rank: 30 count: 550000
rank: 30 count: 560000
rank: 30 count: 570000
rank: 30 count: 580000
rank: 30 count: 590000
rank: 30 count: 600000
rank: 30 count: 610000
rank: 30 count: 620000
rank: 30 count: 630000
rank: 30 count: 640000
rank: 30 count: 650000
rank: 30 count: 660000
rank: 30 count: 670000
rank: 30 count: 680000
rank: 30 count: 690000
rank: 30 count: 700000
(700000, 16)
(700000, 2)
rank: 26 count: 10000
rank: 26 count: 20000
rank: 26 count: 30000
rank: 26 count: 40000
rank: 26 count: 50000
rank: 26 count: 60000
rank: 26 count: 70000
rank: 26 count: 80000
rank: 26 count: 90000
rank: 26 count: 100000
rank: 26 count: 110000
rank: 26 count: 120000
rank: 26 count: 130000
rank: 26 count: 140000
rank: 26 count: 150000
rank: 26 count: 160000
rank: 26 count: 170000
rank: 26 count: 180000
rank: 26 count: 190000
rank: 26 count: 200000
rank: 26 count: 210000
rank: 26 count: 220000
rank: 26 count: 230000
rank: 26 count: 240000
rank: 26 count: 250000
rank: 26 count: 260000
rank: 26 count: 270000
rank: 26 count: 280000
rank: 26 count: 290000
rank: 26 count: 300000
rank: 26 count: 310000
rank: 26 count: 320000
rank: 26 count: 330000
rank: 26 count: 340000
rank: 26 count: 350000
rank: 26 count: 360000
rank: 26 count: 370000
rank: 26 count: 380000
rank: 26 count: 390000
rank: 26 count: 400000
rank: 26 count: 410000
rank: 26 count: 420000
rank: 26 count: 430000
rank: 26 count: 440000
rank: 14 count: 10000
rank: 14 count: 20000
rank: 14 count: 30000
rank: 14 count: 40000
rank: 14 count: 50000
rank: 14 count: 60000
rank: 14 count: 70000
rank: 14 count: 80000
rank: 14 count: 90000
rank: 14 count: 100000
rank: 14 count: 110000
rank: 14 count: 120000
rank: 14 count: 130000
rank: 14 count: 140000
rank: 14 count: 150000
rank: 14 count: 160000
rank: 14 count: 170000
rank: 14 count: 180000
rank: 14 count: 190000
rank: 14 count: 200000
rank: 14 count: 210000
rank: 14 count: 220000
rank: 14 count: 230000
rank: 14 count: 240000
rank: 14 count: 250000
rank: 14 count: 260000
rank: 14 count: 270000
rank: 14 count: 280000
rank: 14 count: 290000
rank: 14 count: 300000
rank: 14 count: 310000
rank: 14 count: 320000
rank: 14 count: 330000
rank: 14 count: 340000
rank: 14 count: 350000
rank: 14 count: 360000
rank: 14 count: 370000
rank: 14 count: 380000
rank: 14 count: 390000
rank: 14 count: 400000
rank: 14 count: 410000
rank: 14 count: 420000
rank: 14 count: 430000
rank: 14 count: 440000
rank: 26 count: 450000
rank: 26 count: 460000
rank: 26 count: 470000
rank: 26 count: 480000
rank: 26 count: 490000
rank: 26 count: 500000
rank: 26 count: 510000
rank: 26 count: 520000
rank: 26 count: 530000
rank: 26 count: 540000
rank: 26 count: 550000
rank: 26 count: 560000
rank: 26 count: 570000
rank: 26 count: 580000
rank: 26 count: 590000
rank: 26 count: 600000
rank: 26 count: 610000
rank: 26 count: 620000
rank: 26 count: 630000
rank: 26 count: 640000
rank: 26 count: 650000
rank: 26 count: 660000
rank: 26 count: 670000
rank: 26 count: 680000
rank: 26 count: 690000
rank: 26 count: 700000
(700000, 16)
(700000, 2)
rank: 14 count: 450000
rank: 14 count: 460000
rank: 14 count: 470000
rank: 14 count: 480000
rank: 14 count: 490000
rank: 14 count: 500000
rank: 14 count: 510000
rank: 14 count: 520000
rank: 14 count: 530000
rank: 14 count: 540000
rank: 14 count: 550000
rank: 14 count: 560000
rank: 14 count: 570000
rank: 14 count: 580000
rank: 14 count: 590000
rank: 14 count: 600000
rank: 14 count: 610000
rank: 14 count: 620000
rank: 14 count: 630000
rank: 14 count: 640000
rank: 14 count: 650000
rank: 14 count: 660000
rank: 14 count: 670000
rank: 14 count: 680000
rank: 14 count: 690000
rank: 14 count: 700000
(700000, 16)
(700000, 2)
rank: 28 count: 10000
rank: 28 count: 20000
rank: 28 count: 30000
rank: 28 count: 40000
rank: 28 count: 50000
rank: 28 count: 60000
rank: 28 count: 70000
rank: 28 count: 80000
rank: 28 count: 90000
rank: 28 count: 100000
rank: 28 count: 110000
rank: 28 count: 120000
rank: 28 count: 130000
rank: 28 count: 140000
rank: 28 count: 150000
rank: 28 count: 160000
rank: 28 count: 170000
rank: 28 count: 180000
rank: 28 count: 190000
rank: 28 count: 200000
rank: 28 count: 210000
rank: 28 count: 220000
rank: 28 count: 230000
rank: 28 count: 240000
rank: 28 count: 250000
rank: 28 count: 260000
rank: 28 count: 270000
rank: 28 count: 280000
rank: 28 count: 290000
rank: 28 count: 300000
rank: 28 count: 310000
rank: 28 count: 320000
rank: 28 count: 330000
rank: 28 count: 340000
rank: 28 count: 350000
rank: 28 count: 360000
rank: 28 count: 370000
rank: 28 count: 380000
rank: 28 count: 390000
rank: 28 count: 400000
rank: 28 count: 410000
rank: 28 count: 420000
rank: 28 count: 430000
rank: 28 count: 440000
rank: 28 count: 450000
rank: 28 count: 460000
rank: 28 count: 470000
rank: 28 count: 480000
rank: 28 count: 490000
rank: 28 count: 500000
rank: 28 count: 510000
rank: 28 count: 520000
rank: 28 count: 530000
rank: 28 count: 540000
rank: 28 count: 550000
rank: 28 count: 560000
rank: 28 count: 570000
rank: 28 count: 580000
rank: 28 count: 590000
rank: 28 count: 600000
rank: 28 count: 610000
rank: 28 count: 620000
rank: 28 count: 630000
rank: 28 count: 640000
rank: 28 count: 650000
rank: 28 count: 660000
rank: 28 count: 670000
rank: 28 count: 680000
rank: 28 count: 690000
rank: 28 count: 700000
(700000, 16)
(700000, 2)
rank: 17 count: 10000
rank: 17 count: 20000
rank: 17 count: 30000
rank: 17 count: 40000
rank: 17 count: 50000
rank: 17 count: 60000
rank: 17 count: 70000
rank: 17 count: 80000
rank: 17 count: 90000
rank: 17 count: 100000
rank: 17 count: 110000
rank: 17 count: 120000
rank: 17 count: 130000
rank: 17 count: 140000
rank: 17 count: 150000
rank: 17 count: 160000
rank: 17 count: 170000
rank: 17 count: 180000
rank: 17 count: 190000
rank: 17 count: 200000
rank: 17 count: 210000
rank: 17 count: 220000
rank: 17 count: 230000
rank: 17 count: 240000
rank: 17 count: 250000
rank: 17 count: 260000
rank: 17 count: 270000
rank: 17 count: 280000
rank: 17 count: 290000
rank: 17 count: 300000
rank: 17 count: 310000
rank: 17 count: 320000
rank: 17 count: 330000
rank: 17 count: 340000
rank: 17 count: 350000
rank: 17 count: 360000
rank: 17 count: 370000
rank: 17 count: 380000
rank: 17 count: 390000
rank: 17 count: 400000
rank: 17 count: 410000
rank: 17 count: 420000
rank: 17 count: 430000
rank: 17 count: 440000
rank: 7 count: 10000
rank: 7 count: 20000
rank: 7 count: 30000
rank: 7 count: 40000
rank: 7 count: 50000
rank: 7 count: 60000
rank: 7 count: 70000
rank: 7 count: 80000
rank: 7 count: 90000
rank: 7 count: 100000
rank: 7 count: 110000
rank: 7 count: 120000
rank: 7 count: 130000
rank: 7 count: 140000
rank: 7 count: 150000
rank: 7 count: 160000
rank: 7 count: 170000
rank: 7 count: 180000
rank: 7 count: 190000
rank: 7 count: 200000
rank: 7 count: 210000
rank: 7 count: 220000
rank: 7 count: 230000
rank: 7 count: 240000
rank: 7 count: 250000
rank: 7 count: 260000
rank: 7 count: 270000
rank: 7 count: 280000
rank: 7 count: 290000
rank: 7 count: 300000
rank: 7 count: 310000
rank: 7 count: 320000
rank: 7 count: 330000
rank: 7 count: 340000
rank: 7 count: 350000
rank: 7 count: 360000
rank: 7 count: 370000
rank: 7 count: 380000
rank: 7 count: 390000
rank: 7 count: 400000
rank: 7 count: 410000
rank: 7 count: 420000
rank: 7 count: 430000
rank: 7 count: 440000
rank: 7 count: 450000
rank: 7 count: 460000
rank: 17 count: 450000
rank: 17 count: 460000
rank: 17 count: 470000
rank: 17 count: 480000
rank: 17 count: 490000
rank: 17 count: 500000
rank: 17 count: 510000
rank: 17 count: 520000
rank: 17 count: 530000
rank: 17 count: 540000
rank: 17 count: 550000
rank: 17 count: 560000
rank: 17 count: 570000
rank: 17 count: 580000
rank: 17 count: 590000
rank: 17 count: 600000
rank: 17 count: 610000
rank: 17 count: 620000
rank: 17 count: 630000
rank: 17 count: 640000
rank: 17 count: 650000
rank: 17 count: 660000
rank: 17 count: 670000
rank: 17 count: 680000
rank: 17 count: 690000
rank: 17 count: 700000
(700000, 16)
(700000, 2)
rank: 7 count: 470000
rank: 7 count: 480000
rank: 7 count: 490000
rank: 7 count: 500000
rank: 7 count: 510000
rank: 7 count: 520000
rank: 7 count: 530000
rank: 7 count: 540000
rank: 7 count: 550000
rank: 7 count: 560000
rank: 7 count: 570000
rank: 7 count: 580000
rank: 7 count: 590000
rank: 7 count: 600000
rank: 7 count: 610000
rank: 7 count: 620000
rank: 7 count: 630000
rank: 7 count: 640000
rank: 7 count: 650000
rank: 7 count: 660000
rank: 7 count: 670000
rank: 7 count: 680000
rank: 7 count: 690000
rank: 7 count: 700000
(700000, 16)
(700000, 2)
rank: 16 count: 10000
rank: 16 count: 20000
rank: 16 count: 30000
rank: 16 count: 40000
rank: 16 count: 50000
rank: 16 count: 60000
rank: 16 count: 70000
rank: 16 count: 80000
rank: 16 count: 90000
rank: 16 count: 100000
rank: 16 count: 110000
rank: 16 count: 120000
rank: 16 count: 130000
rank: 16 count: 140000
rank: 16 count: 150000
rank: 16 count: 160000
rank: 16 count: 170000
rank: 16 count: 180000
rank: 16 count: 190000
rank: 16 count: 200000
rank: 16 count: 210000
rank: 16 count: 220000
rank: 16 count: 230000
rank: 16 count: 240000
rank: 16 count: 250000
rank: 16 count: 260000
rank: 16 count: 270000
rank: 16 count: 280000
rank: 16 count: 290000
rank: 16 count: 300000
rank: 16 count: 310000
rank: 16 count: 320000
rank: 16 count: 330000
rank: 16 count: 340000
rank: 16 count: 350000
rank: 16 count: 360000
rank: 16 count: 370000
rank: 16 count: 380000
rank: 16 count: 390000
rank: 16 count: 400000
rank: 16 count: 410000
rank: 16 count: 420000
rank: 16 count: 430000
rank: 16 count: 440000
rank: 20 count: 10000
rank: 20 count: 20000
rank: 20 count: 30000
rank: 20 count: 40000
rank: 20 count: 50000
rank: 20 count: 60000
rank: 20 count: 70000
rank: 20 count: 80000
rank: 20 count: 90000
rank: 20 count: 100000
rank: 20 count: 110000
rank: 20 count: 120000
rank: 20 count: 130000
rank: 20 count: 140000
rank: 20 count: 150000
rank: 20 count: 160000
rank: 20 count: 170000
rank: 20 count: 180000
rank: 20 count: 190000
rank: 20 count: 200000
rank: 20 count: 210000
rank: 20 count: 220000
rank: 20 count: 230000
rank: 20 count: 240000
rank: 20 count: 250000
rank: 20 count: 260000
rank: 20 count: 270000
rank: 20 count: 280000
rank: 20 count: 290000
rank: 20 count: 300000
rank: 20 count: 310000
rank: 20 count: 320000
rank: 20 count: 330000
rank: 20 count: 340000
rank: 20 count: 350000
rank: 20 count: 360000
rank: 20 count: 370000
rank: 20 count: 380000
rank: 20 count: 390000
rank: 20 count: 400000
rank: 20 count: 410000
rank: 20 count: 420000
rank: 20 count: 430000
rank: 20 count: 440000
rank: 5 count: 10000
rank: 5 count: 20000
rank: 5 count: 30000
rank: 5 count: 40000
rank: 5 count: 50000
rank: 5 count: 60000
rank: 5 count: 70000
rank: 5 count: 80000
rank: 5 count: 90000
rank: 5 count: 100000
rank: 5 count: 110000
rank: 5 count: 120000
rank: 5 count: 130000
rank: 5 count: 140000
rank: 5 count: 150000
rank: 5 count: 160000
rank: 5 count: 170000
rank: 5 count: 180000
rank: 5 count: 190000
rank: 5 count: 200000
rank: 5 count: 210000
rank: 5 count: 220000
rank: 5 count: 230000
rank: 5 count: 240000
rank: 5 count: 250000
rank: 5 count: 260000
rank: 5 count: 270000
rank: 5 count: 280000
rank: 5 count: 290000
rank: 5 count: 300000
rank: 5 count: 310000
rank: 5 count: 320000
rank: 5 count: 330000
rank: 5 count: 340000
rank: 5 count: 350000
rank: 5 count: 360000
rank: 5 count: 370000
rank: 5 count: 380000
rank: 5 count: 390000
rank: 5 count: 400000
rank: 5 count: 410000
rank: 5 count: 420000
rank: 5 count: 430000
rank: 5 count: 440000
rank: 5 count: 450000
rank: 5 count: 460000
rank: 20 count: 450000
rank: 20 count: 460000
rank: 20 count: 470000
rank: 20 count: 480000
rank: 20 count: 490000
rank: 20 count: 500000
rank: 20 count: 510000
rank: 20 count: 520000
rank: 20 count: 530000
rank: 20 count: 540000
rank: 20 count: 550000
rank: 20 count: 560000
rank: 20 count: 570000
rank: 20 count: 580000
rank: 20 count: 590000
rank: 20 count: 600000
rank: 20 count: 610000
rank: 20 count: 620000
rank: 20 count: 630000
rank: 20 count: 640000
rank: 20 count: 650000
rank: 20 count: 660000
rank: 20 count: 670000
rank: 20 count: 680000
rank: 20 count: 690000
rank: 20 count: 700000
(700000, 16)
(700000, 2)
rank: 16 count: 450000
rank: 16 count: 460000
rank: 16 count: 470000
rank: 16 count: 480000
rank: 16 count: 490000
rank: 16 count: 500000
rank: 16 count: 510000
rank: 16 count: 520000
rank: 16 count: 530000
rank: 16 count: 540000
rank: 16 count: 550000
rank: 16 count: 560000
rank: 16 count: 570000
rank: 16 count: 580000
rank: 16 count: 590000
rank: 16 count: 600000
rank: 16 count: 610000
rank: 16 count: 620000
rank: 16 count: 630000
rank: 16 count: 640000
rank: 16 count: 650000
rank: 16 count: 660000
rank: 16 count: 670000
rank: 16 count: 680000
rank: 16 count: 690000
rank: 16 count: 700000
(700000, 16)
(700000, 2)
rank: 5 count: 470000
rank: 5 count: 480000
rank: 5 count: 490000
rank: 5 count: 500000
rank: 5 count: 510000
rank: 5 count: 520000
rank: 5 count: 530000
rank: 5 count: 540000
rank: 5 count: 550000
rank: 5 count: 560000
rank: 5 count: 570000
rank: 5 count: 580000
rank: 5 count: 590000
rank: 5 count: 600000
rank: 5 count: 610000
rank: 5 count: 620000
rank: 5 count: 630000
rank: 5 count: 640000
rank: 5 count: 650000
rank: 5 count: 660000
rank: 5 count: 670000
rank: 5 count: 680000
rank: 5 count: 690000
rank: 5 count: 700000
(700000, 16)
(700000, 2)
rank: 15 count: 10000
rank: 15 count: 20000
rank: 15 count: 30000
rank: 15 count: 40000
rank: 15 count: 50000
rank: 15 count: 60000
rank: 15 count: 70000
rank: 15 count: 80000
rank: 15 count: 90000
rank: 15 count: 100000
rank: 15 count: 110000
rank: 15 count: 120000
rank: 15 count: 130000
rank: 15 count: 140000
rank: 15 count: 150000
rank: 15 count: 160000
rank: 15 count: 170000
rank: 15 count: 180000
rank: 15 count: 190000
rank: 15 count: 200000
rank: 15 count: 210000
rank: 15 count: 220000
rank: 15 count: 230000
rank: 15 count: 240000
rank: 15 count: 250000
rank: 15 count: 260000
rank: 15 count: 270000
rank: 15 count: 280000
rank: 15 count: 290000
rank: 15 count: 300000
rank: 15 count: 310000
rank: 15 count: 320000
rank: 15 count: 330000
rank: 15 count: 340000
rank: 15 count: 350000
rank: 15 count: 360000
rank: 15 count: 370000
rank: 15 count: 380000
rank: 15 count: 390000
rank: 15 count: 400000
rank: 15 count: 410000
rank: 15 count: 420000
rank: 15 count: 430000
rank: 15 count: 440000
rank: 15 count: 450000
rank: 15 count: 460000
rank: 15 count: 470000
rank: 15 count: 480000
rank: 15 count: 490000
rank: 15 count: 500000
rank: 15 count: 510000
rank: 15 count: 520000
rank: 15 count: 530000
rank: 15 count: 540000
rank: 15 count: 550000
rank: 15 count: 560000
rank: 15 count: 570000
rank: 15 count: 580000
rank: 15 count: 590000
rank: 15 count: 600000
rank: 15 count: 610000
rank: 15 count: 620000
rank: 15 count: 630000
rank: 15 count: 640000
rank: 15 count: 650000
rank: 15 count: 660000
rank: 15 count: 670000
rank: 15 count: 680000
rank: 15 count: 690000
rank: 15 count: 700000
(700000, 16)
(700000, 2)
rank: 13 count: 10000
rank: 13 count: 20000
rank: 13 count: 30000
rank: 13 count: 40000
rank: 13 count: 50000
rank: 13 count: 60000
rank: 13 count: 70000
rank: 13 count: 80000
rank: 13 count: 90000
rank: 13 count: 100000
rank: 13 count: 110000
rank: 13 count: 120000
rank: 13 count: 130000
rank: 13 count: 140000
rank: 13 count: 150000
rank: 13 count: 160000
rank: 13 count: 170000
rank: 13 count: 180000
rank: 13 count: 190000
rank: 13 count: 200000
rank: 13 count: 210000
rank: 13 count: 220000
rank: 13 count: 230000
rank: 13 count: 240000
rank: 13 count: 250000
rank: 13 count: 260000
rank: 13 count: 270000
rank: 13 count: 280000
rank: 13 count: 290000
rank: 13 count: 300000
rank: 13 count: 310000
rank: 13 count: 320000
rank: 13 count: 330000
rank: 13 count: 340000
rank: 13 count: 350000
rank: 13 count: 360000
rank: 13 count: 370000
rank: 13 count: 380000
rank: 13 count: 390000
rank: 13 count: 400000
rank: 13 count: 410000
rank: 13 count: 420000
rank: 13 count: 430000
rank: 13 count: 440000
rank: 13 count: 450000
rank: 13 count: 460000
rank: 13 count: 470000
rank: 13 count: 480000
rank: 13 count: 490000
rank: 13 count: 500000
rank: 13 count: 510000
rank: 13 count: 520000
rank: 13 count: 530000
rank: 13 count: 540000
rank: 13 count: 550000
rank: 13 count: 560000
rank: 13 count: 570000
rank: 13 count: 580000
rank: 13 count: 590000
rank: 13 count: 600000
rank: 13 count: 610000
rank: 13 count: 620000
rank: 13 count: 630000
rank: 13 count: 640000
rank: 13 count: 650000
rank: 13 count: 660000
rank: 13 count: 670000
rank: 13 count: 680000
rank: 13 count: 690000
rank: 13 count: 700000
(700000, 16)
(700000, 2)
rank: 3 count: 10000
rank: 3 count: 20000
rank: 3 count: 30000
rank: 3 count: 40000
rank: 3 count: 50000
rank: 3 count: 60000
rank: 3 count: 70000
rank: 3 count: 80000
rank: 3 count: 90000
rank: 3 count: 100000
rank: 3 count: 110000
rank: 3 count: 120000
rank: 3 count: 130000
rank: 3 count: 140000
rank: 3 count: 150000
rank: 3 count: 160000
rank: 3 count: 170000
rank: 3 count: 180000
rank: 3 count: 190000
rank: 3 count: 200000
rank: 3 count: 210000
rank: 3 count: 220000
rank: 3 count: 230000
rank: 3 count: 240000
rank: 3 count: 250000
rank: 3 count: 260000
rank: 3 count: 270000
rank: 3 count: 280000
rank: 3 count: 290000
rank: 3 count: 300000
rank: 3 count: 310000
rank: 3 count: 320000
rank: 3 count: 330000
rank: 3 count: 340000
rank: 3 count: 350000
rank: 3 count: 360000
rank: 3 count: 370000
rank: 3 count: 380000
rank: 3 count: 390000
rank: 3 count: 400000
rank: 3 count: 410000
rank: 3 count: 420000
rank: 3 count: 430000
rank: 3 count: 440000
rank: 3 count: 450000
rank: 3 count: 460000
rank: 24 count: 10000
rank: 24 count: 20000
rank: 24 count: 30000
rank: 24 count: 40000
rank: 24 count: 50000
rank: 24 count: 60000
rank: 24 count: 70000
rank: 24 count: 80000
rank: 24 count: 90000
rank: 24 count: 100000
rank: 24 count: 110000
rank: 24 count: 120000
rank: 24 count: 130000
rank: 24 count: 140000
rank: 24 count: 150000
rank: 24 count: 160000
rank: 24 count: 170000
rank: 24 count: 180000
rank: 24 count: 190000
rank: 24 count: 200000
rank: 24 count: 210000
rank: 24 count: 220000
rank: 24 count: 230000
rank: 24 count: 240000
rank: 24 count: 250000
rank: 24 count: 260000
rank: 24 count: 270000
rank: 24 count: 280000
rank: 24 count: 290000
rank: 24 count: 300000
rank: 24 count: 310000
rank: 24 count: 320000
rank: 24 count: 330000
rank: 24 count: 340000
rank: 24 count: 350000
rank: 24 count: 360000
rank: 24 count: 370000
rank: 24 count: 380000
rank: 24 count: 390000
rank: 24 count: 400000
rank: 24 count: 410000
rank: 24 count: 420000
rank: 24 count: 430000
rank: 24 count: 440000
rank: 3 count: 470000
rank: 3 count: 480000
rank: 3 count: 490000
rank: 3 count: 500000
rank: 3 count: 510000
rank: 3 count: 520000
rank: 3 count: 530000
rank: 3 count: 540000
rank: 3 count: 550000
rank: 3 count: 560000
rank: 3 count: 570000
rank: 3 count: 580000
rank: 3 count: 590000
rank: 3 count: 600000
rank: 3 count: 610000
rank: 3 count: 620000
rank: 3 count: 630000
rank: 3 count: 640000
rank: 3 count: 650000
rank: 3 count: 660000
rank: 3 count: 670000
rank: 3 count: 680000
rank: 3 count: 690000
rank: 3 count: 700000
(700000, 16)
(700000, 2)
rank: 24 count: 450000
rank: 24 count: 460000
rank: 24 count: 470000
rank: 24 count: 480000
rank: 24 count: 490000
rank: 24 count: 500000
rank: 24 count: 510000
rank: 24 count: 520000
rank: 24 count: 530000
rank: 24 count: 540000
rank: 24 count: 550000
rank: 24 count: 560000
rank: 24 count: 570000
rank: 24 count: 580000
rank: 24 count: 590000
rank: 24 count: 600000
rank: 24 count: 610000
rank: 24 count: 620000
rank: 24 count: 630000
rank: 24 count: 640000
rank: 24 count: 650000
rank: 24 count: 660000
rank: 24 count: 670000
rank: 24 count: 680000
rank: 24 count: 690000
rank: 24 count: 700000
(700000, 16)
(700000, 2)
rank: 22 count: 10000
rank: 22 count: 20000
rank: 22 count: 30000
rank: 22 count: 40000
rank: 22 count: 50000
rank: 22 count: 60000
rank: 22 count: 70000
rank: 22 count: 80000
rank: 22 count: 90000
rank: 22 count: 100000
rank: 22 count: 110000
rank: 22 count: 120000
rank: 22 count: 130000
rank: 22 count: 140000
rank: 22 count: 150000
rank: 22 count: 160000
rank: 22 count: 170000
rank: 22 count: 180000
rank: 22 count: 190000
rank: 22 count: 200000
rank: 22 count: 210000
rank: 22 count: 220000
rank: 22 count: 230000
rank: 22 count: 240000
rank: 22 count: 250000
rank: 22 count: 260000
rank: 22 count: 270000
rank: 22 count: 280000
rank: 22 count: 290000
rank: 22 count: 300000
rank: 22 count: 310000
rank: 22 count: 320000
rank: 22 count: 330000
rank: 22 count: 340000
rank: 22 count: 350000
rank: 22 count: 360000
rank: 22 count: 370000
rank: 22 count: 380000
rank: 22 count: 390000
rank: 22 count: 400000
rank: 22 count: 410000
rank: 22 count: 420000
rank: 22 count: 430000
rank: 22 count: 440000
rank: 22 count: 450000
rank: 22 count: 460000
rank: 22 count: 470000
rank: 22 count: 480000
rank: 22 count: 490000
rank: 22 count: 500000
rank: 22 count: 510000
rank: 22 count: 520000
rank: 22 count: 530000
rank: 22 count: 540000
rank: 22 count: 550000
rank: 22 count: 560000
rank: 22 count: 570000
rank: 22 count: 580000
rank: 22 count: 590000
rank: 22 count: 600000
rank: 22 count: 610000
rank: 22 count: 620000
rank: 22 count: 630000
rank: 22 count: 640000
rank: 22 count: 650000
rank: 22 count: 660000
rank: 22 count: 670000
rank: 22 count: 680000
rank: 22 count: 690000
rank: 22 count: 700000
(700000, 16)
(700000, 2)
rank: 25 count: 10000
rank: 25 count: 20000
rank: 25 count: 30000
rank: 25 count: 40000
rank: 25 count: 50000
rank: 25 count: 60000
rank: 25 count: 70000
rank: 25 count: 80000
rank: 25 count: 90000
rank: 25 count: 100000
rank: 25 count: 110000
rank: 25 count: 120000
rank: 25 count: 130000
rank: 25 count: 140000
rank: 25 count: 150000
rank: 25 count: 160000
rank: 25 count: 170000
rank: 25 count: 180000
rank: 25 count: 190000
rank: 25 count: 200000
rank: 25 count: 210000
rank: 25 count: 220000
rank: 25 count: 230000
rank: 25 count: 240000
rank: 25 count: 250000
rank: 25 count: 260000
rank: 25 count: 270000
rank: 25 count: 280000
rank: 25 count: 290000
rank: 25 count: 300000
rank: 25 count: 310000
rank: 25 count: 320000
rank: 25 count: 330000
rank: 25 count: 340000
rank: 25 count: 350000
rank: 25 count: 360000
rank: 25 count: 370000
rank: 25 count: 380000
rank: 25 count: 390000
rank: 25 count: 400000
rank: 25 count: 410000
rank: 25 count: 420000
rank: 25 count: 430000
rank: 25 count: 440000
rank: 25 count: 450000
rank: 25 count: 460000
rank: 25 count: 470000
rank: 25 count: 480000
rank: 25 count: 490000
rank: 25 count: 500000
rank: 25 count: 510000
rank: 25 count: 520000
rank: 25 count: 530000
rank: 25 count: 540000
rank: 25 count: 550000
rank: 25 count: 560000
rank: 25 count: 570000
rank: 25 count: 580000
rank: 25 count: 590000
rank: 25 count: 600000
rank: 25 count: 610000
rank: 25 count: 620000
rank: 25 count: 630000
rank: 25 count: 640000
rank: 25 count: 650000
rank: 25 count: 660000
rank: 25 count: 670000
rank: 25 count: 680000
rank: 25 count: 690000
rank: 25 count: 700000
(700000, 16)
(700000, 2)
rank: 27 count: 10000
rank: 27 count: 20000
rank: 27 count: 30000
rank: 27 count: 40000
rank: 27 count: 50000
rank: 27 count: 60000
rank: 27 count: 70000
rank: 27 count: 80000
rank: 27 count: 90000
rank: 27 count: 100000
rank: 27 count: 110000
rank: 27 count: 120000
rank: 27 count: 130000
rank: 27 count: 140000
rank: 27 count: 150000
rank: 27 count: 160000
rank: 27 count: 170000
rank: 27 count: 180000
rank: 27 count: 190000
rank: 27 count: 200000
rank: 27 count: 210000
rank: 27 count: 220000
rank: 27 count: 230000
rank: 27 count: 240000
rank: 27 count: 250000
rank: 27 count: 260000
rank: 27 count: 270000
rank: 27 count: 280000
rank: 27 count: 290000
rank: 27 count: 300000
rank: 27 count: 310000
rank: 27 count: 320000
rank: 27 count: 330000
rank: 27 count: 340000
rank: 27 count: 350000
rank: 27 count: 360000
rank: 27 count: 370000
rank: 27 count: 380000
rank: 27 count: 390000
rank: 27 count: 400000
rank: 27 count: 410000
rank: 27 count: 420000
rank: 27 count: 430000
rank: 27 count: 440000
rank: 27 count: 450000
rank: 27 count: 460000
rank: 27 count: 470000
rank: 27 count: 480000
rank: 27 count: 490000
rank: 27 count: 500000
rank: 27 count: 510000
rank: 27 count: 520000
rank: 27 count: 530000
rank: 27 count: 540000
rank: 27 count: 550000
rank: 27 count: 560000
rank: 27 count: 570000
rank: 27 count: 580000
rank: 27 count: 590000
rank: 27 count: 600000
rank: 27 count: 610000
rank: 27 count: 620000
rank: 27 count: 630000
rank: 27 count: 640000
rank: 27 count: 650000
rank: 27 count: 660000
rank: 27 count: 670000
rank: 27 count: 680000
rank: 27 count: 690000
rank: 27 count: 700000
(700000, 16)
(700000, 2)
rank: 8 count: 10000
rank: 8 count: 20000
rank: 8 count: 30000
rank: 8 count: 40000
rank: 8 count: 50000
rank: 8 count: 60000
rank: 8 count: 70000
rank: 8 count: 80000
rank: 8 count: 90000
rank: 8 count: 100000
rank: 8 count: 110000
rank: 8 count: 120000
rank: 8 count: 130000
rank: 8 count: 140000
rank: 8 count: 150000
rank: 8 count: 160000
rank: 8 count: 170000
rank: 8 count: 180000
rank: 8 count: 190000
rank: 8 count: 200000
rank: 8 count: 210000
rank: 8 count: 220000
rank: 8 count: 230000
rank: 8 count: 240000
rank: 8 count: 250000
rank: 8 count: 260000
rank: 8 count: 270000
rank: 8 count: 280000
rank: 8 count: 290000
rank: 8 count: 300000
rank: 8 count: 310000
rank: 8 count: 320000
rank: 8 count: 330000
rank: 8 count: 340000
rank: 8 count: 350000
rank: 8 count: 360000
rank: 8 count: 370000
rank: 8 count: 380000
rank: 8 count: 390000
rank: 8 count: 400000
rank: 8 count: 410000
rank: 8 count: 420000
rank: 8 count: 430000
rank: 8 count: 440000
rank: 8 count: 450000
rank: 8 count: 460000
rank: 8 count: 470000
rank: 8 count: 480000
rank: 8 count: 490000
rank: 8 count: 500000
rank: 8 count: 510000
rank: 8 count: 520000
rank: 8 count: 530000
rank: 8 count: 540000
rank: 8 count: 550000
rank: 8 count: 560000
rank: 8 count: 570000
rank: 8 count: 580000
rank: 8 count: 590000
rank: 8 count: 600000
rank: 8 count: 610000
rank: 8 count: 620000
rank: 8 count: 630000
rank: 8 count: 640000
rank: 8 count: 650000
rank: 8 count: 660000
rank: 8 count: 670000
rank: 8 count: 680000
rank: 8 count: 690000
rank: 8 count: 700000
(700000, 16)
(700000, 2)
rank: 0 count: 10000
rank: 0 count: 20000
rank: 0 count: 30000
rank: 0 count: 40000
rank: 0 count: 50000
rank: 0 count: 60000
rank: 0 count: 70000
rank: 0 count: 80000
rank: 0 count: 90000
rank: 0 count: 100000
rank: 0 count: 110000
rank: 0 count: 120000
rank: 0 count: 130000
rank: 0 count: 140000
rank: 0 count: 150000
rank: 0 count: 160000
rank: 0 count: 170000
rank: 0 count: 180000
rank: 0 count: 190000
rank: 0 count: 200000
rank: 0 count: 210000
rank: 0 count: 220000
rank: 0 count: 230000
rank: 0 count: 240000
rank: 0 count: 250000
rank: 0 count: 260000
rank: 0 count: 270000
rank: 0 count: 280000
rank: 0 count: 290000
rank: 0 count: 300000
rank: 0 count: 310000
rank: 0 count: 320000
rank: 0 count: 330000
rank: 0 count: 340000
rank: 0 count: 350000
rank: 0 count: 360000
rank: 0 count: 370000
rank: 0 count: 380000
rank: 0 count: 390000
rank: 0 count: 400000
rank: 0 count: 410000
rank: 0 count: 420000
rank: 0 count: 430000
rank: 0 count: 440000
rank: 0 count: 450000
rank: 0 count: 460000
rank: 0 count: 470000
rank: 0 count: 480000
rank: 0 count: 490000
rank: 0 count: 500000
rank: 0 count: 510000
rank: 0 count: 520000
rank: 0 count: 530000
rank: 0 count: 540000
rank: 0 count: 550000
rank: 0 count: 560000
rank: 0 count: 570000
rank: 0 count: 580000
rank: 0 count: 590000
rank: 0 count: 600000
rank: 0 count: 610000
rank: 0 count: 620000
rank: 0 count: 630000
rank: 0 count: 640000
rank: 0 count: 650000
rank: 0 count: 660000
rank: 0 count: 670000
rank: 0 count: 680000
rank: 0 count: 690000
rank: 0 count: 700000
(700000, 16)
(700000, 2)
Total time was: 23.199822902679443
Scatter time: 6.295527219772339
All reduce time: 0.9946258068084717
  (0) 2.7887160778045654
  (1) 2.1846020221710205
  (2) 2.161885976791382
  (3) 2.160309076309204
  (4) 2.190788984298706
  (5) 2.2067151069641113
  (6) 2.187469005584717
  (7) 2.240562915802002
  (8) 2.780744791030884
  (9) 2.2980198860168457

