rank: 3 count: 10000
rank: 3 count: 20000
rank: 3 count: 30000
rank: 3 count: 40000
rank: 3 count: 50000
rank: 3 count: 60000
rank: 3 count: 70000
rank: 3 count: 80000
rank: 3 count: 90000
rank: 3 count: 100000
rank: 3 count: 110000
rank: 3 count: 120000
rank: 3 count: 130000
rank: 3 count: 140000
rank: 3 count: 150000
rank: 3 count: 160000
rank: 3 count: 170000
rank: 3 count: 180000
rank: 3 count: 190000
rank: 3 count: 200000
rank: 3 count: 210000
rank: 3 count: 220000
rank: 3 count: 230000
rank: 3 count: 240000
rank: 3 count: 250000
rank: 3 count: 260000
rank: 3 count: 270000
rank: 3 count: 280000
rank: 3 count: 290000
rank: 3 count: 300000
rank: 3 count: 310000
rank: 3 count: 320000
rank: 3 count: 330000
rank: 3 count: 340000
rank: 3 count: 350000
rank: 3 count: 360000
rank: 3 count: 370000
rank: 3 count: 380000
rank: 3 count: 390000
rank: 3 count: 400000
rank: 3 count: 410000
rank: 3 count: 420000
rank: 3 count: 430000
rank: 3 count: 440000
rank: 3 count: 450000
rank: 3 count: 460000
rank: 3 count: 470000
rank: 3 count: 480000
rank: 3 count: 490000
rank: 3 count: 500000
rank: 3 count: 510000
rank: 3 count: 520000
rank: 3 count: 530000
rank: 3 count: 540000
rank: 3 count: 550000
rank: 3 count: 560000
rank: 3 count: 570000
rank: 3 count: 580000
rank: 3 count: 590000
rank: 3 count: 600000
rank: 3 count: 610000
rank: 3 count: 620000
rank: 3 count: 630000
rank: 3 count: 640000
rank: 3 count: 650000
rank: 3 count: 660000
rank: 3 count: 670000
rank: 3 count: 680000
rank: 3 count: 690000
rank: 3 count: 700000
(700000, 16)
(700000, 2)
rank: 1 count: 10000
rank: 1 count: 20000
rank: 1 count: 30000
rank: 1 count: 40000
rank: 1 count: 50000
rank: 1 count: 60000
rank: 1 count: 70000
rank: 1 count: 80000
rank: 1 count: 90000
rank: 1 count: 100000
rank: 1 count: 110000
rank: 1 count: 120000
rank: 1 count: 130000
rank: 1 count: 140000
rank: 1 count: 150000
rank: 1 count: 160000
rank: 1 count: 170000
rank: 1 count: 180000
rank: 1 count: 190000
rank: 1 count: 200000
rank: 1 count: 210000
rank: 1 count: 220000
rank: 1 count: 230000
rank: 1 count: 240000
rank: 1 count: 250000
rank: 1 count: 260000
rank: 1 count: 270000
rank: 1 count: 280000
rank: 1 count: 290000
rank: 1 count: 300000
rank: 1 count: 310000
rank: 1 count: 320000
rank: 1 count: 330000
rank: 1 count: 340000
rank: 1 count: 350000
rank: 1 count: 360000
rank: 1 count: 370000
rank: 1 count: 380000
rank: 1 count: 390000
rank: 1 count: 400000
rank: 1 count: 410000
rank: 1 count: 420000
rank: 1 count: 430000
rank: 1 count: 440000
rank: 1 count: 450000
rank: 1 count: 460000
rank: 1 count: 470000
rank: 1 count: 480000
rank: 1 count: 490000
rank: 1 count: 500000
rank: 1 count: 510000
rank: 1 count: 520000
rank: 1 count: 530000
rank: 1 count: 540000
rank: 1 count: 550000
rank: 1 count: 560000
rank: 1 count: 570000
rank: 1 count: 580000
rank: 1 count: 590000
rank: 1 count: 600000
rank: 1 count: 610000
rank: 1 count: 620000
rank: 1 count: 630000
rank: 1 count: 640000
rank: 1 count: 650000
rank: 1 count: 660000
rank: 1 count: 670000
rank: 1 count: 680000
rank: 1 count: 690000
rank: 1 count: 700000
(700000, 16)
(700000, 2)
rank: 2 count: 10000
rank: 2 count: 20000
rank: 2 count: 30000
rank: 2 count: 40000
rank: 2 count: 50000
rank: 2 count: 60000
rank: 2 count: 70000
rank: 2 count: 80000
rank: 2 count: 90000
rank: 2 count: 100000
rank: 2 count: 110000
rank: 2 count: 120000
rank: 2 count: 130000
rank: 2 count: 140000
rank: 2 count: 150000
rank: 2 count: 160000
rank: 2 count: 170000
rank: 2 count: 180000
rank: 2 count: 190000
rank: 2 count: 200000
rank: 2 count: 210000
rank: 2 count: 220000
rank: 2 count: 230000
rank: 2 count: 240000
rank: 2 count: 250000
rank: 2 count: 260000
rank: 2 count: 270000
rank: 2 count: 280000
rank: 2 count: 290000
rank: 2 count: 300000
rank: 2 count: 310000
rank: 2 count: 320000
rank: 2 count: 330000
rank: 2 count: 340000
rank: 2 count: 350000
rank: 2 count: 360000
rank: 2 count: 370000
rank: 2 count: 380000
rank: 2 count: 390000
rank: 2 count: 400000
rank: 2 count: 410000
rank: 2 count: 420000
rank: 2 count: 430000
rank: 2 count: 440000
rank: 2 count: 450000
rank: 2 count: 460000
rank: 2 count: 470000
rank: 2 count: 480000
rank: 2 count: 490000
rank: 2 count: 500000
rank: 2 count: 510000
rank: 2 count: 520000
rank: 2 count: 530000
rank: 2 count: 540000
rank: 2 count: 550000
rank: 2 count: 560000
rank: 2 count: 570000
rank: 2 count: 580000
rank: 2 count: 590000
rank: 2 count: 600000
rank: 2 count: 610000
rank: 2 count: 620000
rank: 2 count: 630000
rank: 2 count: 640000
rank: 2 count: 650000
rank: 2 count: 660000
rank: 2 count: 670000
rank: 2 count: 680000
rank: 2 count: 690000
rank: 2 count: 700000
(700000, 16)
(700000, 2)
rank: 0 count: 10000
rank: 0 count: 20000
rank: 0 count: 30000
rank: 0 count: 40000
rank: 0 count: 50000
rank: 0 count: 60000
rank: 0 count: 70000
rank: 0 count: 80000
rank: 0 count: 90000
rank: 0 count: 100000
rank: 0 count: 110000
rank: 0 count: 120000
rank: 0 count: 130000
rank: 0 count: 140000
rank: 0 count: 150000
rank: 0 count: 160000
rank: 0 count: 170000
rank: 0 count: 180000
rank: 0 count: 190000
rank: 0 count: 200000
rank: 0 count: 210000
rank: 0 count: 220000
rank: 0 count: 230000
rank: 0 count: 240000
rank: 0 count: 250000
rank: 0 count: 260000
rank: 0 count: 270000
rank: 0 count: 280000
rank: 0 count: 290000
rank: 0 count: 300000
rank: 0 count: 310000
rank: 0 count: 320000
rank: 0 count: 330000
rank: 0 count: 340000
rank: 0 count: 350000
rank: 0 count: 360000
rank: 0 count: 370000
rank: 0 count: 380000
rank: 0 count: 390000
rank: 0 count: 400000
rank: 0 count: 410000
rank: 0 count: 420000
rank: 0 count: 430000
rank: 0 count: 440000
rank: 0 count: 450000
rank: 0 count: 460000
rank: 0 count: 470000
rank: 0 count: 480000
rank: 0 count: 490000
rank: 0 count: 500000
rank: 0 count: 510000
rank: 0 count: 520000
rank: 0 count: 530000
rank: 0 count: 540000
rank: 0 count: 550000
rank: 0 count: 560000
rank: 0 count: 570000
rank: 0 count: 580000
rank: 0 count: 590000
rank: 0 count: 600000
rank: 0 count: 610000
rank: 0 count: 620000
rank: 0 count: 630000
rank: 0 count: 640000
rank: 0 count: 650000
rank: 0 count: 660000
rank: 0 count: 670000
rank: 0 count: 680000
rank: 0 count: 690000
rank: 0 count: 700000
(700000, 16)
(700000, 2)
Total time was: 28.215785026550293
Scatter time: 8.746660470962524
All reduce time: 0.2569723129272461
  (0) 2.837864875793457
  (1) 2.8920748233795166
  (2) 2.615194797515869
  (3) 3.1773722171783447
  (4) 2.6261849403381348
  (5) 3.0505990982055664
  (6) 2.767771005630493
  (7) 2.7180280685424805
  (8) 2.7329299449920654
  (9) 2.797753095626831

