rank: 3 count: 10000
rank: 3 count: 20000
rank: 3 count: 30000
rank: 3 count: 40000
rank: 3 count: 50000
rank: 3 count: 60000
rank: 3 count: 70000
rank: 3 count: 80000
rank: 3 count: 90000
rank: 3 count: 100000
rank: 3 count: 110000
rank: 3 count: 120000
rank: 3 count: 130000
rank: 3 count: 140000
rank: 3 count: 150000
rank: 3 count: 160000
rank: 3 count: 170000
rank: 3 count: 180000
rank: 3 count: 190000
rank: 3 count: 200000
rank: 3 count: 210000
rank: 3 count: 220000
rank: 3 count: 230000
rank: 3 count: 240000
rank: 3 count: 250000
rank: 3 count: 260000
rank: 3 count: 270000
rank: 3 count: 280000
rank: 3 count: 290000
rank: 3 count: 300000
rank: 3 count: 310000
rank: 3 count: 320000
rank: 3 count: 330000
rank: 3 count: 340000
rank: 3 count: 350000
rank: 3 count: 360000
rank: 3 count: 370000
rank: 3 count: 380000
rank: 3 count: 390000
rank: 3 count: 400000
rank: 3 count: 410000
rank: 3 count: 420000
rank: 3 count: 430000
rank: 3 count: 440000
rank: 3 count: 450000
rank: 3 count: 460000
rank: 3 count: 470000
rank: 3 count: 480000
rank: 3 count: 490000
rank: 3 count: 500000
rank: 3 count: 510000
rank: 3 count: 520000
rank: 3 count: 530000
rank: 3 count: 540000
rank: 3 count: 550000
rank: 3 count: 560000
rank: 3 count: 570000
rank: 3 count: 580000
rank: 3 count: 590000
rank: 3 count: 600000
rank: 3 count: 610000
rank: 3 count: 620000
rank: 3 count: 630000
rank: 3 count: 640000
rank: 3 count: 650000
rank: 3 count: 660000
rank: 3 count: 670000
rank: 3 count: 680000
rank: 3 count: 690000
rank: 3 count: 700000
(700000, 16)
(700000, 2)
rank: 6 count: 10000
rank: 6 count: 20000
rank: 6 count: 30000
rank: 6 count: 40000
rank: 6 count: 50000
rank: 6 count: 60000
rank: 6 count: 70000
rank: 6 count: 80000
rank: 6 count: 90000
rank: 6 count: 100000
rank: 6 count: 110000
rank: 6 count: 120000
rank: 6 count: 130000
rank: 6 count: 140000
rank: 6 count: 150000
rank: 6 count: 160000
rank: 6 count: 170000
rank: 6 count: 180000
rank: 6 count: 190000
rank: 6 count: 200000
rank: 6 count: 210000
rank: 6 count: 220000
rank: 6 count: 230000
rank: 6 count: 240000
rank: 6 count: 250000
rank: 6 count: 260000
rank: 6 count: 270000
rank: 6 count: 280000
rank: 6 count: 290000
rank: 6 count: 300000
rank: 6 count: 310000
rank: 6 count: 320000
rank: 6 count: 330000
rank: 6 count: 340000
rank: 6 count: 350000
rank: 6 count: 360000
rank: 6 count: 370000
rank: 6 count: 380000
rank: 6 count: 390000
rank: 6 count: 400000
rank: 6 count: 410000
rank: 6 count: 420000
rank: 6 count: 430000
rank: 6 count: 440000
rank: 6 count: 450000
rank: 6 count: 460000
rank: 6 count: 470000
rank: 6 count: 480000
rank: 6 count: 490000
rank: 6 count: 500000
rank: 6 count: 510000
rank: 6 count: 520000
rank: 6 count: 530000
rank: 6 count: 540000
rank: 6 count: 550000
rank: 6 count: 560000
rank: 6 count: 570000
rank: 6 count: 580000
rank: 6 count: 590000
rank: 6 count: 600000
rank: 6 count: 610000
rank: 6 count: 620000
rank: 6 count: 630000
rank: 6 count: 640000
rank: 6 count: 650000
rank: 6 count: 660000
rank: 6 count: 670000
rank: 6 count: 680000
rank: 6 count: 690000
rank: 6 count: 700000
(700000, 16)
(700000, 2)
rank: 4 count: 10000
rank: 4 count: 20000
rank: 4 count: 30000
rank: 4 count: 40000
rank: 4 count: 50000
rank: 4 count: 60000
rank: 4 count: 70000
rank: 4 count: 80000
rank: 4 count: 90000
rank: 4 count: 100000
rank: 4 count: 110000
rank: 4 count: 120000
rank: 4 count: 130000
rank: 4 count: 140000
rank: 4 count: 150000
rank: 4 count: 160000
rank: 4 count: 170000
rank: 4 count: 180000
rank: 4 count: 190000
rank: 4 count: 200000
rank: 4 count: 210000
rank: 4 count: 220000
rank: 4 count: 230000
rank: 4 count: 240000
rank: 4 count: 250000
rank: 4 count: 260000
rank: 4 count: 270000
rank: 4 count: 280000
rank: 4 count: 290000
rank: 4 count: 300000
rank: 4 count: 310000
rank: 4 count: 320000
rank: 4 count: 330000
rank: 4 count: 340000
rank: 4 count: 350000
rank: 4 count: 360000
rank: 4 count: 370000
rank: 4 count: 380000
rank: 4 count: 390000
rank: 4 count: 400000
rank: 4 count: 410000
rank: 4 count: 420000
rank: 4 count: 430000
rank: 4 count: 440000
rank: 4 count: 450000
rank: 4 count: 460000
rank: 4 count: 470000
rank: 4 count: 480000
rank: 4 count: 490000
rank: 4 count: 500000
rank: 4 count: 510000
rank: 4 count: 520000
rank: 4 count: 530000
rank: 4 count: 540000
rank: 4 count: 550000
rank: 4 count: 560000
rank: 4 count: 570000
rank: 4 count: 580000
rank: 4 count: 590000
rank: 4 count: 600000
rank: 4 count: 610000
rank: 4 count: 620000
rank: 4 count: 630000
rank: 4 count: 640000
rank: 4 count: 650000
rank: 4 count: 660000
rank: 4 count: 670000
rank: 4 count: 680000
rank: 4 count: 690000
rank: 4 count: 700000
(700000, 16)
(700000, 2)
rank: 5 count: 10000
rank: 5 count: 20000
rank: 5 count: 30000
rank: 5 count: 40000
rank: 5 count: 50000
rank: 5 count: 60000
rank: 5 count: 70000
rank: 5 count: 80000
rank: 5 count: 90000
rank: 5 count: 100000
rank: 5 count: 110000
rank: 5 count: 120000
rank: 5 count: 130000
rank: 5 count: 140000
rank: 5 count: 150000
rank: 5 count: 160000
rank: 5 count: 170000
rank: 5 count: 180000
rank: 5 count: 190000
rank: 5 count: 200000
rank: 5 count: 210000
rank: 5 count: 220000
rank: 5 count: 230000
rank: 5 count: 240000
rank: 5 count: 250000
rank: 5 count: 260000
rank: 5 count: 270000
rank: 5 count: 280000
rank: 5 count: 290000
rank: 5 count: 300000
rank: 5 count: 310000
rank: 5 count: 320000
rank: 5 count: 330000
rank: 5 count: 340000
rank: 5 count: 350000
rank: 5 count: 360000
rank: 5 count: 370000
rank: 5 count: 380000
rank: 5 count: 390000
rank: 5 count: 400000
rank: 5 count: 410000
rank: 5 count: 420000
rank: 5 count: 430000
rank: 5 count: 440000
rank: 5 count: 450000
rank: 5 count: 460000
rank: 5 count: 470000
rank: 5 count: 480000
rank: 5 count: 490000
rank: 5 count: 500000
rank: 5 count: 510000
rank: 5 count: 520000
rank: 5 count: 530000
rank: 5 count: 540000
rank: 5 count: 550000
rank: 5 count: 560000
rank: 5 count: 570000
rank: 5 count: 580000
rank: 5 count: 590000
rank: 5 count: 600000
rank: 5 count: 610000
rank: 5 count: 620000
rank: 5 count: 630000
rank: 5 count: 640000
rank: 5 count: 650000
rank: 5 count: 660000
rank: 5 count: 670000
rank: 5 count: 680000
rank: 5 count: 690000
rank: 5 count: 700000
(700000, 16)
(700000, 2)
rank: 2 count: 10000
rank: 2 count: 20000
rank: 2 count: 30000
rank: 2 count: 40000
rank: 2 count: 50000
rank: 2 count: 60000
rank: 2 count: 70000
rank: 2 count: 80000
rank: 2 count: 90000
rank: 2 count: 100000
rank: 2 count: 110000
rank: 2 count: 120000
rank: 2 count: 130000
rank: 2 count: 140000
rank: 2 count: 150000
rank: 2 count: 160000
rank: 2 count: 170000
rank: 2 count: 180000
rank: 2 count: 190000
rank: 2 count: 200000
rank: 2 count: 210000
rank: 2 count: 220000
rank: 2 count: 230000
rank: 2 count: 240000
rank: 2 count: 250000
rank: 2 count: 260000
rank: 2 count: 270000
rank: 2 count: 280000
rank: 2 count: 290000
rank: 2 count: 300000
rank: 2 count: 310000
rank: 2 count: 320000
rank: 2 count: 330000
rank: 2 count: 340000
rank: 2 count: 350000
rank: 2 count: 360000
rank: 2 count: 370000
rank: 2 count: 380000
rank: 2 count: 390000
rank: 2 count: 400000
rank: 2 count: 410000
rank: 2 count: 420000
rank: 2 count: 430000
rank: 2 count: 440000
rank: 2 count: 450000
rank: 2 count: 460000
rank: 2 count: 470000
rank: 2 count: 480000
rank: 2 count: 490000
rank: 2 count: 500000
rank: 2 count: 510000
rank: 2 count: 520000
rank: 2 count: 530000
rank: 2 count: 540000
rank: 2 count: 550000
rank: 2 count: 560000
rank: 2 count: 570000
rank: 2 count: 580000
rank: 2 count: 590000
rank: 2 count: 600000
rank: 2 count: 610000
rank: 2 count: 620000
rank: 2 count: 630000
rank: 2 count: 640000
rank: 2 count: 650000
rank: 2 count: 660000
rank: 2 count: 670000
rank: 2 count: 680000
rank: 2 count: 690000
rank: 2 count: 700000
(700000, 16)
(700000, 2)
rank: 1 count: 10000
rank: 1 count: 20000
rank: 1 count: 30000
rank: 1 count: 40000
rank: 1 count: 50000
rank: 1 count: 60000
rank: 1 count: 70000
rank: 1 count: 80000
rank: 1 count: 90000
rank: 1 count: 100000
rank: 1 count: 110000
rank: 1 count: 120000
rank: 1 count: 130000
rank: 1 count: 140000
rank: 1 count: 150000
rank: 1 count: 160000
rank: 1 count: 170000
rank: 1 count: 180000
rank: 1 count: 190000
rank: 1 count: 200000
rank: 1 count: 210000
rank: 1 count: 220000
rank: 1 count: 230000
rank: 1 count: 240000
rank: 1 count: 250000
rank: 1 count: 260000
rank: 1 count: 270000
rank: 1 count: 280000
rank: 1 count: 290000
rank: 1 count: 300000
rank: 1 count: 310000
rank: 1 count: 320000
rank: 1 count: 330000
rank: 1 count: 340000
rank: 1 count: 350000
rank: 1 count: 360000
rank: 1 count: 370000
rank: 1 count: 380000
rank: 1 count: 390000
rank: 1 count: 400000
rank: 1 count: 410000
rank: 1 count: 420000
rank: 1 count: 430000
rank: 1 count: 440000
rank: 1 count: 450000
rank: 1 count: 460000
rank: 1 count: 470000
rank: 1 count: 480000
rank: 1 count: 490000
rank: 1 count: 500000
rank: 1 count: 510000
rank: 1 count: 520000
rank: 1 count: 530000
rank: 1 count: 540000
rank: 1 count: 550000
rank: 1 count: 560000
rank: 1 count: 570000
rank: 1 count: 580000
rank: 1 count: 590000
rank: 1 count: 600000
rank: 1 count: 610000
rank: 1 count: 620000
rank: 1 count: 630000
rank: 1 count: 640000
rank: 1 count: 650000
rank: 1 count: 660000
rank: 1 count: 670000
rank: 1 count: 680000
rank: 1 count: 690000
rank: 1 count: 700000
(700000, 16)
(700000, 2)
rank: 7 count: 10000
rank: 7 count: 20000
rank: 7 count: 30000
rank: 7 count: 40000
rank: 7 count: 50000
rank: 7 count: 60000
rank: 7 count: 70000
rank: 7 count: 80000
rank: 7 count: 90000
rank: 7 count: 100000
rank: 7 count: 110000
rank: 7 count: 120000
rank: 7 count: 130000
rank: 7 count: 140000
rank: 7 count: 150000
rank: 7 count: 160000
rank: 7 count: 170000
rank: 7 count: 180000
rank: 7 count: 190000
rank: 7 count: 200000
rank: 7 count: 210000
rank: 7 count: 220000
rank: 7 count: 230000
rank: 7 count: 240000
rank: 7 count: 250000
rank: 7 count: 260000
rank: 7 count: 270000
rank: 7 count: 280000
rank: 7 count: 290000
rank: 7 count: 300000
rank: 7 count: 310000
rank: 7 count: 320000
rank: 7 count: 330000
rank: 7 count: 340000
rank: 7 count: 350000
rank: 7 count: 360000
rank: 7 count: 370000
rank: 7 count: 380000
rank: 7 count: 390000
rank: 7 count: 400000
rank: 7 count: 410000
rank: 7 count: 420000
rank: 7 count: 430000
rank: 7 count: 440000
rank: 7 count: 450000
rank: 7 count: 460000
rank: 7 count: 470000
rank: 7 count: 480000
rank: 7 count: 490000
rank: 7 count: 500000
rank: 7 count: 510000
rank: 7 count: 520000
rank: 7 count: 530000
rank: 7 count: 540000
rank: 7 count: 550000
rank: 7 count: 560000
rank: 7 count: 570000
rank: 7 count: 580000
rank: 7 count: 590000
rank: 7 count: 600000
rank: 7 count: 610000
rank: 7 count: 620000
rank: 7 count: 630000
rank: 7 count: 640000
rank: 7 count: 650000
rank: 7 count: 660000
rank: 7 count: 670000
rank: 7 count: 680000
rank: 7 count: 690000
rank: 7 count: 700000
(700000, 16)
(700000, 2)
rank: 0 count: 10000
rank: 0 count: 20000
rank: 0 count: 30000
rank: 0 count: 40000
rank: 0 count: 50000
rank: 0 count: 60000
rank: 0 count: 70000
rank: 0 count: 80000
rank: 0 count: 90000
rank: 0 count: 100000
rank: 0 count: 110000
rank: 0 count: 120000
rank: 0 count: 130000
rank: 0 count: 140000
rank: 0 count: 150000
rank: 0 count: 160000
rank: 0 count: 170000
rank: 0 count: 180000
rank: 0 count: 190000
rank: 0 count: 200000
rank: 0 count: 210000
rank: 0 count: 220000
rank: 0 count: 230000
rank: 0 count: 240000
rank: 0 count: 250000
rank: 0 count: 260000
rank: 0 count: 270000
rank: 0 count: 280000
rank: 0 count: 290000
rank: 0 count: 300000
rank: 0 count: 310000
rank: 0 count: 320000
rank: 0 count: 330000
rank: 0 count: 340000
rank: 0 count: 350000
rank: 0 count: 360000
rank: 0 count: 370000
rank: 0 count: 380000
rank: 0 count: 390000
rank: 0 count: 400000
rank: 0 count: 410000
rank: 0 count: 420000
rank: 0 count: 430000
rank: 0 count: 440000
rank: 0 count: 450000
rank: 0 count: 460000
rank: 0 count: 470000
rank: 0 count: 480000
rank: 0 count: 490000
rank: 0 count: 500000
rank: 0 count: 510000
rank: 0 count: 520000
rank: 0 count: 530000
rank: 0 count: 540000
rank: 0 count: 550000
rank: 0 count: 560000
rank: 0 count: 570000
rank: 0 count: 580000
rank: 0 count: 590000
rank: 0 count: 600000
rank: 0 count: 610000
rank: 0 count: 620000
rank: 0 count: 630000
rank: 0 count: 640000
rank: 0 count: 650000
rank: 0 count: 660000
rank: 0 count: 670000
rank: 0 count: 680000
rank: 0 count: 690000
rank: 0 count: 700000
(700000, 16)
(700000, 2)
Total time was: 24.397434949874878
Scatter time: 5.825068712234497
All reduce time: 0.2556591033935547
  (0) 2.185662031173706
  (1) 2.4080100059509277
  (2) 2.5090138912200928
  (3) 2.4549710750579834
  (4) 2.4879651069641113
  (5) 2.489905834197998
  (6) 2.478389024734497
  (7) 2.4809489250183105
  (8) 2.456943988800049
  (9) 2.445611000061035

