configured to run:
 batch nodes 1
 model nodes 1
 type: batch
 dataset: medium
 epochs: 10
 mini batch size: 10000
 eta: 1e-08
 neurons: [32, 32]
Starting test...
 Fetching data...
 succesfully fetched the data.
  x_train shape: (1202, 4)
  y_train shape: (1202, 1)
  x_test shape: (301, 4)
  y_test shape: (301, 1)
 Creating the neural network...
  added layer | 4 -> 32
  added layer | 32 -> 32
  added output layer | 32 -> 1
  added loss layer
 Finished creating network.
 Beginning training the network...
starting epoch: 0
starting epoch: 1
starting epoch: 2
starting epoch: 3
starting epoch: 4
starting epoch: 5
starting epoch: 6
starting epoch: 7
starting epoch: 8
starting epoch: 9
Total time was: 0.19791603088378906
Scatter time: 0.019812822341918945
All reduce time: 0.006411314010620117
  (0) 0.15819597244262695
  (1) 0.004723072052001953
  (2) 0.004516124725341797
  (3) 0.004339933395385742
  (4) 0.0043680667877197266
  (5) 0.004307985305786133
  (6) 0.004361152648925781
  (7) 0.004287004470825195
  (8) 0.004385948181152344
  (9) 0.004373073577880859

Finished test
