(1503, 4)
(1503, 1)
(1503, 4)
(1503, 1)
(1503, 4)
(1503, 1)
(1503, 4)
(1503, 1)
(1503, 4)
(1503, 1)
(1503, 4)
(1503, 1)
(1503, 4)
(1503, 1)
(1503, 4)
(1503, 1)
(1503, 4)
(1503, 1)
(1503, 4)
(1503, 1)
(1503, 4)
(1503, 1)
(1503, 4)
(1503, 1)
(1503, 4)
(1503, 1)
(1503, 4)
(1503, 1)
(1503, 4)
(1503, 1)
(1503, 4)
(1503, 1)
Total time was: 0.2634999752044678
Scatter time: 0.030432939529418945
All reduce time: 0.07921051979064941
  (0) 0.16690683364868164
  (1) 0.009191036224365234
  (2) 0.009099006652832031
  (3) 0.014104843139648438
  (4) 0.012914896011352539
  (5) 0.009046077728271484
  (6) 0.011841058731079102
  (7) 0.009044885635375977
  (8) 0.00853109359741211
  (9) 0.012810945510864258

