starting epoch: 0
starting epoch: 1
starting epoch: 2
starting epoch: 3
starting epoch: 4
starting epoch: 5
starting epoch: 6
starting epoch: 7
starting epoch: 8
starting epoch: 9
configured to run:
 batch nodes 2
 model nodes 1
 type: batch
 dataset: medium
 epochs: 10
 mini batch size: 10000
 eta: 1e-08
 neurons: [32, 32]
Starting test...
 Fetching data...
 succesfully fetched the data.
  x_train shape: (1202, 4)
  y_train shape: (1202, 1)
  x_test shape: (301, 4)
  y_test shape: (301, 1)
 Creating the neural network...
  added layer | 4 -> 32
  added layer | 32 -> 32
  added output layer | 32 -> 1
  added loss layer
 Finished creating network.
 Beginning training the network...
starting epoch: 0
starting epoch: 1
starting epoch: 2
starting epoch: 3
starting epoch: 4
starting epoch: 5
starting epoch: 6
starting epoch: 7
starting epoch: 8
starting epoch: 9
Total time was: 0.23177599906921387
Scatter time: 0.04849576950073242
All reduce time: 0.03025984764099121
  (0) 0.1850450038909912
  (1) 0.009895801544189453
  (2) 0.004004001617431641
  (3) 0.003944873809814453
  (4) 0.006560087203979492
  (5) 0.006613969802856445
  (6) 0.0039288997650146484
  (7) 0.003909111022949219
  (8) 0.003931999206542969
  (9) 0.0038840770721435547

Finished test
