(1503, 4)
(1503, 1)
(1503, 4)
(1503, 1)
(1503, 4)
(1503, 1)
(1503, 4)
(1503, 1)
(1503, 4)
(1503, 1)
(1503, 4)
(1503, 1)
(1503, 4)
(1503, 1)
(1503, 4)
(1503, 1)
(1503, 4)
(1503, 1)
(1503, 4)
(1503, 1)
(1503, 4)
(1503, 1)
(1503, 4)
(1503, 1)
(1503, 4)
(1503, 1)
(1503, 4)
(1503, 1)
(1503, 4)
(1503, 1)
(1503, 4)
(1503, 1)
(1503, 4)
(1503, 1)
(1503, 4)
(1503, 1)
(1503, 4)
(1503, 1)
(1503, 4)
(1503, 1)
(1503, 4)
(1503, 1)
(1503, 4)
(1503, 1)
(1503, 4)
(1503, 1)
(1503, 4)
(1503, 1)
(1503, 4)
(1503, 1)
(1503, 4)
(1503, 1)
(1503, 4)
(1503, 1)
(1503, 4)
(1503, 1)
(1503, 4)
(1503, 1)
(1503, 4)
(1503, 1)
(1503, 4)
(1503, 1)
(1503, 4)
(1503, 1)
Total time was: 0.27812886238098145
Scatter time: 0.028512001037597656
All reduce time: 0.10837626457214355
  (0) 0.19792604446411133
  (1) 0.008742094039916992
  (2) 0.008445978164672852
  (3) 0.009523153305053711
  (4) 0.009399890899658203
  (5) 0.008558034896850586
  (6) 0.008416175842285156
  (7) 0.008661985397338867
  (8) 0.009497880935668945
  (9) 0.008949995040893555

