(1503, 4)
(1503, 1)
(1503, 4)
(1503, 1)
(1503, 4)
(1503, 1)
(1503, 4)
(1503, 1)
(1503, 4)
(1503, 1)
(1503, 4)
(1503, 1)
(1503, 4)
(1503, 1)
(1503, 4)
(1503, 1)
Total time was: 0.1930699348449707
Scatter time: 0.019394397735595703
All reduce time: 0.04037666320800781
  (0) 0.12499618530273438
  (1) 0.00814199447631836
  (2) 0.00762486457824707
  (3) 0.007523059844970703
  (4) 0.007327079772949219
  (5) 0.007485866546630859
  (6) 0.007843017578125
  (7) 0.00746917724609375
  (8) 0.007369041442871094
  (9) 0.00728297233581543

