loading data
(100000, 16)
(100000, 2)
Epoch 1/100 complete - loss: nan
Epoch 2/100 complete - loss: nan
Epoch 3/100 complete - loss: nan
Epoch 4/100 complete - loss: nan
Epoch 5/100 complete - loss: nan
Epoch 6/100 complete - loss: nan
Epoch 7/100 complete - loss: nan
Epoch 8/100 complete - loss: nan
Epoch 9/100 complete - loss: nan
Epoch 10/100 complete - loss: nan
Epoch 11/100 complete - loss: nan
Epoch 12/100 complete - loss: nan
Epoch 13/100 complete - loss: nan
Epoch 14/100 complete - loss: nan
Epoch 15/100 complete - loss: nan
Epoch 16/100 complete - loss: nan
Epoch 17/100 complete - loss: nan
Epoch 18/100 complete - loss: nan
Epoch 19/100 complete - loss: nan
Epoch 20/100 complete - loss: nan
Epoch 21/100 complete - loss: nan
Epoch 22/100 complete - loss: nan
Epoch 23/100 complete - loss: nan
Epoch 24/100 complete - loss: nan
Epoch 25/100 complete - loss: nan
Epoch 26/100 complete - loss: nan
Epoch 27/100 complete - loss: nan
Epoch 28/100 complete - loss: nan
Epoch 29/100 complete - loss: nan
Epoch 30/100 complete - loss: nan
Epoch 31/100 complete - loss: nan
Epoch 32/100 complete - loss: nan
Epoch 33/100 complete - loss: nan
Epoch 34/100 complete - loss: nan
Epoch 35/100 complete - loss: nan
Epoch 36/100 complete - loss: nan
Epoch 37/100 complete - loss: nan
Epoch 38/100 complete - loss: nan
Epoch 39/100 complete - loss: nan
Epoch 40/100 complete - loss: nan
Epoch 41/100 complete - loss: nan
Epoch 42/100 complete - loss: nan
Epoch 43/100 complete - loss: nan
Epoch 44/100 complete - loss: nan
Epoch 45/100 complete - loss: nan
Epoch 46/100 complete - loss: nan
Epoch 47/100 complete - loss: nan
Epoch 48/100 complete - loss: nan
Epoch 49/100 complete - loss: nan
Epoch 50/100 complete - loss: nan
Epoch 51/100 complete - loss: nan
Epoch 52/100 complete - loss: nan
Epoch 53/100 complete - loss: nan
Epoch 54/100 complete - loss: nan
Epoch 55/100 complete - loss: nan
Epoch 56/100 complete - loss: nan
Epoch 57/100 complete - loss: nan
Epoch 58/100 complete - loss: nan
Epoch 59/100 complete - loss: nan
Epoch 60/100 complete - loss: nan
Epoch 61/100 complete - loss: nan
Epoch 62/100 complete - loss: nan
Epoch 63/100 complete - loss: nan
Epoch 64/100 complete - loss: nan
Epoch 65/100 complete - loss: nan
Epoch 66/100 complete - loss: nan
Epoch 67/100 complete - loss: nan
Epoch 68/100 complete - loss: nan
Epoch 69/100 complete - loss: nan
Epoch 70/100 complete - loss: nan
Epoch 71/100 complete - loss: nan
Epoch 72/100 complete - loss: nan
Epoch 73/100 complete - loss: nan
Epoch 74/100 complete - loss: nan
Epoch 75/100 complete - loss: nan
Epoch 76/100 complete - loss: nan
Epoch 77/100 complete - loss: nan
Epoch 78/100 complete - loss: nan
Epoch 79/100 complete - loss: nan
Epoch 80/100 complete - loss: nan
Epoch 81/100 complete - loss: nan
Epoch 82/100 complete - loss: nan
Epoch 83/100 complete - loss: nan
Epoch 84/100 complete - loss: nan
Epoch 85/100 complete - loss: nan
Epoch 86/100 complete - loss: nan
Epoch 87/100 complete - loss: nan
Epoch 88/100 complete - loss: nan
Epoch 89/100 complete - loss: nan
Epoch 90/100 complete - loss: nan
Epoch 91/100 complete - loss: nan
Epoch 92/100 complete - loss: nan
Epoch 93/100 complete - loss: nan
Epoch 94/100 complete - loss: nan
Epoch 95/100 complete - loss: nan
Epoch 96/100 complete - loss: nan
Epoch 97/100 complete - loss: nan
Epoch 98/100 complete - loss: nan
Epoch 99/100 complete - loss: nan
Epoch 100/100 complete - loss: nan
Total time was: 214.15307021141052
   0    0.48623108863830566
   1    0.3770270347595215
   2    0.35561513900756836
   3    0.3431720733642578
   4    0.34695005416870117
   5    0.34147214889526367
   6    0.329334020614624
   7    0.32598400115966797
   8    0.3296678066253662
   9    0.3290560245513916
   10    0.32752394676208496
   11    0.32987308502197266
   12    0.32556891441345215
   13    0.3375358581542969
   14    0.3332219123840332
   15    0.3369901180267334
   16    0.3322780132293701
   17    0.3280000686645508
   18    0.32616186141967773
   19    0.32698798179626465
   20    0.3322131633758545
   21    0.3289179801940918
   22    0.3269529342651367
   23    0.3244311809539795
   24    0.3273799419403076
   25    0.32778096199035645
   26    0.32707715034484863
   27    0.3278050422668457
   28    0.32532501220703125
   29    0.3269040584564209
   30    0.32837414741516113
   31    0.3293120861053467
   32    0.3283119201660156
   33    0.3262019157409668
   34    0.32674193382263184
   35    0.33225417137145996
   36    0.33056116104125977
   37    0.3297760486602783
   38    0.32507991790771484
   39    0.32563114166259766
   40    0.32927393913269043
   41    0.33115601539611816
   42    0.33080601692199707
   43    0.3253209590911865
   44    0.3267941474914551
   45    0.3269951343536377
   46    0.32654905319213867
   47    0.32834410667419434
   48    0.3284430503845215
   49    0.3275468349456787
   50    0.3276181221008301
   51    0.32895493507385254
   52    0.3297748565673828
   53    0.3282129764556885
   54    0.3287060260772705
   55    0.32822513580322266
   56    0.32877516746520996
   57    0.32939696311950684
   58    0.3291189670562744
   59    0.33200979232788086
   60    0.3316650390625
   61    0.3294050693511963
   62    0.33140110969543457
   63    0.33156800270080566
   64    0.3284749984741211
   65    0.333604097366333
   66    0.3307960033416748
   67    0.3293948173522949
   68    0.32959508895874023
   69    0.32883596420288086
   70    0.3290729522705078
   71    0.32921886444091797
   72    0.33045101165771484
   73    0.328732967376709
   74    0.3301968574523926
   75    0.32932400703430176
   76    0.32951879501342773
   77    0.3305079936981201
   78    0.3301839828491211
   79    0.3319690227508545
   80    0.330456018447876
   81    0.3363490104675293
   82    0.3318948745727539
   83    0.3310868740081787
   84    0.32911014556884766
   85    0.33182406425476074
   86    0.3384740352630615
   87    0.3306081295013428
   88    0.33271288871765137
   89    0.3316829204559326
   90    0.33225202560424805
   91    0.3329598903656006
   92    0.33133411407470703
   93    0.33092188835144043
   94    0.33020496368408203
   95    0.33034205436706543
   96    0.3306560516357422
   97    0.3303351402282715
   98    0.3349919319152832
   99    0.33185601234436035

