loading data
(100000, 16)
(100000, 2)
loading data
(100000, 16)
(100000, 2)
loading data
(100000, 16)
(100000, 2)
loading data
(100000, 16)
(100000, 2)
loading data
(100000, 16)
(100000, 2)
loading data
(100000, 16)
(100000, 2)
loading data
(100000, 16)
(100000, 2)
loading data
(100000, 16)
(100000, 2)
loading data
(100000, 16)
(100000, 2)
loading data
(100000, 16)
(100000, 2)
loading data
(100000, 16)
(100000, 2)
loading data
(100000, 16)
(100000, 2)
loading data
(100000, 16)
(100000, 2)
loading data
(100000, 16)
(100000, 2)
loading data
(100000, 16)
(100000, 2)
loading data
(100000, 16)
(100000, 2)
loading data
(100000, 16)
(100000, 2)
loading data
(100000, 16)
(100000, 2)
loading data
(100000, 16)
(100000, 2)
loading data
(100000, 16)
(100000, 2)
loading data
(100000, 16)
(100000, 2)
loading data
(100000, 16)
(100000, 2)
loading data
(100000, 16)
(100000, 2)
loading data
(100000, 16)
(100000, 2)
loading data
(100000, 16)
(100000, 2)
loading data
(100000, 16)
(100000, 2)
loading data
(100000, 16)
(100000, 2)
loading data
(100000, 16)
(100000, 2)
loading data
(100000, 16)
(100000, 2)
loading data
(100000, 16)
(100000, 2)
loading data
(100000, 16)
(100000, 2)
loading data
(100000, 16)
(100000, 2)
Epoch 1/100 complete - loss: nan
Epoch 2/100 complete - loss: nan
Epoch 3/100 complete - loss: nan
Epoch 4/100 complete - loss: nan
Epoch 5/100 complete - loss: nan
Epoch 6/100 complete - loss: nan
Epoch 7/100 complete - loss: nan
Epoch 8/100 complete - loss: nan
Epoch 9/100 complete - loss: nan
Epoch 10/100 complete - loss: nan
Epoch 11/100 complete - loss: nan
Epoch 12/100 complete - loss: nan
Epoch 13/100 complete - loss: nan
Epoch 14/100 complete - loss: nan
Epoch 15/100 complete - loss: nan
Epoch 16/100 complete - loss: nan
Epoch 17/100 complete - loss: nan
Epoch 18/100 complete - loss: nan
Epoch 19/100 complete - loss: nan
Epoch 20/100 complete - loss: nan
Epoch 21/100 complete - loss: nan
Epoch 22/100 complete - loss: nan
Epoch 23/100 complete - loss: nan
Epoch 24/100 complete - loss: nan
Epoch 25/100 complete - loss: nan
Epoch 26/100 complete - loss: nan
Epoch 27/100 complete - loss: nan
Epoch 28/100 complete - loss: nan
Epoch 29/100 complete - loss: nan
Epoch 30/100 complete - loss: nan
Epoch 31/100 complete - loss: nan
Epoch 32/100 complete - loss: nan
Epoch 33/100 complete - loss: nan
Epoch 34/100 complete - loss: nan
Epoch 35/100 complete - loss: nan
Epoch 36/100 complete - loss: nan
Epoch 37/100 complete - loss: nan
Epoch 38/100 complete - loss: nan
Epoch 39/100 complete - loss: nan
Epoch 40/100 complete - loss: nan
Epoch 41/100 complete - loss: nan
Epoch 42/100 complete - loss: nan
Epoch 43/100 complete - loss: nan
Epoch 44/100 complete - loss: nan
Epoch 45/100 complete - loss: nan
Epoch 46/100 complete - loss: nan
Epoch 47/100 complete - loss: nan
Epoch 48/100 complete - loss: nan
Epoch 49/100 complete - loss: nan
Epoch 50/100 complete - loss: nan
Epoch 51/100 complete - loss: nan
Epoch 52/100 complete - loss: nan
Epoch 53/100 complete - loss: nan
Epoch 54/100 complete - loss: nan
Epoch 55/100 complete - loss: nan
Epoch 56/100 complete - loss: nan
Epoch 57/100 complete - loss: nan
Epoch 58/100 complete - loss: nan
Epoch 59/100 complete - loss: nan
Epoch 60/100 complete - loss: nan
Epoch 61/100 complete - loss: nan
Epoch 62/100 complete - loss: nan
Epoch 63/100 complete - loss: nan
Epoch 64/100 complete - loss: nan
Epoch 65/100 complete - loss: nan
Epoch 66/100 complete - loss: nan
Epoch 67/100 complete - loss: nan
Epoch 68/100 complete - loss: nan
Epoch 69/100 complete - loss: nan
Epoch 70/100 complete - loss: nan
Epoch 71/100 complete - loss: nan
Epoch 72/100 complete - loss: nan
Epoch 73/100 complete - loss: nan
Epoch 74/100 complete - loss: nan
Epoch 75/100 complete - loss: nan
Epoch 76/100 complete - loss: nan
Epoch 77/100 complete - loss: nan
Epoch 78/100 complete - loss: nan
Epoch 79/100 complete - loss: nan
Epoch 80/100 complete - loss: nan
Epoch 81/100 complete - loss: nan
Epoch 82/100 complete - loss: nan
Epoch 83/100 complete - loss: nan
Epoch 84/100 complete - loss: nan
Epoch 85/100 complete - loss: nan
Epoch 86/100 complete - loss: nan
Epoch 87/100 complete - loss: nan
Epoch 88/100 complete - loss: nan
Epoch 89/100 complete - loss: nan
Epoch 90/100 complete - loss: nan
Epoch 91/100 complete - loss: nan
Epoch 92/100 complete - loss: nan
Epoch 93/100 complete - loss: nan
Epoch 94/100 complete - loss: nan
Epoch 95/100 complete - loss: nan
Epoch 96/100 complete - loss: nan
Epoch 97/100 complete - loss: nan
Epoch 98/100 complete - loss: nan
Epoch 99/100 complete - loss: nan
Epoch 100/100 complete - loss: nan
Total time was: 209.99180507659912
   0    0.3776671886444092
   1    0.27443504333496094
   2    0.23432588577270508
   3    0.23080205917358398
   4    0.2309589385986328
   5    0.23156309127807617
   6    0.24590206146240234
   7    0.23396706581115723
   8    0.248183012008667
   9    0.23970413208007812
   10    0.24898910522460938
   11    0.2323911190032959
   12    0.2483820915222168
   13    0.24962496757507324
   14    0.25078582763671875
   15    0.4035317897796631
   16    0.3100740909576416
   17    0.23218607902526855
   18    0.24890613555908203
   19    0.24921298027038574
   20    0.2302720546722412
   21    0.2481098175048828
   22    0.23364710807800293
   23    0.2484130859375
   24    0.2319011688232422
   25    0.2493441104888916
   26    0.2322249412536621
   27    0.24918007850646973
   28    0.23108696937561035
   29    0.24884605407714844
   30    0.23084092140197754
   31    0.23009204864501953
   32    0.22824311256408691
   33    0.2310478687286377
   34    0.23039793968200684
   35    0.24361014366149902
   36    0.23600196838378906
   37    0.23199892044067383
   38    0.23044300079345703
   39    0.2320859432220459
   40    0.2311420440673828
   41    0.23320794105529785
   42    0.22958707809448242
   43    0.23884797096252441
   44    0.23048996925354004
   45    0.23282718658447266
   46    0.2305159568786621
   47    0.23247003555297852
   48    0.23196697235107422
   49    0.23232102394104004
   50    0.23199796676635742
   51    0.2319471836090088
   52    0.230942964553833
   53    0.23317217826843262
   54    0.2304689884185791
   55    0.2316880226135254
   56    0.2307300567626953
   57    0.23294496536254883
   58    0.23076915740966797
   59    0.23325610160827637
   60    0.23185205459594727
   61    0.2328200340270996
   62    0.23466992378234863
   63    0.23281502723693848
   64    0.23247814178466797
   65    0.23317193984985352
   66    0.23277521133422852
   67    0.2329859733581543
   68    0.23421192169189453
   69    0.23333406448364258
   70    0.2306079864501953
   71    0.2336719036102295
   72    0.2311551570892334
   73    0.2341611385345459
   74    0.2305898666381836
   75    0.2339949607849121
   76    0.23142385482788086
   77    0.23389506340026855
   78    0.23125791549682617
   79    0.23239612579345703
   80    0.23134493827819824
   81    0.23291993141174316
   82    0.23139405250549316
   83    0.23372387886047363
   84    0.23145389556884766
   85    0.23246407508850098
   86    0.23171091079711914
   87    0.23372483253479004
   88    0.2362689971923828
   89    0.23382091522216797
   90    0.23308491706848145
   91    0.23435187339782715
   92    0.23304009437561035
   93    0.23396897315979004
   94    0.23426008224487305
   95    0.23560500144958496
   96    0.23283100128173828
   97    0.23617792129516602
   98    0.2324070930480957
   99    0.23388314247131348

