configured to run:
 batch nodes 1
 model nodes 16
 type: both
 dataset: medium
 epochs: 10
 mini batch size: 100
 eta: 1e-06
 neurons: [1024]
Starting test...
 Fetching data...
 succesfully fetched the data.
  x_train shape: (1202, 4)
  y_train shape: (1202, 1)
  x_test shape: (301, 4)
  y_test shape: (301, 1)
 Creating the neural network...
  added layer | 4 -> 64
  added output layer | 64 -> 1
  added loss layer
 Finished creating network.
 Beginning training the network...
Epoch 1/10 complete, time: 0.1957840919494629
Epoch 2/10 complete, time: 0.04633688926696777
Epoch 3/10 complete, time: 0.03165602684020996
Epoch 4/10 complete, time: 0.03002190589904785
Epoch 5/10 complete, time: 0.03144407272338867
Epoch 6/10 complete, time: 0.027472972869873047
Epoch 7/10 complete, time: 0.02953505516052246
Epoch 8/10 complete, time: 0.02732992172241211
Epoch 9/10 complete, time: 0.028156042098999023
Epoch 10/10 complete, time: 0.03161501884460449
 Total time: 0.4794650077819824
Finished test
