configured to run:
 batch nodes 8
 model nodes 2
 type: both
 dataset: medium
 epochs: 10
 mini batch size: 100
 eta: 1e-06
 neurons: [32]
Starting test...
 Fetching data...
 succesfully fetched the data.
  x_train shape: (1202, 4)
  y_train shape: (1202, 1)
  x_test shape: (301, 4)
  y_test shape: (301, 1)
 Creating the neural network...
  added layer | 4 -> 32
  added output layer | 32 -> 1
  added loss layer
 Finished creating network.
 Beginning training the network...
Epoch 1/10 complete, time: 0.3738720417022705
Epoch 2/10 complete, time: 0.016766071319580078
Epoch 3/10 complete, time: 0.014161109924316406
Epoch 4/10 complete, time: 0.016537904739379883
Epoch 5/10 complete, time: 0.014921903610229492
Epoch 6/10 complete, time: 0.015098810195922852
Epoch 7/10 complete, time: 0.015995025634765625
Epoch 8/10 complete, time: 0.015167951583862305
Epoch 9/10 complete, time: 0.017547130584716797
Epoch 10/10 complete, time: 0.014698028564453125
 Total time: 0.5148730278015137
Finished test
