configured to run:
 batch nodes 4
 model nodes 4
 type: both
 dataset: medium
 epochs: 10
 mini batch size: 100
 eta: 1e-06
 neurons: [512]
Starting test...
 Fetching data...
 succesfully fetched the data.
  x_train shape: (1202, 4)
  y_train shape: (1202, 1)
  x_test shape: (301, 4)
  y_test shape: (301, 1)
 Creating the neural network...
  added layer | 4 -> 128
  added output layer | 128 -> 1
  added loss layer
 Finished creating network.
 Beginning training the network...
Epoch 1/10 complete, time: 1.390537977218628
Epoch 2/10 complete, time: 0.023513078689575195
Epoch 3/10 complete, time: 0.01896190643310547
Epoch 4/10 complete, time: 0.022944927215576172
Epoch 5/10 complete, time: 0.022695064544677734
Epoch 6/10 complete, time: 0.020273923873901367
Epoch 7/10 complete, time: 0.01952195167541504
Epoch 8/10 complete, time: 0.021199941635131836
Epoch 9/10 complete, time: 0.02378392219543457
Epoch 10/10 complete, time: 0.019224166870117188
 Total time: 1.5827748775482178
Finished test
