configured to run:
 batch nodes 2
 model nodes 8
 type: both
 dataset: medium
 epochs: 10
 mini batch size: 100
 eta: 1e-06
 neurons: [256]
Starting test...
 Fetching data...
 succesfully fetched the data.
  x_train shape: (1202, 4)
  y_train shape: (1202, 1)
  x_test shape: (301, 4)
  y_test shape: (301, 1)
 Creating the neural network...
  added layer | 4 -> 32
  added output layer | 32 -> 1
  added loss layer
 Finished creating network.
 Beginning training the network...
Epoch 1/10 complete, time: 0.1438000202178955
Epoch 2/10 complete, time: 0.020556926727294922
Epoch 3/10 complete, time: 0.01800704002380371
Epoch 4/10 complete, time: 0.0178070068359375
Epoch 5/10 complete, time: 0.017358064651489258
Epoch 6/10 complete, time: 0.017204999923706055
Epoch 7/10 complete, time: 0.016772031784057617
Epoch 8/10 complete, time: 0.017343997955322266
Epoch 9/10 complete, time: 0.01714181900024414
Epoch 10/10 complete, time: 0.017171144485473633
 Total time: 0.30329012870788574
Finished test
