configured to run:
 batch nodes 16
 model nodes 1
 type: both
 dataset: medium
 epochs: 10
 mini batch size: 100
 eta: 1e-06
 neurons: [512]
Starting test...
 Fetching data...
 succesfully fetched the data.
  x_train shape: (1202, 4)
  y_train shape: (1202, 1)
  x_test shape: (301, 4)
  y_test shape: (301, 1)
 Creating the neural network...
  added layer | 4 -> 512
  added output layer | 512 -> 1
  added loss layer
 Finished creating network.
 Beginning training the network...
Epoch 1/10 complete, time: 0.26674890518188477
Epoch 2/10 complete, time: 0.03459811210632324
Epoch 3/10 complete, time: 0.024306058883666992
Epoch 4/10 complete, time: 0.02390599250793457
Epoch 5/10 complete, time: 0.024296998977661133
Epoch 6/10 complete, time: 0.024345874786376953
Epoch 7/10 complete, time: 0.0235750675201416
Epoch 8/10 complete, time: 0.02370619773864746
Epoch 9/10 complete, time: 0.02834486961364746
Epoch 10/10 complete, time: 0.028399944305419922
 Total time: 0.5023319721221924
Finished test
