configured to run:
 batch nodes 16
 model nodes 1
 type: both
 dataset: medium
 epochs: 10
 mini batch size: 100
 eta: 1e-06
 neurons: [32]
Starting test...
 Fetching data...
 succesfully fetched the data.
  x_train shape: (1202, 4)
  y_train shape: (1202, 1)
  x_test shape: (301, 4)
  y_test shape: (301, 1)
 Creating the neural network...
  added layer | 4 -> 32
  added output layer | 32 -> 1
  added loss layer
 Finished creating network.
 Beginning training the network...
Epoch 1/10 complete, time: 0.5986249446868896
Epoch 2/10 complete, time: 0.01727294921875
Epoch 3/10 complete, time: 0.013712167739868164
Epoch 4/10 complete, time: 0.013514041900634766
Epoch 5/10 complete, time: 0.012958049774169922
Epoch 6/10 complete, time: 0.013437032699584961
Epoch 7/10 complete, time: 0.013509988784790039
Epoch 8/10 complete, time: 0.013561010360717773
Epoch 9/10 complete, time: 0.013742923736572266
Epoch 10/10 complete, time: 0.012675046920776367
 Total time: 0.7231121063232422
Finished test
