configured to run:
 batch nodes 8
 model nodes 2
 type: both
 dataset: medium
 epochs: 10
 mini batch size: 100
 eta: 1e-06
 neurons: [1024]
Starting test...
 Fetching data...
 succesfully fetched the data.
  x_train shape: (1202, 4)
  y_train shape: (1202, 1)
  x_test shape: (301, 4)
  y_test shape: (301, 1)
 Creating the neural network...
  added layer | 4 -> 1024
  added output layer | 1024 -> 1
  added loss layer
 Finished creating network.
 Beginning training the network...
Epoch 1/10 complete, time: 0.5031821727752686
Epoch 2/10 complete, time: 0.11195707321166992
Epoch 3/10 complete, time: 0.10360503196716309
Epoch 4/10 complete, time: 0.0969080924987793
Epoch 5/10 complete, time: 0.08341598510742188
Epoch 6/10 complete, time: 0.0846109390258789
Epoch 7/10 complete, time: 0.07686209678649902
Epoch 8/10 complete, time: 0.08940005302429199
Epoch 9/10 complete, time: 0.0926051139831543
Epoch 10/10 complete, time: 0.0996849536895752
 Total time: 1.3423488140106201
Finished test
