configured to run:
 batch nodes 2
 model nodes 8
 type: both
 dataset: medium
 epochs: 10
 mini batch size: 100
 eta: 1e-06
 neurons: [1024]
Starting test...
 Fetching data...
 succesfully fetched the data.
  x_train shape: (1202, 4)
  y_train shape: (1202, 1)
  x_test shape: (301, 4)
  y_test shape: (301, 1)
 Creating the neural network...
  added layer | 4 -> 128
  added output layer | 128 -> 1
  added loss layer
 Finished creating network.
 Beginning training the network...
Epoch 1/10 complete, time: 0.20854592323303223
Epoch 2/10 complete, time: 0.04000711441040039
Epoch 3/10 complete, time: 0.035470008850097656
Epoch 4/10 complete, time: 0.028408050537109375
Epoch 5/10 complete, time: 0.027853012084960938
Epoch 6/10 complete, time: 0.025988101959228516
Epoch 7/10 complete, time: 0.027000904083251953
Epoch 8/10 complete, time: 0.0295259952545166
Epoch 9/10 complete, time: 0.027240991592407227
Epoch 10/10 complete, time: 0.025943994522094727
 Total time: 0.47609686851501465
Finished test
