configured to run:
 batch nodes 4
 model nodes 4
 type: both
 dataset: medium
 epochs: 10
 mini batch size: 100
 eta: 1e-06
 neurons: [32]
Starting test...
 Fetching data...
 succesfully fetched the data.
  x_train shape: (1202, 4)
  y_train shape: (1202, 1)
  x_test shape: (301, 4)
  y_test shape: (301, 1)
 Creating the neural network...
  added layer | 4 -> 8
  added output layer | 8 -> 1
  added loss layer
 Finished creating network.
 Beginning training the network...
Epoch 1/10 complete, time: 0.14310288429260254
Epoch 2/10 complete, time: 0.014303922653198242
Epoch 3/10 complete, time: 0.01363515853881836
Epoch 4/10 complete, time: 0.013707876205444336
Epoch 5/10 complete, time: 0.01381993293762207
Epoch 6/10 complete, time: 0.013829946517944336
Epoch 7/10 complete, time: 0.013864994049072266
Epoch 8/10 complete, time: 0.014130830764770508
Epoch 9/10 complete, time: 0.013718128204345703
Epoch 10/10 complete, time: 0.013828039169311523
 Total time: 0.2680549621582031
Finished test
