configured to run:
 batch nodes 8
 model nodes 2
 type: both
 dataset: medium
 epochs: 10
 mini batch size: 100
 eta: 1e-06
 neurons: [64]
Starting test...
 Fetching data...
 succesfully fetched the data.
  x_train shape: (1202, 4)
  y_train shape: (1202, 1)
  x_test shape: (301, 4)
  y_test shape: (301, 1)
 Creating the neural network...
  added layer | 4 -> 64
  added output layer | 64 -> 1
  added loss layer
 Finished creating network.
 Beginning training the network...
Epoch 1/10 complete, time: 0.3033308982849121
Epoch 2/10 complete, time: 0.01873183250427246
Epoch 3/10 complete, time: 0.01597905158996582
Epoch 4/10 complete, time: 0.016026973724365234
Epoch 5/10 complete, time: 0.015279054641723633
Epoch 6/10 complete, time: 0.01748490333557129
Epoch 7/10 complete, time: 0.017792940139770508
Epoch 8/10 complete, time: 0.02263808250427246
Epoch 9/10 complete, time: 0.017962932586669922
Epoch 10/10 complete, time: 0.017879962921142578
 Total time: 0.4632449150085449
Finished test
