configured to run:
 batch nodes 1
 model nodes 16
 type: both
 dataset: medium
 epochs: 10
 mini batch size: 100
 eta: 1e-06
 neurons: [32]
Starting test...
 Fetching data...
 succesfully fetched the data.
  x_train shape: (1202, 4)
  y_train shape: (1202, 1)
  x_test shape: (301, 4)
  y_test shape: (301, 1)
 Creating the neural network...
  added layer | 4 -> 2
  added output layer | 2 -> 1
  added loss layer
 Finished creating network.
 Beginning training the network...
Epoch 1/10 complete, time: 0.1792750358581543
Epoch 2/10 complete, time: 0.01696014404296875
Epoch 3/10 complete, time: 0.01849079132080078
Epoch 4/10 complete, time: 0.016326189041137695
Epoch 5/10 complete, time: 0.016366958618164062
Epoch 6/10 complete, time: 0.016278982162475586
Epoch 7/10 complete, time: 0.016505002975463867
Epoch 8/10 complete, time: 0.01593804359436035
Epoch 9/10 complete, time: 0.017166852951049805
Epoch 10/10 complete, time: 0.016108036041259766
 Total time: 0.32953906059265137
Finished test
