configured to run:
 batch nodes 4
 model nodes 4
 type: both
 dataset: medium
 epochs: 10
 mini batch size: 100
 eta: 1e-06
 neurons: [1024]
Starting test...
 Fetching data...
 succesfully fetched the data.
  x_train shape: (1202, 4)
  y_train shape: (1202, 1)
  x_test shape: (301, 4)
  y_test shape: (301, 1)
 Creating the neural network...
  added layer | 4 -> 256
  added output layer | 256 -> 1
  added loss layer
 Finished creating network.
 Beginning training the network...
Epoch 1/10 complete, time: 0.20102500915527344
Epoch 2/10 complete, time: 0.032562971115112305
Epoch 3/10 complete, time: 0.03251791000366211
Epoch 4/10 complete, time: 0.02869415283203125
Epoch 5/10 complete, time: 0.027295827865600586
Epoch 6/10 complete, time: 0.029731035232543945
Epoch 7/10 complete, time: 0.02638411521911621
Epoch 8/10 complete, time: 0.02804422378540039
Epoch 9/10 complete, time: 0.026287078857421875
Epoch 10/10 complete, time: 0.026339054107666016
 Total time: 0.45899009704589844
Finished test
