configured to run:
 batch nodes 4
 model nodes 4
 type: both
 dataset: medium
 epochs: 10
 mini batch size: 100
 eta: 1e-06
 neurons: [256]
Starting test...
 Fetching data...
 succesfully fetched the data.
  x_train shape: (1202, 4)
  y_train shape: (1202, 1)
  x_test shape: (301, 4)
  y_test shape: (301, 1)
 Creating the neural network...
  added layer | 4 -> 64
  added output layer | 64 -> 1
  added loss layer
 Finished creating network.
 Beginning training the network...
Epoch 1/10 complete, time: 0.2063438892364502
Epoch 2/10 complete, time: 0.017848968505859375
Epoch 3/10 complete, time: 0.017034053802490234
Epoch 4/10 complete, time: 0.016629934310913086
Epoch 5/10 complete, time: 0.01708984375
Epoch 6/10 complete, time: 0.01764702796936035
Epoch 7/10 complete, time: 0.016939163208007812
Epoch 8/10 complete, time: 0.017771005630493164
Epoch 9/10 complete, time: 0.01759481430053711
Epoch 10/10 complete, time: 0.01710820198059082
 Total time: 0.3621361255645752
Finished test
