configured to run:
 batch nodes 8
 model nodes 2
 type: both
 dataset: medium
 epochs: 10
 mini batch size: 100
 eta: 1e-06
 neurons: [256]
Starting test...
 Fetching data...
 succesfully fetched the data.
  x_train shape: (1202, 4)
  y_train shape: (1202, 1)
  x_test shape: (301, 4)
  y_test shape: (301, 1)
 Creating the neural network...
  added layer | 4 -> 256
  added output layer | 256 -> 1
  added loss layer
 Finished creating network.
 Beginning training the network...
Epoch 1/10 complete, time: 0.3856649398803711
Epoch 2/10 complete, time: 0.044506072998046875
Epoch 3/10 complete, time: 0.03768610954284668
Epoch 4/10 complete, time: 0.032705068588256836
Epoch 5/10 complete, time: 0.026471853256225586
Epoch 6/10 complete, time: 0.032411813735961914
Epoch 7/10 complete, time: 0.04175114631652832
Epoch 8/10 complete, time: 0.03734898567199707
Epoch 9/10 complete, time: 0.027816057205200195
Epoch 10/10 complete, time: 0.02721691131591797
 Total time: 0.6936850547790527
Finished test
