configured to run:
 batch nodes 1
 model nodes 16
 type: both
 dataset: medium
 epochs: 10
 mini batch size: 100
 eta: 1e-06
 neurons: [128]
Starting test...
 Fetching data...
 succesfully fetched the data.
  x_train shape: (1202, 4)
  y_train shape: (1202, 1)
  x_test shape: (301, 4)
  y_test shape: (301, 1)
 Creating the neural network...
  added layer | 4 -> 8
  added output layer | 8 -> 1
  added loss layer
 Finished creating network.
 Beginning training the network...
Epoch 1/10 complete, time: 0.1948070526123047
Epoch 2/10 complete, time: 0.01954817771911621
Epoch 3/10 complete, time: 0.018706798553466797
Epoch 4/10 complete, time: 0.019984006881713867
Epoch 5/10 complete, time: 0.025599956512451172
Epoch 6/10 complete, time: 0.019382953643798828
Epoch 7/10 complete, time: 0.018619060516357422
Epoch 8/10 complete, time: 0.01753687858581543
Epoch 9/10 complete, time: 0.01744389533996582
Epoch 10/10 complete, time: 0.017290115356445312
 Total time: 0.369035005569458
Finished test
