configured to run:
 batch nodes 1
 model nodes 16
 type: both
 dataset: medium
 epochs: 10
 mini batch size: 100
 eta: 1e-06
 neurons: [256]
Starting test...
 Fetching data...
 succesfully fetched the data.
  x_train shape: (1202, 4)
  y_train shape: (1202, 1)
  x_test shape: (301, 4)
  y_test shape: (301, 1)
 Creating the neural network...
  added layer | 4 -> 16
  added output layer | 16 -> 1
  added loss layer
 Finished creating network.
 Beginning training the network...
Epoch 1/10 complete, time: 0.17642903327941895
Epoch 2/10 complete, time: 0.019104957580566406
Epoch 3/10 complete, time: 0.019948959350585938
Epoch 4/10 complete, time: 0.02070903778076172
Epoch 5/10 complete, time: 0.019859790802001953
Epoch 6/10 complete, time: 0.019688844680786133
Epoch 7/10 complete, time: 0.019428014755249023
Epoch 8/10 complete, time: 0.020021915435791016
Epoch 9/10 complete, time: 0.019390106201171875
Epoch 10/10 complete, time: 0.018903017044067383
 Total time: 0.35359621047973633
Finished test
