configured to run:
 batch nodes 16
 model nodes 1
 type: both
 dataset: medium
 epochs: 10
 mini batch size: 100
 eta: 1e-06
 neurons: [64]
Starting test...
 Fetching data...
 succesfully fetched the data.
  x_train shape: (1202, 4)
  y_train shape: (1202, 1)
  x_test shape: (301, 4)
  y_test shape: (301, 1)
 Creating the neural network...
  added layer | 4 -> 64
  added output layer | 64 -> 1
  added loss layer
 Finished creating network.
 Beginning training the network...
Epoch 1/10 complete, time: 0.5673909187316895
Epoch 2/10 complete, time: 0.014911890029907227
Epoch 3/10 complete, time: 0.013273000717163086
Epoch 4/10 complete, time: 0.013447999954223633
Epoch 5/10 complete, time: 0.013293981552124023
Epoch 6/10 complete, time: 0.013718128204345703
Epoch 7/10 complete, time: 0.013191938400268555
Epoch 8/10 complete, time: 0.013191938400268555
Epoch 9/10 complete, time: 0.013083934783935547
Epoch 10/10 complete, time: 0.013545989990234375
 Total time: 0.689154863357544
Finished test
