configured to run:
 batch nodes 8
 model nodes 2
 type: both
 dataset: medium
 epochs: 10
 mini batch size: 100
 eta: 1e-06
 neurons: [512]
Starting test...
 Fetching data...
 succesfully fetched the data.
  x_train shape: (1202, 4)
  y_train shape: (1202, 1)
  x_test shape: (301, 4)
  y_test shape: (301, 1)
 Creating the neural network...
  added layer | 4 -> 512
  added output layer | 512 -> 1
  added loss layer
 Finished creating network.
 Beginning training the network...
Epoch 1/10 complete, time: 0.8031790256500244
Epoch 2/10 complete, time: 0.04817986488342285
Epoch 3/10 complete, time: 0.043107032775878906
Epoch 4/10 complete, time: 0.04311704635620117
Epoch 5/10 complete, time: 0.03351402282714844
Epoch 6/10 complete, time: 0.049803972244262695
Epoch 7/10 complete, time: 0.08293700218200684
Epoch 8/10 complete, time: 0.14419293403625488
Epoch 9/10 complete, time: 0.07756996154785156
Epoch 10/10 complete, time: 0.04399895668029785
 Total time: 1.3697090148925781
Finished test
