configured to run:
 batch nodes 2
 model nodes 8
 type: both
 dataset: medium
 epochs: 10
 mini batch size: 100
 eta: 1e-06
 neurons: [64]
Starting test...
 Fetching data...
 succesfully fetched the data.
  x_train shape: (1202, 4)
  y_train shape: (1202, 1)
  x_test shape: (301, 4)
  y_test shape: (301, 1)
 Creating the neural network...
  added layer | 4 -> 8
  added output layer | 8 -> 1
  added loss layer
 Finished creating network.
 Beginning training the network...
Epoch 1/10 complete, time: 0.11290407180786133
Epoch 2/10 complete, time: 0.014462947845458984
Epoch 3/10 complete, time: 0.014420032501220703
Epoch 4/10 complete, time: 0.014801025390625
Epoch 5/10 complete, time: 0.014256954193115234
Epoch 6/10 complete, time: 0.015029191970825195
Epoch 7/10 complete, time: 0.01471090316772461
Epoch 8/10 complete, time: 0.018298864364624023
Epoch 9/10 complete, time: 0.015009164810180664
Epoch 10/10 complete, time: 0.014756917953491211
 Total time: 0.2487640380859375
Finished test
