configured to run:
 batch nodes 4
 model nodes 4
 type: both
 dataset: medium
 epochs: 10
 mini batch size: 100
 eta: 1e-06
 neurons: [128]
Starting test...
 Fetching data...
 succesfully fetched the data.
  x_train shape: (1202, 4)
  y_train shape: (1202, 1)
  x_test shape: (301, 4)
  y_test shape: (301, 1)
 Creating the neural network...
  added layer | 4 -> 32
  added output layer | 32 -> 1
  added loss layer
 Finished creating network.
 Beginning training the network...
Epoch 1/10 complete, time: 0.15309500694274902
Epoch 2/10 complete, time: 0.016571044921875
Epoch 3/10 complete, time: 0.015530824661254883
Epoch 4/10 complete, time: 0.015062093734741211
Epoch 5/10 complete, time: 0.015685081481933594
Epoch 6/10 complete, time: 0.015290975570678711
Epoch 7/10 complete, time: 0.015424966812133789
Epoch 8/10 complete, time: 0.01527714729309082
Epoch 9/10 complete, time: 0.014837026596069336
Epoch 10/10 complete, time: 0.01542210578918457
 Total time: 0.29230499267578125
Finished test
