configured to run:
 batch nodes 2
 model nodes 8
 type: both
 dataset: medium
 epochs: 10
 mini batch size: 100
 eta: 1e-06
 neurons: [32]
Starting test...
 Fetching data...
 succesfully fetched the data.
  x_train shape: (1202, 4)
  y_train shape: (1202, 1)
  x_test shape: (301, 4)
  y_test shape: (301, 1)
 Creating the neural network...
  added layer | 4 -> 4
  added output layer | 4 -> 1
  added loss layer
 Finished creating network.
 Beginning training the network...
Epoch 1/10 complete, time: 0.14342308044433594
Epoch 2/10 complete, time: 0.014045953750610352
Epoch 3/10 complete, time: 0.01398015022277832
Epoch 4/10 complete, time: 0.015635013580322266
Epoch 5/10 complete, time: 0.01455998420715332
Epoch 6/10 complete, time: 0.013898849487304688
Epoch 7/10 complete, time: 0.01394796371459961
Epoch 8/10 complete, time: 0.014923095703125
Epoch 9/10 complete, time: 0.016316890716552734
Epoch 10/10 complete, time: 0.015098094940185547
 Total time: 0.27593517303466797
Finished test
