configured to run:
 batch nodes 16
 model nodes 1
 type: both
 dataset: medium
 epochs: 10
 mini batch size: 100
 eta: 1e-06
 neurons: [128]
Starting test...
 Fetching data...
 succesfully fetched the data.
  x_train shape: (1202, 4)
  y_train shape: (1202, 1)
  x_test shape: (301, 4)
  y_test shape: (301, 1)
 Creating the neural network...
  added layer | 4 -> 128
  added output layer | 128 -> 1
  added loss layer
 Finished creating network.
 Beginning training the network...
Epoch 1/10 complete, time: 0.3276190757751465
Epoch 2/10 complete, time: 0.01570582389831543
Epoch 3/10 complete, time: 0.015494108200073242
Epoch 4/10 complete, time: 0.015506982803344727
Epoch 5/10 complete, time: 0.01512289047241211
Epoch 6/10 complete, time: 0.015391826629638672
Epoch 7/10 complete, time: 0.01564812660217285
Epoch 8/10 complete, time: 0.015585899353027344
Epoch 9/10 complete, time: 0.015655994415283203
Epoch 10/10 complete, time: 0.03223896026611328
 Total time: 0.48407506942749023
Finished test
