configured to run:
 batch nodes 1
 model nodes 1
 type: both
 dataset: medium
 epochs: 10
 mini batch size: 100
 eta: 1e-06
 neurons: [64]
Starting test...
 Fetching data...
 succesfully fetched the data.
  x_train shape: (1202, 4)
  y_train shape: (1202, 1)
  x_test shape: (301, 4)
  y_test shape: (301, 1)
 Creating the neural network...
  added layer | 4 -> 64
  added output layer | 64 -> 1
  added loss layer
 Finished creating network.
 Beginning training the network...
Epoch 1/10 complete, time: 0.08707904815673828
Epoch 2/10 complete, time: 0.02560591697692871
Epoch 3/10 complete, time: 0.025213003158569336
Epoch 4/10 complete, time: 0.025135040283203125
Epoch 5/10 complete, time: 0.025228023529052734
Epoch 6/10 complete, time: 0.025207042694091797
Epoch 7/10 complete, time: 0.025120973587036133
Epoch 8/10 complete, time: 0.025192975997924805
Epoch 9/10 complete, time: 0.025203943252563477
Epoch 10/10 complete, time: 0.02518010139465332
 Total time: 0.31427907943725586
Finished test
