configured to run:
 batch nodes 1
 model nodes 1
 type: both
 dataset: medium
 epochs: 10
 mini batch size: 100
 eta: 1e-06
 neurons: [1024]
Starting test...
 Fetching data...
 succesfully fetched the data.
  x_train shape: (1202, 4)
  y_train shape: (1202, 1)
  x_test shape: (301, 4)
  y_test shape: (301, 1)
 Creating the neural network...
  added layer | 4 -> 1024
  added output layer | 1024 -> 1
  added loss layer
 Finished creating network.
 Beginning training the network...
Epoch 1/10 complete, time: 0.49402809143066406
Epoch 2/10 complete, time: 0.3305540084838867
Epoch 3/10 complete, time: 0.32560110092163086
Epoch 4/10 complete, time: 0.33072900772094727
Epoch 5/10 complete, time: 0.32511305809020996
Epoch 6/10 complete, time: 0.32520413398742676
Epoch 7/10 complete, time: 0.3275730609893799
Epoch 8/10 complete, time: 0.32809996604919434
Epoch 9/10 complete, time: 0.32250189781188965
Epoch 10/10 complete, time: 0.3301510810852051
 Total time: 3.439707040786743
Finished test
