configured to run:
 batch nodes 1
 model nodes 1
 type: both
 dataset: medium
 epochs: 10
 mini batch size: 100
 eta: 1e-06
 neurons: [256]
Starting test...
 Fetching data...
 succesfully fetched the data.
  x_train shape: (1202, 4)
  y_train shape: (1202, 1)
  x_test shape: (301, 4)
  y_test shape: (301, 1)
 Creating the neural network...
  added layer | 4 -> 256
  added output layer | 256 -> 1
  added loss layer
 Finished creating network.
 Beginning training the network...
Epoch 1/10 complete, time: 0.1671581268310547
Epoch 2/10 complete, time: 0.0886850357055664
Epoch 3/10 complete, time: 0.1197209358215332
Epoch 4/10 complete, time: 0.08902692794799805
Epoch 5/10 complete, time: 0.08748602867126465
Epoch 6/10 complete, time: 0.09729290008544922
Epoch 7/10 complete, time: 0.0968630313873291
Epoch 8/10 complete, time: 0.08644509315490723
Epoch 9/10 complete, time: 0.0860750675201416
Epoch 10/10 complete, time: 0.08608603477478027
 Total time: 1.0049760341644287
Finished test
