configured to run:
 batch nodes 1
 model nodes 1
 type: both
 dataset: medium
 epochs: 10
 mini batch size: 100
 eta: 1e-06
 neurons: [32]
Starting test...
 Fetching data...
 succesfully fetched the data.
  x_train shape: (1202, 4)
  y_train shape: (1202, 1)
  x_test shape: (301, 4)
  y_test shape: (301, 1)
 Creating the neural network...
  added layer | 4 -> 32
  added output layer | 32 -> 1
  added loss layer
 Finished creating network.
 Beginning training the network...
Epoch 1/10 complete, time: 0.14837002754211426
Epoch 2/10 complete, time: 0.01790785789489746
Epoch 3/10 complete, time: 0.017683029174804688
Epoch 4/10 complete, time: 0.017600059509277344
Epoch 5/10 complete, time: 0.01784992218017578
Epoch 6/10 complete, time: 0.017998933792114258
Epoch 7/10 complete, time: 0.01806187629699707
Epoch 8/10 complete, time: 0.017683029174804688
Epoch 9/10 complete, time: 0.017657995223999023
Epoch 10/10 complete, time: 0.017673015594482422
 Total time: 0.3085939884185791
Finished test
