configured to run:
 batch nodes 1
 model nodes 1
 type: both
 dataset: medium
 epochs: 10
 mini batch size: 100
 eta: 1e-06
 neurons: [128]
Starting test...
 Fetching data...
 succesfully fetched the data.
  x_train shape: (1202, 4)
  y_train shape: (1202, 1)
  x_test shape: (301, 4)
  y_test shape: (301, 1)
 Creating the neural network...
  added layer | 4 -> 128
  added output layer | 128 -> 1
  added loss layer
 Finished creating network.
 Beginning training the network...
Epoch 1/10 complete, time: 0.11027693748474121
Epoch 2/10 complete, time: 0.04036116600036621
Epoch 3/10 complete, time: 0.04049801826477051
Epoch 4/10 complete, time: 0.04043292999267578
Epoch 5/10 complete, time: 0.040657997131347656
Epoch 6/10 complete, time: 0.040470123291015625
Epoch 7/10 complete, time: 0.04051995277404785
Epoch 8/10 complete, time: 0.04072403907775879
Epoch 9/10 complete, time: 0.04059600830078125
Epoch 10/10 complete, time: 0.042037010192871094
 Total time: 0.476686954498291
Finished test
