configured to run:
 batch nodes 1
 model nodes 32
 type: both
 dataset: medium
 epochs: 10
 mini batch size: 100
 eta: 1e-06
 neurons: [128]
Starting test...
 Fetching data...
 succesfully fetched the data.
  x_train shape: (1202, 4)
  y_train shape: (1202, 1)
  x_test shape: (301, 4)
  y_test shape: (301, 1)
 Creating the neural network...
  added layer | 4 -> 128
  added output layer | 128 -> 1
  added loss layer
 Finished creating network.
 Beginning training the network...
Epoch 1/10 complete, time: 1.1296629905700684
Epoch 2/10 complete, time: 0.05730795860290527
Epoch 3/10 complete, time: 0.05814003944396973
Epoch 4/10 complete, time: 0.05646491050720215
Epoch 5/10 complete, time: 0.04934406280517578
Epoch 6/10 complete, time: 0.057579994201660156
Epoch 7/10 complete, time: 0.0555720329284668
Epoch 8/10 complete, time: 0.05996203422546387
Epoch 9/10 complete, time: 0.04817390441894531
Epoch 10/10 complete, time: 0.04744100570678711
 Total time: 1.6197550296783447
Finished test
