configured to run:
 batch nodes 1
 model nodes 32
 type: both
 dataset: medium
 epochs: 10
 mini batch size: 100
 eta: 1e-06
 neurons: [256]
Starting test...
 Fetching data...
 succesfully fetched the data.
  x_train shape: (1202, 4)
  y_train shape: (1202, 1)
  x_test shape: (301, 4)
  y_test shape: (301, 1)
 Creating the neural network...
  added layer | 4 -> 256
  added output layer | 256 -> 1
  added loss layer
 Finished creating network.
 Beginning training the network...
Epoch 1/10 complete, time: 1.2320539951324463
Epoch 2/10 complete, time: 0.12774395942687988
Epoch 3/10 complete, time: 0.11734509468078613
Epoch 4/10 complete, time: 0.11853194236755371
Epoch 5/10 complete, time: 0.11398601531982422
Epoch 6/10 complete, time: 0.11397004127502441
Epoch 7/10 complete, time: 0.11271119117736816
Epoch 8/10 complete, time: 0.10427379608154297
Epoch 9/10 complete, time: 0.09929680824279785
Epoch 10/10 complete, time: 0.09101605415344238
 Total time: 2.2310469150543213
Finished test
