configured to run:
 batch nodes 8
 model nodes 4
 type: both
 dataset: medium
 epochs: 10
 mini batch size: 100
 eta: 1e-06
 neurons: [1024]
Starting test...
 Fetching data...
 succesfully fetched the data.
  x_train shape: (1202, 4)
  y_train shape: (1202, 1)
  x_test shape: (301, 4)
  y_test shape: (301, 1)
 Creating the neural network...
  added layer | 4 -> 256
  added output layer | 256 -> 1
  added loss layer
 Finished creating network.
 Beginning training the network...
Epoch 1/10 complete, time: 1.4161169528961182
Epoch 2/10 complete, time: 0.03978586196899414
Epoch 3/10 complete, time: 0.03390002250671387
Epoch 4/10 complete, time: 0.023274898529052734
Epoch 5/10 complete, time: 0.02521991729736328
Epoch 6/10 complete, time: 0.02427816390991211
Epoch 7/10 complete, time: 0.020972013473510742
Epoch 8/10 complete, time: 0.02072310447692871
Epoch 9/10 complete, time: 0.021152019500732422
Epoch 10/10 complete, time: 0.022172927856445312
 Total time: 1.6477160453796387
Finished test
