configured to run:
 batch nodes 16
 model nodes 2
 type: both
 dataset: medium
 epochs: 10
 mini batch size: 100
 eta: 1e-06
 neurons: [32]
Starting test...
 Fetching data...
 succesfully fetched the data.
  x_train shape: (1202, 4)
  y_train shape: (1202, 1)
  x_test shape: (301, 4)
  y_test shape: (301, 1)
 Creating the neural network...
  added layer | 4 -> 16
  added output layer | 16 -> 1
  added loss layer
 Finished creating network.
 Beginning training the network...
Epoch 1/10 complete, time: 1.1234331130981445
Epoch 2/10 complete, time: 0.014277219772338867
Epoch 3/10 complete, time: 0.014548063278198242
Epoch 4/10 complete, time: 0.01349496841430664
Epoch 5/10 complete, time: 0.014177083969116211
Epoch 6/10 complete, time: 0.014033079147338867
Epoch 7/10 complete, time: 0.013124942779541016
Epoch 8/10 complete, time: 0.015032052993774414
Epoch 9/10 complete, time: 0.01291513442993164
Epoch 10/10 complete, time: 0.014283180236816406
 Total time: 1.249424934387207
Finished test
