configured to run:
 batch nodes 8
 model nodes 4
 type: both
 dataset: medium
 epochs: 10
 mini batch size: 100
 eta: 1e-06
 neurons: [128]
Starting test...
 Fetching data...
 succesfully fetched the data.
  x_train shape: (1202, 4)
  y_train shape: (1202, 1)
  x_test shape: (301, 4)
  y_test shape: (301, 1)
 Creating the neural network...
  added layer | 4 -> 32
  added output layer | 32 -> 1
  added loss layer
 Finished creating network.
 Beginning training the network...
Epoch 1/10 complete, time: 1.5031800270080566
Epoch 2/10 complete, time: 0.01742410659790039
Epoch 3/10 complete, time: 0.01907491683959961
Epoch 4/10 complete, time: 0.016034841537475586
Epoch 5/10 complete, time: 0.015639066696166992
Epoch 6/10 complete, time: 0.01634502410888672
Epoch 7/10 complete, time: 0.016000032424926758
Epoch 8/10 complete, time: 0.016788005828857422
Epoch 9/10 complete, time: 0.015137910842895508
Epoch 10/10 complete, time: 0.015291929244995117
 Total time: 1.6510429382324219
Finished test
