configured to run:
 batch nodes 8
 model nodes 4
 type: both
 dataset: medium
 epochs: 10
 mini batch size: 100
 eta: 1e-06
 neurons: [512]
Starting test...
 Fetching data...
 succesfully fetched the data.
  x_train shape: (1202, 4)
  y_train shape: (1202, 1)
  x_test shape: (301, 4)
  y_test shape: (301, 1)
 Creating the neural network...
  added layer | 4 -> 128
  added output layer | 128 -> 1
  added loss layer
 Finished creating network.
 Beginning training the network...
Epoch 1/10 complete, time: 1.0524659156799316
Epoch 2/10 complete, time: 0.01801609992980957
Epoch 3/10 complete, time: 0.0185549259185791
Epoch 4/10 complete, time: 0.018244028091430664
Epoch 5/10 complete, time: 0.018071889877319336
Epoch 6/10 complete, time: 0.017580032348632812
Epoch 7/10 complete, time: 0.018371105194091797
Epoch 8/10 complete, time: 0.018182992935180664
Epoch 9/10 complete, time: 0.017637014389038086
Epoch 10/10 complete, time: 0.018244028091430664
 Total time: 1.2154779434204102
Finished test
