configured to run:
 batch nodes 16
 model nodes 2
 type: both
 dataset: medium
 epochs: 10
 mini batch size: 100
 eta: 1e-06
 neurons: [256]
Starting test...
 Fetching data...
 succesfully fetched the data.
  x_train shape: (1202, 4)
  y_train shape: (1202, 1)
  x_test shape: (301, 4)
  y_test shape: (301, 1)
 Creating the neural network...
  added layer | 4 -> 128
  added output layer | 128 -> 1
  added loss layer
 Finished creating network.
 Beginning training the network...
Epoch 1/10 complete, time: 1.0512399673461914
Epoch 2/10 complete, time: 0.017930030822753906
Epoch 3/10 complete, time: 0.017542123794555664
Epoch 4/10 complete, time: 0.017610788345336914
Epoch 5/10 complete, time: 0.016819000244140625
Epoch 6/10 complete, time: 0.017017841339111328
Epoch 7/10 complete, time: 0.01710200309753418
Epoch 8/10 complete, time: 0.017859935760498047
Epoch 9/10 complete, time: 0.016909122467041016
Epoch 10/10 complete, time: 0.017683029174804688
 Total time: 1.207827091217041
Finished test
