configured to run:
 batch nodes 1
 model nodes 32
 type: both
 dataset: medium
 epochs: 10
 mini batch size: 100
 eta: 1e-06
 neurons: [1024]
Starting test...
 Fetching data...
 succesfully fetched the data.
  x_train shape: (1202, 4)
  y_train shape: (1202, 1)
  x_test shape: (301, 4)
  y_test shape: (301, 1)
 Creating the neural network...
  added layer | 4 -> 1024
  added output layer | 1024 -> 1
  added loss layer
 Finished creating network.
 Beginning training the network...
Epoch 1/10 complete, time: 1.0878748893737793
Epoch 2/10 complete, time: 0.36176609992980957
Epoch 3/10 complete, time: 0.3680541515350342
Epoch 4/10 complete, time: 0.377918004989624
Epoch 5/10 complete, time: 0.34685301780700684
Epoch 6/10 complete, time: 0.37999486923217773
Epoch 7/10 complete, time: 0.4461359977722168
Epoch 8/10 complete, time: 0.36025500297546387
Epoch 9/10 complete, time: 0.34146714210510254
Epoch 10/10 complete, time: 0.35091400146484375
 Total time: 4.421356916427612
Finished test
