configured to run:
 batch nodes 8
 model nodes 4
 type: both
 dataset: medium
 epochs: 10
 mini batch size: 100
 eta: 1e-06
 neurons: [64]
Starting test...
 Fetching data...
 succesfully fetched the data.
  x_train shape: (1202, 4)
  y_train shape: (1202, 1)
  x_test shape: (301, 4)
  y_test shape: (301, 1)
 Creating the neural network...
  added layer | 4 -> 16
  added output layer | 16 -> 1
  added loss layer
 Finished creating network.
 Beginning training the network...
Epoch 1/10 complete, time: 1.1442110538482666
Epoch 2/10 complete, time: 0.015987873077392578
Epoch 3/10 complete, time: 0.015429019927978516
Epoch 4/10 complete, time: 0.014822959899902344
Epoch 5/10 complete, time: 0.016254901885986328
Epoch 6/10 complete, time: 0.014806985855102539
Epoch 7/10 complete, time: 0.015406131744384766
Epoch 8/10 complete, time: 0.014556884765625
Epoch 9/10 complete, time: 0.014384984970092773
Epoch 10/10 complete, time: 0.015050888061523438
 Total time: 1.281013011932373
Finished test
