configured to run:
 batch nodes 32
 model nodes 1
 type: both
 dataset: medium
 epochs: 10
 mini batch size: 100
 eta: 1e-06
 neurons: [32]
Starting test...
 Fetching data...
 succesfully fetched the data.
  x_train shape: (1202, 4)
  y_train shape: (1202, 1)
  x_test shape: (301, 4)
  y_test shape: (301, 1)
 Creating the neural network...
  added layer | 4 -> 32
  added output layer | 32 -> 1
  added loss layer
 Finished creating network.
 Beginning training the network...
Epoch 1/10 complete, time: 1.071164846420288
Epoch 2/10 complete, time: 0.013864994049072266
Epoch 3/10 complete, time: 0.013117074966430664
Epoch 4/10 complete, time: 0.012733936309814453
Epoch 5/10 complete, time: 0.013221979141235352
Epoch 6/10 complete, time: 0.01306915283203125
Epoch 7/10 complete, time: 0.012829065322875977
Epoch 8/10 complete, time: 0.014047861099243164
Epoch 9/10 complete, time: 0.014850139617919922
Epoch 10/10 complete, time: 0.013206958770751953
 Total time: 1.192223072052002
Finished test
