configured to run:
 batch nodes 4
 model nodes 8
 type: both
 dataset: medium
 epochs: 10
 mini batch size: 100
 eta: 1e-06
 neurons: [1024]
Starting test...
 Fetching data...
 succesfully fetched the data.
  x_train shape: (1202, 4)
  y_train shape: (1202, 1)
  x_test shape: (301, 4)
  y_test shape: (301, 1)
 Creating the neural network...
  added layer | 4 -> 128
  added output layer | 128 -> 1
  added loss layer
 Finished creating network.
 Beginning training the network...
Epoch 1/10 complete, time: 0.14435696601867676
Epoch 2/10 complete, time: 0.029011011123657227
Epoch 3/10 complete, time: 0.032434940338134766
Epoch 4/10 complete, time: 0.03226590156555176
Epoch 5/10 complete, time: 0.0214080810546875
Epoch 6/10 complete, time: 0.021687984466552734
Epoch 7/10 complete, time: 0.027972936630249023
Epoch 8/10 complete, time: 0.022361040115356445
Epoch 9/10 complete, time: 0.02259206771850586
Epoch 10/10 complete, time: 0.024509906768798828
 Total time: 0.3787059783935547
Finished test
