configured to run:
 batch nodes 2
 model nodes 16
 type: both
 dataset: medium
 epochs: 10
 mini batch size: 100
 eta: 1e-06
 neurons: [64]
Starting test...
 Fetching data...
 succesfully fetched the data.
  x_train shape: (1202, 4)
  y_train shape: (1202, 1)
  x_test shape: (301, 4)
  y_test shape: (301, 1)
 Creating the neural network...
  added layer | 4 -> 4
  added output layer | 4 -> 1
  added loss layer
 Finished creating network.
 Beginning training the network...
Epoch 1/10 complete, time: 0.2883000373840332
Epoch 2/10 complete, time: 0.022359848022460938
Epoch 3/10 complete, time: 0.015861034393310547
Epoch 4/10 complete, time: 0.015572071075439453
Epoch 5/10 complete, time: 0.016056060791015625
Epoch 6/10 complete, time: 0.01570296287536621
Epoch 7/10 complete, time: 0.01552891731262207
Epoch 8/10 complete, time: 0.0155029296875
Epoch 9/10 complete, time: 0.01748800277709961
Epoch 10/10 complete, time: 0.016476154327392578
 Total time: 0.4389481544494629
Finished test
