configured to run:
 batch nodes 32
 model nodes 1
 type: both
 dataset: medium
 epochs: 10
 mini batch size: 100
 eta: 1e-06
 neurons: [128]
Starting test...
 Fetching data...
 succesfully fetched the data.
  x_train shape: (1202, 4)
  y_train shape: (1202, 1)
  x_test shape: (301, 4)
  y_test shape: (301, 1)
 Creating the neural network...
  added layer | 4 -> 128
  added output layer | 128 -> 1
  added loss layer
 Finished creating network.
 Beginning training the network...
Epoch 1/10 complete, time: 0.7888009548187256
Epoch 2/10 complete, time: 0.018346071243286133
Epoch 3/10 complete, time: 0.020399808883666992
Epoch 4/10 complete, time: 0.022305011749267578
Epoch 5/10 complete, time: 0.020109176635742188
Epoch 6/10 complete, time: 0.02196788787841797
Epoch 7/10 complete, time: 0.019737958908081055
Epoch 8/10 complete, time: 0.02986621856689453
Epoch 9/10 complete, time: 0.020673036575317383
Epoch 10/10 complete, time: 0.018879175186157227
 Total time: 0.981198787689209
Finished test
