configured to run:
 batch nodes 32
 model nodes 1
 type: both
 dataset: medium
 epochs: 10
 mini batch size: 100
 eta: 1e-06
 neurons: [256]
Starting test...
 Fetching data...
 succesfully fetched the data.
  x_train shape: (1202, 4)
  y_train shape: (1202, 1)
  x_test shape: (301, 4)
  y_test shape: (301, 1)
 Creating the neural network...
  added layer | 4 -> 256
  added output layer | 256 -> 1
  added loss layer
 Finished creating network.
 Beginning training the network...
Epoch 1/10 complete, time: 0.800649881362915
Epoch 2/10 complete, time: 0.02486419677734375
Epoch 3/10 complete, time: 0.022374868392944336
Epoch 4/10 complete, time: 0.02570509910583496
Epoch 5/10 complete, time: 0.021661996841430664
Epoch 6/10 complete, time: 0.020043134689331055
Epoch 7/10 complete, time: 0.020117998123168945
Epoch 8/10 complete, time: 0.025123119354248047
Epoch 9/10 complete, time: 0.0263059139251709
Epoch 10/10 complete, time: 0.026154041290283203
 Total time: 1.0131051540374756
Finished test
