configured to run:
 batch nodes 1
 model nodes 32
 type: both
 dataset: medium
 epochs: 10
 mini batch size: 100
 eta: 1e-06
 neurons: [512]
Starting test...
 Fetching data...
 succesfully fetched the data.
  x_train shape: (1202, 4)
  y_train shape: (1202, 1)
  x_test shape: (301, 4)
  y_test shape: (301, 1)
 Creating the neural network...
  added layer | 4 -> 512
  added output layer | 512 -> 1
  added loss layer
 Finished creating network.
 Beginning training the network...
Epoch 1/10 complete, time: 1.1398530006408691
Epoch 2/10 complete, time: 0.2149519920349121
Epoch 3/10 complete, time: 0.21631288528442383
Epoch 4/10 complete, time: 0.1997239589691162
Epoch 5/10 complete, time: 0.2018430233001709
Epoch 6/10 complete, time: 0.18763399124145508
Epoch 7/10 complete, time: 0.20868682861328125
Epoch 8/10 complete, time: 0.19417691230773926
Epoch 9/10 complete, time: 0.2108151912689209
Epoch 10/10 complete, time: 0.19797015190124512
 Total time: 2.97209095954895
Finished test
