configured to run:
 batch nodes 2
 model nodes 16
 type: both
 dataset: medium
 epochs: 10
 mini batch size: 100
 eta: 1e-06
 neurons: [1024]
Starting test...
 Fetching data...
 succesfully fetched the data.
  x_train shape: (1202, 4)
  y_train shape: (1202, 1)
  x_test shape: (301, 4)
  y_test shape: (301, 1)
 Creating the neural network...
  added layer | 4 -> 64
  added output layer | 64 -> 1
  added loss layer
 Finished creating network.
 Beginning training the network...
Epoch 1/10 complete, time: 0.18087482452392578
Epoch 2/10 complete, time: 0.0430300235748291
Epoch 3/10 complete, time: 0.025460004806518555
Epoch 4/10 complete, time: 0.025384902954101562
Epoch 5/10 complete, time: 0.023309946060180664
Epoch 6/10 complete, time: 0.023902177810668945
Epoch 7/10 complete, time: 0.024264812469482422
Epoch 8/10 complete, time: 0.023337841033935547
Epoch 9/10 complete, time: 0.022771120071411133
Epoch 10/10 complete, time: 0.022701025009155273
 Total time: 0.41515612602233887
Finished test
