configured to run:
 batch nodes 2
 model nodes 16
 type: both
 dataset: medium
 epochs: 10
 mini batch size: 100
 eta: 1e-06
 neurons: [32]
Starting test...
 Fetching data...
 succesfully fetched the data.
  x_train shape: (1202, 4)
  y_train shape: (1202, 1)
  x_test shape: (301, 4)
  y_test shape: (301, 1)
 Creating the neural network...
  added layer | 4 -> 2
  added output layer | 2 -> 1
  added loss layer
 Finished creating network.
 Beginning training the network...
Epoch 1/10 complete, time: 0.22842907905578613
Epoch 2/10 complete, time: 0.016355037689208984
Epoch 3/10 complete, time: 0.015455961227416992
Epoch 4/10 complete, time: 0.015655040740966797
Epoch 5/10 complete, time: 0.016680002212524414
Epoch 6/10 complete, time: 0.01914381980895996
Epoch 7/10 complete, time: 0.015342950820922852
Epoch 8/10 complete, time: 0.015406131744384766
Epoch 9/10 complete, time: 0.015320777893066406
Epoch 10/10 complete, time: 0.015603065490722656
 Total time: 0.37349915504455566
Finished test
