configured to run:
 batch nodes 4
 model nodes 8
 type: both
 dataset: medium
 epochs: 10
 mini batch size: 100
 eta: 1e-06
 neurons: [512]
Starting test...
 Fetching data...
 succesfully fetched the data.
  x_train shape: (1202, 4)
  y_train shape: (1202, 1)
  x_test shape: (301, 4)
  y_test shape: (301, 1)
 Creating the neural network...
  added layer | 4 -> 64
  added output layer | 64 -> 1
  added loss layer
 Finished creating network.
 Beginning training the network...
Epoch 1/10 complete, time: 0.13016700744628906
Epoch 2/10 complete, time: 0.018333911895751953
Epoch 3/10 complete, time: 0.01888108253479004
Epoch 4/10 complete, time: 0.018184900283813477
Epoch 5/10 complete, time: 0.021825075149536133
Epoch 6/10 complete, time: 0.018718957901000977
Epoch 7/10 complete, time: 0.01999807357788086
Epoch 8/10 complete, time: 0.018901824951171875
Epoch 9/10 complete, time: 0.019791126251220703
Epoch 10/10 complete, time: 0.02028203010559082
 Total time: 0.3051950931549072
Finished test
