configured to run:
 batch nodes 8
 model nodes 4
 type: both
 dataset: medium
 epochs: 10
 mini batch size: 100
 eta: 1e-06
 neurons: [256]
Starting test...
 Fetching data...
 succesfully fetched the data.
  x_train shape: (1202, 4)
  y_train shape: (1202, 1)
  x_test shape: (301, 4)
  y_test shape: (301, 1)
 Creating the neural network...
  added layer | 4 -> 64
  added output layer | 64 -> 1
  added loss layer
 Finished creating network.
 Beginning training the network...
Epoch 1/10 complete, time: 1.1038110256195068
Epoch 2/10 complete, time: 0.01729106903076172
Epoch 3/10 complete, time: 0.01845693588256836
Epoch 4/10 complete, time: 0.01729893684387207
Epoch 5/10 complete, time: 0.016756057739257812
Epoch 6/10 complete, time: 0.017394065856933594
Epoch 7/10 complete, time: 0.01734185218811035
Epoch 8/10 complete, time: 0.016720056533813477
Epoch 9/10 complete, time: 0.017323017120361328
Epoch 10/10 complete, time: 0.015722990036010742
 Total time: 1.2582180500030518
Finished test
