configured to run:
 batch nodes 16
 model nodes 2
 type: both
 dataset: medium
 epochs: 10
 mini batch size: 100
 eta: 1e-06
 neurons: [1024]
Starting test...
 Fetching data...
 succesfully fetched the data.
  x_train shape: (1202, 4)
  y_train shape: (1202, 1)
  x_test shape: (301, 4)
  y_test shape: (301, 1)
 Creating the neural network...
  added layer | 4 -> 512
  added output layer | 512 -> 1
  added loss layer
 Finished creating network.
 Beginning training the network...
Epoch 1/10 complete, time: 1.1797480583190918
Epoch 2/10 complete, time: 0.04116392135620117
Epoch 3/10 complete, time: 0.03010106086730957
Epoch 4/10 complete, time: 0.023453950881958008
Epoch 5/10 complete, time: 0.0234220027923584
Epoch 6/10 complete, time: 0.025076866149902344
Epoch 7/10 complete, time: 0.03204011917114258
Epoch 8/10 complete, time: 0.024610042572021484
Epoch 9/10 complete, time: 0.026554107666015625
Epoch 10/10 complete, time: 0.024493932723999023
 Total time: 1.4307820796966553
Finished test
