configured to run:
 batch nodes 16
 model nodes 2
 type: both
 dataset: medium
 epochs: 10
 mini batch size: 100
 eta: 1e-06
 neurons: [64]
Starting test...
 Fetching data...
 succesfully fetched the data.
  x_train shape: (1202, 4)
  y_train shape: (1202, 1)
  x_test shape: (301, 4)
  y_test shape: (301, 1)
 Creating the neural network...
  added layer | 4 -> 32
  added output layer | 32 -> 1
  added loss layer
 Finished creating network.
 Beginning training the network...
Epoch 1/10 complete, time: 1.4495179653167725
Epoch 2/10 complete, time: 0.013924121856689453
Epoch 3/10 complete, time: 0.01787400245666504
Epoch 4/10 complete, time: 0.016641855239868164
Epoch 5/10 complete, time: 0.01400613784790039
Epoch 6/10 complete, time: 0.013921022415161133
Epoch 7/10 complete, time: 0.013529777526855469
Epoch 8/10 complete, time: 0.014149188995361328
Epoch 9/10 complete, time: 0.014796018600463867
Epoch 10/10 complete, time: 0.013926982879638672
 Total time: 1.5824007987976074
Finished test
