configured to run:
 batch nodes 2
 model nodes 16
 type: both
 dataset: medium
 epochs: 10
 mini batch size: 100
 eta: 1e-06
 neurons: [512]
Starting test...
 Fetching data...
 succesfully fetched the data.
  x_train shape: (1202, 4)
  y_train shape: (1202, 1)
  x_test shape: (301, 4)
  y_test shape: (301, 1)
 Creating the neural network...
  added layer | 4 -> 32
  added output layer | 32 -> 1
  added loss layer
 Finished creating network.
 Beginning training the network...
Epoch 1/10 complete, time: 0.1846911907196045
Epoch 2/10 complete, time: 0.02296304702758789
Epoch 3/10 complete, time: 0.022988080978393555
Epoch 4/10 complete, time: 0.02852606773376465
Epoch 5/10 complete, time: 0.019931793212890625
Epoch 6/10 complete, time: 0.02535700798034668
Epoch 7/10 complete, time: 0.021528959274291992
Epoch 8/10 complete, time: 0.03111100196838379
Epoch 9/10 complete, time: 0.020624876022338867
Epoch 10/10 complete, time: 0.019865036010742188
 Total time: 0.3977038860321045
Finished test
