configured to run:
 batch nodes 1
 model nodes 4
 type: both
 dataset: medium
 epochs: 10
 mini batch size: 100
 eta: 1e-06
 neurons: [128]
Starting test...
 Fetching data...
 succesfully fetched the data.
  x_train shape: (1202, 4)
  y_train shape: (1202, 1)
  x_test shape: (301, 4)
  y_test shape: (301, 1)
 Creating the neural network...
  added layer | 4 -> 32
  added output layer | 32 -> 1
  added loss layer
 Finished creating network.
 Beginning training the network...
Epoch 1/10 complete, time: 0.12047910690307617
Epoch 2/10 complete, time: 0.028232812881469727
Epoch 3/10 complete, time: 0.022504091262817383
Epoch 4/10 complete, time: 0.0191190242767334
Epoch 5/10 complete, time: 0.01922607421875
Epoch 6/10 complete, time: 0.01860189437866211
Epoch 7/10 complete, time: 0.019095897674560547
Epoch 8/10 complete, time: 0.019140005111694336
Epoch 9/10 complete, time: 0.021252155303955078
Epoch 10/10 complete, time: 0.02011394500732422
 Total time: 0.3078780174255371
Finished test
