configured to run:
 batch nodes 1
 model nodes 4
 type: both
 dataset: medium
 epochs: 10
 mini batch size: 100
 eta: 1e-06
 neurons: [1024]
Starting test...
 Fetching data...
 succesfully fetched the data.
  x_train shape: (1202, 4)
  y_train shape: (1202, 1)
  x_test shape: (301, 4)
  y_test shape: (301, 1)
 Creating the neural network...
  added layer | 4 -> 256
  added output layer | 256 -> 1
  added loss layer
 Finished creating network.
 Beginning training the network...
Epoch 1/10 complete, time: 0.24455690383911133
Epoch 2/10 complete, time: 0.12809300422668457
Epoch 3/10 complete, time: 0.12549805641174316
Epoch 4/10 complete, time: 0.12419891357421875
Epoch 5/10 complete, time: 0.10684418678283691
Epoch 6/10 complete, time: 0.09034109115600586
Epoch 7/10 complete, time: 0.09583091735839844
Epoch 8/10 complete, time: 0.0973050594329834
Epoch 9/10 complete, time: 0.0958249568939209
Epoch 10/10 complete, time: 0.06534409523010254
 Total time: 1.1739509105682373
Finished test
