configured to run:
 batch nodes 1
 model nodes 4
 type: both
 dataset: medium
 epochs: 10
 mini batch size: 100
 eta: 1e-06
 neurons: [512]
Starting test...
 Fetching data...
 succesfully fetched the data.
  x_train shape: (1202, 4)
  y_train shape: (1202, 1)
  x_test shape: (301, 4)
  y_test shape: (301, 1)
 Creating the neural network...
  added layer | 4 -> 128
  added output layer | 128 -> 1
  added loss layer
 Finished creating network.
 Beginning training the network...
Epoch 1/10 complete, time: 0.18189287185668945
Epoch 2/10 complete, time: 0.06703901290893555
Epoch 3/10 complete, time: 0.05750608444213867
Epoch 4/10 complete, time: 0.04803895950317383
Epoch 5/10 complete, time: 0.05082106590270996
Epoch 6/10 complete, time: 0.05278897285461426
Epoch 7/10 complete, time: 0.03863096237182617
Epoch 8/10 complete, time: 0.03789114952087402
Epoch 9/10 complete, time: 0.039793968200683594
Epoch 10/10 complete, time: 0.036767005920410156
 Total time: 0.6112971305847168
Finished test
