configured to run:
 batch nodes 2
 model nodes 2
 type: both
 dataset: medium
 epochs: 10
 mini batch size: 100
 eta: 1e-06
 neurons: [1024]
Starting test...
 Fetching data...
 succesfully fetched the data.
  x_train shape: (1202, 4)
  y_train shape: (1202, 1)
  x_test shape: (301, 4)
  y_test shape: (301, 1)
 Creating the neural network...
  added layer | 4 -> 512
  added output layer | 512 -> 1
  added loss layer
 Finished creating network.
 Beginning training the network...
Epoch 1/10 complete, time: 0.2370288372039795
Epoch 2/10 complete, time: 0.12092089653015137
Epoch 3/10 complete, time: 0.11905503273010254
Epoch 4/10 complete, time: 0.1407928466796875
Epoch 5/10 complete, time: 0.11881518363952637
Epoch 6/10 complete, time: 0.11572694778442383
Epoch 7/10 complete, time: 0.11605191230773926
Epoch 8/10 complete, time: 0.11609911918640137
Epoch 9/10 complete, time: 0.11473298072814941
Epoch 10/10 complete, time: 0.11490917205810547
 Total time: 1.3142590522766113
Finished test
