configured to run:
 batch nodes 2
 model nodes 2
 type: both
 dataset: medium
 epochs: 10
 mini batch size: 100
 eta: 1e-06
 neurons: [256]
Starting test...
 Fetching data...
 succesfully fetched the data.
  x_train shape: (1202, 4)
  y_train shape: (1202, 1)
  x_test shape: (301, 4)
  y_test shape: (301, 1)
 Creating the neural network...
  added layer | 4 -> 128
  added output layer | 128 -> 1
  added loss layer
 Finished creating network.
 Beginning training the network...
Epoch 1/10 complete, time: 0.20103693008422852
Epoch 2/10 complete, time: 0.027369022369384766
Epoch 3/10 complete, time: 0.028348922729492188
Epoch 4/10 complete, time: 0.029339075088500977
Epoch 5/10 complete, time: 0.029323101043701172
Epoch 6/10 complete, time: 0.0253448486328125
Epoch 7/10 complete, time: 0.025344133377075195
Epoch 8/10 complete, time: 0.026461124420166016
Epoch 9/10 complete, time: 0.025493860244750977
Epoch 10/10 complete, time: 0.02562117576599121
 Total time: 0.4437878131866455
Finished test
