configured to run:
 batch nodes 2
 model nodes 2
 type: both
 dataset: medium
 epochs: 10
 mini batch size: 100
 eta: 1e-06
 neurons: [64]
Starting test...
 Fetching data...
 succesfully fetched the data.
  x_train shape: (1202, 4)
  y_train shape: (1202, 1)
  x_test shape: (301, 4)
  y_test shape: (301, 1)
 Creating the neural network...
  added layer | 4 -> 32
  added output layer | 32 -> 1
  added loss layer
 Finished creating network.
 Beginning training the network...
Epoch 1/10 complete, time: 0.11237215995788574
Epoch 2/10 complete, time: 0.015074968338012695
Epoch 3/10 complete, time: 0.015707015991210938
Epoch 4/10 complete, time: 0.015325069427490234
Epoch 5/10 complete, time: 0.015086889266967773
Epoch 6/10 complete, time: 0.015108823776245117
Epoch 7/10 complete, time: 0.015125036239624023
Epoch 8/10 complete, time: 0.016613006591796875
Epoch 9/10 complete, time: 0.014930009841918945
Epoch 10/10 complete, time: 0.016403913497924805
 Total time: 0.2518579959869385
Finished test
