configured to run:
 batch nodes 2
 model nodes 2
 type: both
 dataset: medium
 epochs: 10
 mini batch size: 100
 eta: 1e-06
 neurons: [128]
Starting test...
 Fetching data...
 succesfully fetched the data.
  x_train shape: (1202, 4)
  y_train shape: (1202, 1)
  x_test shape: (301, 4)
  y_test shape: (301, 1)
 Creating the neural network...
  added layer | 4 -> 64
  added output layer | 64 -> 1
  added loss layer
 Finished creating network.
 Beginning training the network...
Epoch 1/10 complete, time: 0.12195587158203125
Epoch 2/10 complete, time: 0.026797056198120117
Epoch 3/10 complete, time: 0.02099609375
Epoch 4/10 complete, time: 0.028407812118530273
Epoch 5/10 complete, time: 0.01956009864807129
Epoch 6/10 complete, time: 0.019152164459228516
Epoch 7/10 complete, time: 0.021782875061035156
Epoch 8/10 complete, time: 0.01969313621520996
Epoch 9/10 complete, time: 0.01911187171936035
Epoch 10/10 complete, time: 0.019411087036132812
 Total time: 0.3169829845428467
Finished test
