configured to run:
 batch nodes 4
 model nodes 1
 type: both
 dataset: medium
 epochs: 10
 mini batch size: 100
 eta: 1e-06
 neurons: [1024]
Starting test...
 Fetching data...
 succesfully fetched the data.
  x_train shape: (1202, 4)
  y_train shape: (1202, 1)
  x_test shape: (301, 4)
  y_test shape: (301, 1)
 Creating the neural network...
  added layer | 4 -> 1024
  added output layer | 1024 -> 1
  added loss layer
 Finished creating network.
 Beginning training the network...
Epoch 1/10 complete, time: 0.2565898895263672
Epoch 2/10 complete, time: 0.1519618034362793
Epoch 3/10 complete, time: 0.12781310081481934
Epoch 4/10 complete, time: 0.1122140884399414
Epoch 5/10 complete, time: 0.11320900917053223
Epoch 6/10 complete, time: 0.11114192008972168
Epoch 7/10 complete, time: 0.10293817520141602
Epoch 8/10 complete, time: 0.1290130615234375
Epoch 9/10 complete, time: 0.10322213172912598
Epoch 10/10 complete, time: 0.10092496871948242
 Total time: 1.3091659545898438
Finished test
