configured to run:
 batch nodes 4
 model nodes 1
 type: both
 dataset: medium
 epochs: 10
 mini batch size: 100
 eta: 1e-06
 neurons: [64]
Starting test...
 Fetching data...
 succesfully fetched the data.
  x_train shape: (1202, 4)
  y_train shape: (1202, 1)
  x_test shape: (301, 4)
  y_test shape: (301, 1)
 Creating the neural network...
  added layer | 4 -> 64
  added output layer | 64 -> 1
  added loss layer
 Finished creating network.
 Beginning training the network...
Epoch 1/10 complete, time: 0.10203003883361816
Epoch 2/10 complete, time: 0.015438079833984375
Epoch 3/10 complete, time: 0.014894962310791016
Epoch 4/10 complete, time: 0.01472020149230957
Epoch 5/10 complete, time: 0.014866113662719727
Epoch 6/10 complete, time: 0.014853954315185547
Epoch 7/10 complete, time: 0.015273094177246094
Epoch 8/10 complete, time: 0.015635013580322266
Epoch 9/10 complete, time: 0.015228986740112305
Epoch 10/10 complete, time: 0.01456308364868164
 Total time: 0.2376260757446289
Finished test
