configured to run:
 batch nodes 1
 model nodes 8
 type: both
 dataset: medium
 epochs: 10
 mini batch size: 100
 eta: 1e-06
 neurons: [256]
Starting test...
 Fetching data...
 succesfully fetched the data.
  x_train shape: (1202, 4)
  y_train shape: (1202, 1)
  x_test shape: (301, 4)
  y_test shape: (301, 1)
 Creating the neural network...
  added layer | 4 -> 32
  added output layer | 32 -> 1
  added loss layer
 Finished creating network.
 Beginning training the network...
Epoch 1/10 complete, time: 1.124389886856079
Epoch 2/10 complete, time: 0.03918600082397461
Epoch 3/10 complete, time: 0.020719051361083984
Epoch 4/10 complete, time: 0.021340131759643555
Epoch 5/10 complete, time: 0.01999497413635254
Epoch 6/10 complete, time: 0.01990199089050293
Epoch 7/10 complete, time: 0.020756959915161133
Epoch 8/10 complete, time: 0.021071910858154297
Epoch 9/10 complete, time: 0.021116971969604492
Epoch 10/10 complete, time: 0.02183699607849121
 Total time: 1.3304200172424316
Finished test
