configured to run:
 batch nodes 1
 model nodes 8
 type: both
 dataset: medium
 epochs: 10
 mini batch size: 100
 eta: 1e-06
 neurons: [64]
Starting test...
 Fetching data...
 succesfully fetched the data.
  x_train shape: (1202, 4)
  y_train shape: (1202, 1)
  x_test shape: (301, 4)
  y_test shape: (301, 1)
 Creating the neural network...
  added layer | 4 -> 8
  added output layer | 8 -> 1
  added loss layer
 Finished creating network.
 Beginning training the network...
Epoch 1/10 complete, time: 1.0849308967590332
Epoch 2/10 complete, time: 0.016597986221313477
Epoch 3/10 complete, time: 0.01542520523071289
Epoch 4/10 complete, time: 0.015176773071289062
Epoch 5/10 complete, time: 0.015574216842651367
Epoch 6/10 complete, time: 0.015224933624267578
Epoch 7/10 complete, time: 0.02279806137084961
Epoch 8/10 complete, time: 0.017724990844726562
Epoch 9/10 complete, time: 0.015543937683105469
Epoch 10/10 complete, time: 0.016646146774291992
 Total time: 1.2357568740844727
Finished test
