configured to run:
 batch nodes 1
 model nodes 8
 type: both
 dataset: medium
 epochs: 10
 mini batch size: 100
 eta: 1e-06
 neurons: [512]
Starting test...
 Fetching data...
 succesfully fetched the data.
  x_train shape: (1202, 4)
  y_train shape: (1202, 1)
  x_test shape: (301, 4)
  y_test shape: (301, 1)
 Creating the neural network...
  added layer | 4 -> 64
  added output layer | 64 -> 1
  added loss layer
 Finished creating network.
 Beginning training the network...
Epoch 1/10 complete, time: 0.9891691207885742
Epoch 2/10 complete, time: 0.04051494598388672
Epoch 3/10 complete, time: 0.026412010192871094
Epoch 4/10 complete, time: 0.025536060333251953
Epoch 5/10 complete, time: 0.026459932327270508
Epoch 6/10 complete, time: 0.025976181030273438
Epoch 7/10 complete, time: 0.024838924407958984
Epoch 8/10 complete, time: 0.025289058685302734
Epoch 9/10 complete, time: 0.025117158889770508
Epoch 10/10 complete, time: 0.025769948959350586
 Total time: 1.2351889610290527
Finished test
