configured to run:
 batch nodes 1
 model nodes 8
 type: both
 dataset: medium
 epochs: 10
 mini batch size: 100
 eta: 1e-06
 neurons: [128]
Starting test...
 Fetching data...
 succesfully fetched the data.
  x_train shape: (1202, 4)
  y_train shape: (1202, 1)
  x_test shape: (301, 4)
  y_test shape: (301, 1)
 Creating the neural network...
  added layer | 4 -> 16
  added output layer | 16 -> 1
  added loss layer
 Finished creating network.
 Beginning training the network...
Epoch 1/10 complete, time: 1.0425481796264648
Epoch 2/10 complete, time: 0.019028902053833008
Epoch 3/10 complete, time: 0.018983125686645508
Epoch 4/10 complete, time: 0.018925189971923828
Epoch 5/10 complete, time: 0.016485929489135742
Epoch 6/10 complete, time: 0.016483068466186523
Epoch 7/10 complete, time: 0.016399860382080078
Epoch 8/10 complete, time: 0.01766514778137207
Epoch 9/10 complete, time: 0.017611026763916016
Epoch 10/10 complete, time: 0.016537904739379883
 Total time: 1.2007739543914795
Finished test
