configured to run:
 batch nodes 2
 model nodes 4
 type: both
 dataset: medium
 epochs: 10
 mini batch size: 100
 eta: 1e-06
 neurons: [64]
Starting test...
 Fetching data...
 succesfully fetched the data.
  x_train shape: (1202, 4)
  y_train shape: (1202, 1)
  x_test shape: (301, 4)
  y_test shape: (301, 1)
 Creating the neural network...
  added layer | 4 -> 16
  added output layer | 16 -> 1
  added loss layer
 Finished creating network.
 Beginning training the network...
Epoch 1/10 complete, time: 0.9521040916442871
Epoch 2/10 complete, time: 0.014777898788452148
Epoch 3/10 complete, time: 0.015833139419555664
Epoch 4/10 complete, time: 0.014914989471435547
Epoch 5/10 complete, time: 0.01475977897644043
Epoch 6/10 complete, time: 0.014941930770874023
Epoch 7/10 complete, time: 0.014757871627807617
Epoch 8/10 complete, time: 0.014595985412597656
Epoch 9/10 complete, time: 0.014362096786499023
Epoch 10/10 complete, time: 0.014544963836669922
 Total time: 1.0856959819793701
Finished test
