configured to run:
 batch nodes 2
 model nodes 4
 type: both
 dataset: medium
 epochs: 10
 mini batch size: 100
 eta: 1e-06
 neurons: [1024]
Starting test...
 Fetching data...
 succesfully fetched the data.
  x_train shape: (1202, 4)
  y_train shape: (1202, 1)
  x_test shape: (301, 4)
  y_test shape: (301, 1)
 Creating the neural network...
  added layer | 4 -> 256
  added output layer | 256 -> 1
  added loss layer
 Finished creating network.
 Beginning training the network...
Epoch 1/10 complete, time: 1.0362780094146729
Epoch 2/10 complete, time: 0.0706181526184082
Epoch 3/10 complete, time: 0.06101107597351074
Epoch 4/10 complete, time: 0.058351993560791016
Epoch 5/10 complete, time: 0.04423189163208008
Epoch 6/10 complete, time: 0.06297111511230469
Epoch 7/10 complete, time: 0.04849982261657715
Epoch 8/10 complete, time: 0.04663491249084473
Epoch 9/10 complete, time: 0.049018144607543945
Epoch 10/10 complete, time: 0.044528961181640625
 Total time: 1.5222430229187012
Finished test
