configured to run:
 batch nodes 2
 model nodes 4
 type: both
 dataset: medium
 epochs: 10
 mini batch size: 100
 eta: 1e-06
 neurons: [32]
Starting test...
 Fetching data...
 succesfully fetched the data.
  x_train shape: (1202, 4)
  y_train shape: (1202, 1)
  x_test shape: (301, 4)
  y_test shape: (301, 1)
 Creating the neural network...
  added layer | 4 -> 8
  added output layer | 8 -> 1
  added loss layer
 Finished creating network.
 Beginning training the network...
Epoch 1/10 complete, time: 0.9821608066558838
Epoch 2/10 complete, time: 0.015928983688354492
Epoch 3/10 complete, time: 0.01854991912841797
Epoch 4/10 complete, time: 0.014979124069213867
Epoch 5/10 complete, time: 0.013888835906982422
Epoch 6/10 complete, time: 0.01377415657043457
Epoch 7/10 complete, time: 0.014556884765625
Epoch 8/10 complete, time: 0.013624906539916992
Epoch 9/10 complete, time: 0.013415098190307617
Epoch 10/10 complete, time: 0.013596773147583008
 Total time: 1.1145758628845215
Finished test
