configured to run:
 batch nodes 2
 model nodes 4
 type: both
 dataset: medium
 epochs: 10
 mini batch size: 100
 eta: 1e-06
 neurons: [128]
Starting test...
 Fetching data...
 succesfully fetched the data.
  x_train shape: (1202, 4)
  y_train shape: (1202, 1)
  x_test shape: (301, 4)
  y_test shape: (301, 1)
 Creating the neural network...
  added layer | 4 -> 32
  added output layer | 32 -> 1
  added loss layer
 Finished creating network.
 Beginning training the network...
Epoch 1/10 complete, time: 1.4311468601226807
Epoch 2/10 complete, time: 0.016767024993896484
Epoch 3/10 complete, time: 0.016054153442382812
Epoch 4/10 complete, time: 0.015987873077392578
Epoch 5/10 complete, time: 0.017509937286376953
Epoch 6/10 complete, time: 0.015887022018432617
Epoch 7/10 complete, time: 0.015551090240478516
Epoch 8/10 complete, time: 0.015191078186035156
Epoch 9/10 complete, time: 0.015314102172851562
Epoch 10/10 complete, time: 0.015371084213256836
 Total time: 1.5748851299285889
Finished test
