configured to run:
 batch nodes 2
 model nodes 4
 type: both
 dataset: medium
 epochs: 10
 mini batch size: 100
 eta: 1e-06
 neurons: [512]
Starting test...
 Fetching data...
 succesfully fetched the data.
  x_train shape: (1202, 4)
  y_train shape: (1202, 1)
  x_test shape: (301, 4)
  y_test shape: (301, 1)
 Creating the neural network...
  added layer | 4 -> 128
  added output layer | 128 -> 1
  added loss layer
 Finished creating network.
 Beginning training the network...
Epoch 1/10 complete, time: 1.1131691932678223
Epoch 2/10 complete, time: 0.03643298149108887
Epoch 3/10 complete, time: 0.029046058654785156
Epoch 4/10 complete, time: 0.030303955078125
Epoch 5/10 complete, time: 0.02885603904724121
Epoch 6/10 complete, time: 0.02818608283996582
Epoch 7/10 complete, time: 0.026480913162231445
Epoch 8/10 complete, time: 0.02472710609436035
Epoch 9/10 complete, time: 0.024066925048828125
Epoch 10/10 complete, time: 0.03316092491149902
 Total time: 1.3745338916778564
Finished test
