configured to run:
 batch nodes 2
 model nodes 4
 type: both
 dataset: medium
 epochs: 10
 mini batch size: 100
 eta: 1e-06
 neurons: [256]
Starting test...
 Fetching data...
 succesfully fetched the data.
  x_train shape: (1202, 4)
  y_train shape: (1202, 1)
  x_test shape: (301, 4)
  y_test shape: (301, 1)
 Creating the neural network...
  added layer | 4 -> 64
  added output layer | 64 -> 1
  added loss layer
 Finished creating network.
 Beginning training the network...
Epoch 1/10 complete, time: 1.1797420978546143
Epoch 2/10 complete, time: 0.02422785758972168
Epoch 3/10 complete, time: 0.02160501480102539
Epoch 4/10 complete, time: 0.01873302459716797
Epoch 5/10 complete, time: 0.020069122314453125
Epoch 6/10 complete, time: 0.01852703094482422
Epoch 7/10 complete, time: 0.01999211311340332
Epoch 8/10 complete, time: 0.0187380313873291
Epoch 9/10 complete, time: 0.017986774444580078
Epoch 10/10 complete, time: 0.018386125564575195
 Total time: 1.3581161499023438
Finished test
