configured to run:
 batch nodes 4
 model nodes 2
 type: both
 dataset: medium
 epochs: 10
 mini batch size: 100
 eta: 1e-06
 neurons: [128]
Starting test...
 Fetching data...
 succesfully fetched the data.
  x_train shape: (1202, 4)
  y_train shape: (1202, 1)
  x_test shape: (301, 4)
  y_test shape: (301, 1)
 Creating the neural network...
  added layer | 4 -> 64
  added output layer | 64 -> 1
  added loss layer
 Finished creating network.
 Beginning training the network...
Epoch 1/10 complete, time: 0.11422085762023926
Epoch 2/10 complete, time: 0.01790595054626465
Epoch 3/10 complete, time: 0.016313791275024414
Epoch 4/10 complete, time: 0.016292810440063477
Epoch 5/10 complete, time: 0.01691722869873047
Epoch 6/10 complete, time: 0.016448974609375
Epoch 7/10 complete, time: 0.016655921936035156
Epoch 8/10 complete, time: 0.01726818084716797
Epoch 9/10 complete, time: 0.016793012619018555
Epoch 10/10 complete, time: 0.016928911209106445
 Total time: 0.26586198806762695
Finished test
