configured to run:
 batch nodes 4
 model nodes 2
 type: both
 dataset: medium
 epochs: 10
 mini batch size: 100
 eta: 1e-06
 neurons: [64]
Starting test...
 Fetching data...
 succesfully fetched the data.
  x_train shape: (1202, 4)
  y_train shape: (1202, 1)
  x_test shape: (301, 4)
  y_test shape: (301, 1)
 Creating the neural network...
  added layer | 4 -> 32
  added output layer | 32 -> 1
  added loss layer
 Finished creating network.
 Beginning training the network...
Epoch 1/10 complete, time: 0.12002396583557129
Epoch 2/10 complete, time: 0.013679981231689453
Epoch 3/10 complete, time: 0.013375043869018555
Epoch 4/10 complete, time: 0.013415813446044922
Epoch 5/10 complete, time: 0.013525962829589844
Epoch 6/10 complete, time: 0.01317906379699707
Epoch 7/10 complete, time: 0.013131856918334961
Epoch 8/10 complete, time: 0.01360011100769043
Epoch 9/10 complete, time: 0.013488054275512695
Epoch 10/10 complete, time: 0.013508081436157227
 Total time: 0.2410280704498291
Finished test
