configured to run:
 batch nodes 4
 model nodes 2
 type: both
 dataset: medium
 epochs: 10
 mini batch size: 100
 eta: 1e-06
 neurons: [512]
Starting test...
 Fetching data...
 succesfully fetched the data.
  x_train shape: (1202, 4)
  y_train shape: (1202, 1)
  x_test shape: (301, 4)
  y_test shape: (301, 1)
 Creating the neural network...
  added layer | 4 -> 256
  added output layer | 256 -> 1
  added loss layer
 Finished creating network.
 Beginning training the network...
Epoch 1/10 complete, time: 0.18326807022094727
Epoch 2/10 complete, time: 0.032814979553222656
Epoch 3/10 complete, time: 0.029893159866333008
Epoch 4/10 complete, time: 0.027734041213989258
Epoch 5/10 complete, time: 0.029118061065673828
Epoch 6/10 complete, time: 0.02574896812438965
Epoch 7/10 complete, time: 0.025611162185668945
Epoch 8/10 complete, time: 0.028261899948120117
Epoch 9/10 complete, time: 0.026082992553710938
Epoch 10/10 complete, time: 0.026257038116455078
 Total time: 0.43489885330200195
Finished test
