configured to run:
 batch nodes 4
 model nodes 2
 type: both
 dataset: medium
 epochs: 10
 mini batch size: 100
 eta: 1e-06
 neurons: [32]
Starting test...
 Fetching data...
 succesfully fetched the data.
  x_train shape: (1202, 4)
  y_train shape: (1202, 1)
  x_test shape: (301, 4)
  y_test shape: (301, 1)
 Creating the neural network...
  added layer | 4 -> 16
  added output layer | 16 -> 1
  added loss layer
 Finished creating network.
 Beginning training the network...
Epoch 1/10 complete, time: 0.19116520881652832
Epoch 2/10 complete, time: 0.012908935546875
Epoch 3/10 complete, time: 0.012727975845336914
Epoch 4/10 complete, time: 0.012614965438842773
Epoch 5/10 complete, time: 0.012527942657470703
Epoch 6/10 complete, time: 0.012551069259643555
Epoch 7/10 complete, time: 0.012903928756713867
Epoch 8/10 complete, time: 0.013434886932373047
Epoch 9/10 complete, time: 0.013224124908447266
Epoch 10/10 complete, time: 0.01349496841430664
 Total time: 0.30765700340270996
Finished test
