configured to run:
 batch nodes 8
 model nodes 1
 type: both
 dataset: medium
 epochs: 10
 mini batch size: 100
 eta: 1e-06
 neurons: [128]
Starting test...
 Fetching data...
 succesfully fetched the data.
  x_train shape: (1202, 4)
  y_train shape: (1202, 1)
  x_test shape: (301, 4)
  y_test shape: (301, 1)
 Creating the neural network...
  added layer | 4 -> 128
  added output layer | 128 -> 1
  added loss layer
 Finished creating network.
 Beginning training the network...
Epoch 1/10 complete, time: 0.7916500568389893
Epoch 2/10 complete, time: 0.027299165725708008
Epoch 3/10 complete, time: 0.025933027267456055
Epoch 4/10 complete, time: 0.028561115264892578
Epoch 5/10 complete, time: 0.026745080947875977
Epoch 6/10 complete, time: 0.030229806900024414
Epoch 7/10 complete, time: 0.029481172561645508
Epoch 8/10 complete, time: 0.02769780158996582
Epoch 9/10 complete, time: 0.030833959579467773
Epoch 10/10 complete, time: 0.023467063903808594
 Total time: 1.042006015777588
Finished test
