configured to run:
 batch nodes 8
 model nodes 1
 type: both
 dataset: medium
 epochs: 10
 mini batch size: 100
 eta: 1e-06
 neurons: [64]
Starting test...
 Fetching data...
 succesfully fetched the data.
  x_train shape: (1202, 4)
  y_train shape: (1202, 1)
  x_test shape: (301, 4)
  y_test shape: (301, 1)
 Creating the neural network...
  added layer | 4 -> 64
  added output layer | 64 -> 1
  added loss layer
 Finished creating network.
 Beginning training the network...
Epoch 1/10 complete, time: 0.8403661251068115
Epoch 2/10 complete, time: 0.015352010726928711
Epoch 3/10 complete, time: 0.015120983123779297
Epoch 4/10 complete, time: 0.014802932739257812
Epoch 5/10 complete, time: 0.014467000961303711
Epoch 6/10 complete, time: 0.01429891586303711
Epoch 7/10 complete, time: 0.01405191421508789
Epoch 8/10 complete, time: 0.01395106315612793
Epoch 9/10 complete, time: 0.015043020248413086
Epoch 10/10 complete, time: 0.013869047164916992
 Total time: 0.971423864364624
Finished test
