configured to run:
 batch nodes 8
 model nodes 1
 type: both
 dataset: medium
 epochs: 10
 mini batch size: 100
 eta: 1e-06
 neurons: [32]
Starting test...
 Fetching data...
 succesfully fetched the data.
  x_train shape: (1202, 4)
  y_train shape: (1202, 1)
  x_test shape: (301, 4)
  y_test shape: (301, 1)
 Creating the neural network...
  added layer | 4 -> 32
  added output layer | 32 -> 1
  added loss layer
 Finished creating network.
 Beginning training the network...
Epoch 1/10 complete, time: 0.8580420017242432
Epoch 2/10 complete, time: 0.014872074127197266
Epoch 3/10 complete, time: 0.01407003402709961
Epoch 4/10 complete, time: 0.01491999626159668
Epoch 5/10 complete, time: 0.013991832733154297
Epoch 6/10 complete, time: 0.014217138290405273
Epoch 7/10 complete, time: 0.012810945510864258
Epoch 8/10 complete, time: 0.012604951858520508
Epoch 9/10 complete, time: 0.012569904327392578
Epoch 10/10 complete, time: 0.014847993850708008
 Total time: 0.9830591678619385
Finished test
