configured to run:
 batch nodes 8
 model nodes 1
 type: both
 dataset: medium
 epochs: 10
 mini batch size: 100
 eta: 1e-06
 neurons: [256]
Starting test...
 Fetching data...
 succesfully fetched the data.
  x_train shape: (1202, 4)
  y_train shape: (1202, 1)
  x_test shape: (301, 4)
  y_test shape: (301, 1)
 Creating the neural network...
  added layer | 4 -> 256
  added output layer | 256 -> 1
  added loss layer
 Finished creating network.
 Beginning training the network...
Epoch 1/10 complete, time: 0.748485803604126
Epoch 2/10 complete, time: 0.02230095863342285
Epoch 3/10 complete, time: 0.021082162857055664
Epoch 4/10 complete, time: 0.020910978317260742
Epoch 5/10 complete, time: 0.02044391632080078
Epoch 6/10 complete, time: 0.02421402931213379
Epoch 7/10 complete, time: 0.021207809448242188
Epoch 8/10 complete, time: 0.0208740234375
Epoch 9/10 complete, time: 0.021663904190063477
Epoch 10/10 complete, time: 0.020364046096801758
 Total time: 0.9416570663452148
Finished test
