configured to run:
 batch nodes 8
 model nodes 1
 type: both
 dataset: medium
 epochs: 10
 mini batch size: 100
 eta: 1e-06
 neurons: [512]
Starting test...
 Fetching data...
 succesfully fetched the data.
  x_train shape: (1202, 4)
  y_train shape: (1202, 1)
  x_test shape: (301, 4)
  y_test shape: (301, 1)
 Creating the neural network...
  added layer | 4 -> 512
  added output layer | 512 -> 1
  added loss layer
 Finished creating network.
 Beginning training the network...
Epoch 1/10 complete, time: 0.7865979671478271
Epoch 2/10 complete, time: 0.06753706932067871
Epoch 3/10 complete, time: 0.04632091522216797
Epoch 4/10 complete, time: 0.05255413055419922
Epoch 5/10 complete, time: 0.0526270866394043
Epoch 6/10 complete, time: 0.04933786392211914
Epoch 7/10 complete, time: 0.049955129623413086
Epoch 8/10 complete, time: 0.050766944885253906
Epoch 9/10 complete, time: 0.047358036041259766
Epoch 10/10 complete, time: 0.054869890213012695
 Total time: 1.25803804397583
Finished test
