(4178504, 0)
(4178504, 0)
(4178504, 0)
(4178504, 0)
(4178504, 0)
(4178504, 0)
(4178504, 0)
(4178504, 0)
(4178504, 0)
(4178504, 0)
(4178504, 0)
(4178504, 0)
(4178504, 0)
(4178504, 0)
(4178504, 0)
(4178504, 0)
(4178504, 0)
(4178504, 0)
(4178504, 0)
(4178504, 0)
(4178504, 0)
(4178504, 0)
(4178504, 0)
(4178504, 0)
(4178504, 0)
(4178504, 0)
(4178504, 0)
(4178504, 0)
(4178504, 0)
(4178504, 0)
(4178504, 0)
(4178504, 0)
Total time was: 105.89009499549866
Scatter time: 0.3651542663574219
All reduce time: 0.6072080135345459
  (0) 6.894949197769165
  (1) 11.046616077423096
  (2) 11.022138833999634
  (3) 11.002562999725342
  (4) 10.880661010742188
  (5) 11.027841091156006
  (6) 10.984144926071167
  (7) 11.026110887527466
  (8) 11.005840063095093
  (9) 10.999220132827759

