(4178504, 0)
(4178504, 0)
(4178504, 0)
(4178504, 0)
(4178504, 0)
(4178504, 0)
(4178504, 0)
(4178504, 0)
(4178504, 0)
(4178504, 0)
(4178504, 0)
(4178504, 0)
(4178504, 0)
(4178504, 0)
(4178504, 0)
(4178504, 0)
(4178504, 0)
(4178504, 0)
(4178504, 0)
(4178504, 0)
(4178504, 0)
(4178504, 0)
(4178504, 0)
(4178504, 0)
(4178504, 0)
(4178504, 0)
(4178504, 0)
(4178504, 0)
(4178504, 0)
(4178504, 0)
(4178504, 0)
(4178504, 0)
(4178504, 0)
(4178504, 0)
(4178504, 0)
(4178504, 0)
(4178504, 0)
(4178504, 0)
(4178504, 0)
(4178504, 0)
(4178504, 0)
(4178504, 0)
(4178504, 0)
(4178504, 0)
(4178504, 0)
(4178504, 0)
(4178504, 0)
(4178504, 0)
(4178504, 0)
(4178504, 0)
(4178504, 0)
(4178504, 0)
(4178504, 0)
(4178504, 0)
(4178504, 0)
(4178504, 0)
(4178504, 0)
(4178504, 0)
(4178504, 0)
(4178504, 0)
(4178504, 0)
(4178504, 0)
(4178504, 0)
(4178504, 0)
Total time was: 103.43413281440735
Scatter time: 0.6960742473602295
All reduce time: 1.7947149276733398
  (0) 7.364001989364624
  (1) 10.684912204742432
  (2) 10.640998840332031
  (3) 10.612163782119751
  (4) 10.509210109710693
  (5) 10.639626026153564
  (6) 11.018182039260864
  (7) 10.64519190788269
  (8) 10.658996820449829
  (9) 10.660839080810547

