(4178504, 0)
(4178504, 0)
(4178504, 0)
(4178504, 0)
(4178504, 0)
(4178504, 0)
(4178504, 0)
(4178504, 0)
(4178504, 0)
(4178504, 0)
(4178504, 0)
(4178504, 0)
(4178504, 0)
(4178504, 0)
(4178504, 0)
(4178504, 0)
Total time was: 105.2947449684143
Scatter time: 0.3789031505584717
All reduce time: 0.8175835609436035
  (0) 6.854899883270264
  (1) 10.953479051589966
  (2) 10.92531704902649
  (3) 10.927080154418945
  (4) 10.800410032272339
  (5) 10.93729305267334
  (6) 10.935791015625
  (7) 10.937463998794556
  (8) 11.052340030670166
  (9) 10.970657110214233

