configured to run:
 batch nodes 1
 model nodes 1
 type: both
 dataset: large
 epochs: 10
 mini batch size: 100
 eta: 1e-06
 neurons: [512]
Starting test...
 Fetching data...
 succesfully fetched the data.
  x_train shape: (560000, 16)
  y_train shape: (560000, 2)
  x_test shape: (140000, 16)
  y_test shape: (140000, 2)
 Creating the neural network...
  added layer | 16 -> 512
  added output layer | 512 -> 2
  added loss layer
 Finished creating network.
 Beginning training the network...
Epoch 1/10 complete, time: 91.05093598365784
Epoch 2/10 complete, time: 81.18974781036377
Epoch 3/10 complete, time: 84.20718002319336
Epoch 4/10 complete, time: 80.84099411964417
Epoch 5/10 complete, time: 84.11523199081421
Epoch 6/10 complete, time: 79.25000309944153
Epoch 7/10 complete, time: 81.80765318870544
Epoch 8/10 complete, time: 80.49401688575745
Epoch 9/10 complete, time: 81.8598039150238
Epoch 10/10 complete, time: 86.38545107841492
 Total time: 831.2012350559235
Finished test
