configured to run:
 batch nodes 1
 model nodes 1
 type: both
 dataset: large
 epochs: 10
 mini batch size: 100
 eta: 1e-06
 neurons: [128]
Starting test...
 Fetching data...
 succesfully fetched the data.
  x_train shape: (560000, 16)
  y_train shape: (560000, 2)
  x_test shape: (140000, 16)
  y_test shape: (140000, 2)
 Creating the neural network...
  added layer | 16 -> 128
  added output layer | 128 -> 2
  added loss layer
 Finished creating network.
 Beginning training the network...
Epoch 1/10 complete, time: 27.29358696937561
Epoch 2/10 complete, time: 26.914934158325195
Epoch 3/10 complete, time: 26.596300840377808
Epoch 4/10 complete, time: 26.8884699344635
Epoch 5/10 complete, time: 26.753234148025513
Epoch 6/10 complete, time: 26.515254974365234
Epoch 7/10 complete, time: 26.412842988967896
Epoch 8/10 complete, time: 27.180078983306885
Epoch 9/10 complete, time: 27.097002029418945
Epoch 10/10 complete, time: 26.49141788482666
 Total time: 268.14336705207825
Finished test
