configured to run:
 batch nodes 1
 model nodes 1
 type: both
 dataset: large
 epochs: 10
 mini batch size: 100
 eta: 1e-06
 neurons: [32]
Starting test...
 Fetching data...
 succesfully fetched the data.
  x_train shape: (560000, 16)
  y_train shape: (560000, 2)
  x_test shape: (140000, 16)
  y_test shape: (140000, 2)
 Creating the neural network...
  added layer | 16 -> 32
  added output layer | 32 -> 2
  added loss layer
 Finished creating network.
 Beginning training the network...
Epoch 1/10 complete, time: 10.52682900428772
Epoch 2/10 complete, time: 10.936871767044067
Epoch 3/10 complete, time: 10.9184889793396
Epoch 4/10 complete, time: 10.863640069961548
Epoch 5/10 complete, time: 10.969600915908813
Epoch 6/10 complete, time: 10.956682920455933
Epoch 7/10 complete, time: 11.005551815032959
Epoch 8/10 complete, time: 10.928452014923096
Epoch 9/10 complete, time: 10.943986892700195
Epoch 10/10 complete, time: 10.905866861343384
 Total time: 108.95622706413269
Finished test
