configured to run:
 batch nodes 1
 model nodes 4
 type: both
 dataset: large
 epochs: 10
 mini batch size: 100
 eta: 1e-06
 neurons: [64]
Starting test...
 Fetching data...
 succesfully fetched the data.
  x_train shape: (560000, 16)
  y_train shape: (560000, 2)
  x_test shape: (140000, 16)
  y_test shape: (140000, 2)
 Creating the neural network...
  added layer | 16 -> 64
  added output layer | 64 -> 2
  added loss layer
 Finished creating network.
 Beginning training the network...
Epoch 1/10 complete, time: 15.723026990890503
Epoch 2/10 complete, time: 16.079282999038696
Epoch 3/10 complete, time: 15.485377788543701
Epoch 4/10 complete, time: 15.676955938339233
Epoch 5/10 complete, time: 15.76762318611145
Epoch 6/10 complete, time: 15.375403881072998
Epoch 7/10 complete, time: 15.415833950042725
Epoch 8/10 complete, time: 15.105284929275513
Epoch 9/10 complete, time: 15.382467985153198
Epoch 10/10 complete, time: 15.14168906211853
 Total time: 155.1531720161438
Finished test
