configured to run:
 batch nodes 1
 model nodes 4
 type: both
 dataset: large
 epochs: 10
 mini batch size: 100
 eta: 1e-06
 neurons: [32]
Starting test...
 Fetching data...
 succesfully fetched the data.
  x_train shape: (560000, 16)
  y_train shape: (560000, 2)
  x_test shape: (140000, 16)
  y_test shape: (140000, 2)
 Creating the neural network...
  added layer | 16 -> 32
  added output layer | 32 -> 2
  added loss layer
 Finished creating network.
 Beginning training the network...
Epoch 1/10 complete, time: 13.203427076339722
Epoch 2/10 complete, time: 12.858436822891235
Epoch 3/10 complete, time: 12.218091011047363
Epoch 4/10 complete, time: 12.801589012145996
Epoch 5/10 complete, time: 12.608010053634644
Epoch 6/10 complete, time: 12.575253963470459
Epoch 7/10 complete, time: 12.808204174041748
Epoch 8/10 complete, time: 13.12984299659729
Epoch 9/10 complete, time: 12.76554799079895
Epoch 10/10 complete, time: 13.570611953735352
 Total time: 128.53924202919006
Finished test
