configured to run:
 batch nodes 1
 model nodes 4
 type: both
 dataset: large
 epochs: 10
 mini batch size: 100
 eta: 1e-06
 neurons: [1024]
Starting test...
 Fetching data...
 succesfully fetched the data.
  x_train shape: (560000, 16)
  y_train shape: (560000, 2)
  x_test shape: (140000, 16)
  y_test shape: (140000, 2)
 Creating the neural network...
  added layer | 16 -> 1024
  added output layer | 1024 -> 2
  added loss layer
 Finished creating network.
 Beginning training the network...
Epoch 1/10 complete, time: 122.99806308746338
Epoch 2/10 complete, time: 123.00365996360779
Epoch 3/10 complete, time: 123.72047901153564
Epoch 4/10 complete, time: 123.85106587409973
Epoch 5/10 complete, time: 124.3558452129364
Epoch 6/10 complete, time: 122.4718918800354
Epoch 7/10 complete, time: 121.44798398017883
Epoch 8/10 complete, time: 121.5190179347992
Epoch 9/10 complete, time: 122.36224699020386
Epoch 10/10 complete, time: 123.99183201789856
 Total time: 1229.7223110198975
Finished test
