configured to run:
 batch nodes 1
 model nodes 4
 type: both
 dataset: large
 epochs: 10
 mini batch size: 100
 eta: 1e-06
 neurons: [512]
Starting test...
 Fetching data...
 succesfully fetched the data.
  x_train shape: (560000, 16)
  y_train shape: (560000, 2)
  x_test shape: (140000, 16)
  y_test shape: (140000, 2)
 Creating the neural network...
  added layer | 16 -> 512
  added output layer | 512 -> 2
  added loss layer
 Finished creating network.
 Beginning training the network...
Epoch 1/10 complete, time: 69.91757893562317
Epoch 2/10 complete, time: 66.99454712867737
Epoch 3/10 complete, time: 67.3415060043335
Epoch 4/10 complete, time: 67.43105983734131
Epoch 5/10 complete, time: 67.5165901184082
Epoch 6/10 complete, time: 67.24702501296997
Epoch 7/10 complete, time: 67.30305290222168
Epoch 8/10 complete, time: 67.74186110496521
Epoch 9/10 complete, time: 67.79142999649048
Epoch 10/10 complete, time: 67.43348097801208
 Total time: 676.7183392047882
Finished test
