configured to run:
 batch nodes 2
 model nodes 2
 type: both
 dataset: large
 epochs: 10
 mini batch size: 100
 eta: 1e-06
 neurons: [64]
Starting test...
 Fetching data...
 succesfully fetched the data.
  x_train shape: (560000, 16)
  y_train shape: (560000, 2)
  x_test shape: (140000, 16)
  y_test shape: (140000, 2)
 Creating the neural network...
  added layer | 16 -> 64
  added output layer | 64 -> 2
  added loss layer
 Finished creating network.
 Beginning training the network...
Epoch 1/10 complete, time: 10.732558012008667
Epoch 2/10 complete, time: 11.21244502067566
Epoch 3/10 complete, time: 10.997785091400146
Epoch 4/10 complete, time: 11.056037902832031
Epoch 5/10 complete, time: 12.96655797958374
Epoch 6/10 complete, time: 12.906215906143188
Epoch 7/10 complete, time: 12.957764863967896
Epoch 8/10 complete, time: 12.955147981643677
Epoch 9/10 complete, time: 13.029009819030762
Epoch 10/10 complete, time: 12.923664093017578
 Total time: 121.73738193511963
Finished test
