configured to run:
 batch nodes 2
 model nodes 2
 type: both
 dataset: large
 epochs: 10
 mini batch size: 100
 eta: 1e-06
 neurons: [32]
Starting test...
 Fetching data...
 succesfully fetched the data.
  x_train shape: (560000, 16)
  y_train shape: (560000, 2)
  x_test shape: (140000, 16)
  y_test shape: (140000, 2)
 Creating the neural network...
  added layer | 16 -> 32
  added output layer | 32 -> 2
  added loss layer
 Finished creating network.
 Beginning training the network...
Epoch 1/10 complete, time: 9.405739068984985
Epoch 2/10 complete, time: 9.588077068328857
Epoch 3/10 complete, time: 9.393241882324219
Epoch 4/10 complete, time: 9.400970935821533
Epoch 5/10 complete, time: 9.340858936309814
Epoch 6/10 complete, time: 9.399424076080322
Epoch 7/10 complete, time: 9.346711158752441
Epoch 8/10 complete, time: 9.411498069763184
Epoch 9/10 complete, time: 9.66939401626587
Epoch 10/10 complete, time: 9.367954969406128
 Total time: 94.32410001754761
Finished test
