configured to run:
 batch nodes 2
 model nodes 2
 type: both
 dataset: large
 epochs: 10
 mini batch size: 100
 eta: 1e-06
 neurons: [1024]
Starting test...
 Fetching data...
 succesfully fetched the data.
  x_train shape: (560000, 16)
  y_train shape: (560000, 2)
  x_test shape: (140000, 16)
  y_test shape: (140000, 2)
 Creating the neural network...
  added layer | 16 -> 1024
  added output layer | 1024 -> 2
  added loss layer
 Finished creating network.
 Beginning training the network...
Epoch 1/10 complete, time: 77.22867202758789
Epoch 2/10 complete, time: 75.2888970375061
Epoch 3/10 complete, time: 77.74882078170776
Epoch 4/10 complete, time: 76.52498412132263
Epoch 5/10 complete, time: 75.84446883201599
Epoch 6/10 complete, time: 76.07737016677856
Epoch 7/10 complete, time: 76.56237387657166
Epoch 8/10 complete, time: 75.36539506912231
Epoch 9/10 complete, time: 77.30238008499146
Epoch 10/10 complete, time: 77.14850401878357
 Total time: 765.0920948982239
Finished test
