configured to run:
 batch nodes 4
 model nodes 1
 type: both
 dataset: large
 epochs: 10
 mini batch size: 100
 eta: 1e-06
 neurons: [128]
Starting test...
 Fetching data...
 succesfully fetched the data.
  x_train shape: (560000, 16)
  y_train shape: (560000, 2)
  x_test shape: (140000, 16)
  y_test shape: (140000, 2)
 Creating the neural network...
  added layer | 16 -> 128
  added output layer | 128 -> 2
  added loss layer
 Finished creating network.
 Beginning training the network...
Epoch 1/10 complete, time: 10.723994016647339
Epoch 2/10 complete, time: 11.241706132888794
Epoch 3/10 complete, time: 11.03740406036377
Epoch 4/10 complete, time: 11.08812689781189
Epoch 5/10 complete, time: 11.243356943130493
Epoch 6/10 complete, time: 13.107539892196655
Epoch 7/10 complete, time: 11.16771912574768
Epoch 8/10 complete, time: 11.09077000617981
Epoch 9/10 complete, time: 11.298332929611206
Epoch 10/10 complete, time: 11.30367398262024
 Total time: 113.30286598205566
Finished test
