configured to run:
 batch nodes 4
 model nodes 1
 type: both
 dataset: large
 epochs: 10
 mini batch size: 100
 eta: 1e-06
 neurons: [1024]
Starting test...
 Fetching data...
 succesfully fetched the data.
  x_train shape: (560000, 16)
  y_train shape: (560000, 2)
  x_test shape: (140000, 16)
  y_test shape: (140000, 2)
 Creating the neural network...
  added layer | 16 -> 1024
  added output layer | 1024 -> 2
  added loss layer
 Finished creating network.
 Beginning training the network...
Epoch 1/10 complete, time: 51.182437896728516
Epoch 2/10 complete, time: 49.83171606063843
Epoch 3/10 complete, time: 49.977405071258545
Epoch 4/10 complete, time: 51.923032999038696
Epoch 5/10 complete, time: 50.099228858947754
Epoch 6/10 complete, time: 49.61401891708374
Epoch 7/10 complete, time: 49.03773212432861
Epoch 8/10 complete, time: 49.237590074539185
Epoch 9/10 complete, time: 50.90793800354004
Epoch 10/10 complete, time: 49.459335803985596
 Total time: 501.27066707611084
Finished test
