configured to run:
 batch nodes 4
 model nodes 1
 type: both
 dataset: large
 epochs: 10
 mini batch size: 100
 eta: 1e-06
 neurons: [64]
Starting test...
 Fetching data...
 succesfully fetched the data.
  x_train shape: (560000, 16)
  y_train shape: (560000, 2)
  x_test shape: (140000, 16)
  y_test shape: (140000, 2)
 Creating the neural network...
  added layer | 16 -> 64
  added output layer | 64 -> 2
  added loss layer
 Finished creating network.
 Beginning training the network...
Epoch 1/10 complete, time: 8.32353401184082
Epoch 2/10 complete, time: 9.07300591468811
Epoch 3/10 complete, time: 8.975919961929321
Epoch 4/10 complete, time: 8.80826210975647
Epoch 5/10 complete, time: 8.746023178100586
Epoch 6/10 complete, time: 8.92610502243042
Epoch 7/10 complete, time: 8.954615831375122
Epoch 8/10 complete, time: 9.004807949066162
Epoch 9/10 complete, time: 8.93191409111023
Epoch 10/10 complete, time: 8.771646976470947
 Total time: 88.51607203483582
Finished test
