configured to run:
 batch nodes 1
 model nodes 1
 type: model
 dataset: large
 epochs: 10
 mini batch size: 10000
 eta: 1e-08
 neurons: [512]
Starting test...
 Fetching data...
 succesfully fetched the data.
  x_train shape: (560000, 16)
  y_train shape: (560000, 2)
  x_test shape: (140000, 16)
  y_test shape: (140000, 2)
 Creating the neural network...
  added layer | 16 -> 512
  added output layer | 512 -> 2
  added loss layer
 Finished creating network.
 Beginning training the network...
starting epoch: 0
starting epoch: 1
starting epoch: 2
starting epoch: 3
starting epoch: 4
starting epoch: 5
starting epoch: 6
starting epoch: 7
starting epoch: 8
starting epoch: 9
Finished model in 831.6479740142822
   0    85.69460678100586
   1    84.55329203605652
   2    84.04814887046814
   3    82.92879486083984
   4    82.58852195739746
   5    82.89437913894653
   6    82.34872198104858
   7    82.20102906227112
   8    82.30009508132935
   9    82.09025716781616

Finished test
