configured to run:
 batch nodes 1
 model nodes 1
 type: model
 dataset: large
 epochs: 10
 mini batch size: 10000
 eta: 1e-08
 neurons: [1024]
Starting test...
 Fetching data...
 succesfully fetched the data.
  x_train shape: (560000, 16)
  y_train shape: (560000, 2)
  x_test shape: (140000, 16)
  y_test shape: (140000, 2)
 Creating the neural network...
  added layer | 16 -> 1024
  added output layer | 1024 -> 2
  added loss layer
 Finished creating network.
 Beginning training the network...
starting epoch: 0
starting epoch: 1
starting epoch: 2
starting epoch: 3
starting epoch: 4
starting epoch: 5
starting epoch: 6
starting epoch: 7
starting epoch: 8
starting epoch: 9
Finished model in 1660.2577381134033
   0    168.60831308364868
   1    168.296245098114
   2    166.83287906646729
   3    166.54569005966187
   4    165.3011131286621
   5    165.19847297668457
   6    164.88426399230957
   7    165.15558004379272
   8    164.41648888587952
   9    165.0185718536377

Finished test
