starting epoch: 0
starting epoch: 1
starting epoch: 2
starting epoch: 3
starting epoch: 4
starting epoch: 5
starting epoch: 6
starting epoch: 7
starting epoch: 8
starting epoch: 9
starting epoch: 0
starting epoch: 1
starting epoch: 2
starting epoch: 3
starting epoch: 4
starting epoch: 5
starting epoch: 6
starting epoch: 7
starting epoch: 8
starting epoch: 9
starting epoch: 0
starting epoch: 1
starting epoch: 2
starting epoch: 3
starting epoch: 4
starting epoch: 5
starting epoch: 6
starting epoch: 7
starting epoch: 8
starting epoch: 9
starting epoch: 0
starting epoch: 1
starting epoch: 2
starting epoch: 3
starting epoch: 4
starting epoch: 5
starting epoch: 6
starting epoch: 7
starting epoch: 8
starting epoch: 9
starting epoch: 0
starting epoch: 1
starting epoch: 2
starting epoch: 3
starting epoch: 4
starting epoch: 5
starting epoch: 6
starting epoch: 7
starting epoch: 8
starting epoch: 9
starting epoch: 0
starting epoch: 1
starting epoch: 2
starting epoch: 3
starting epoch: 4
starting epoch: 5
starting epoch: 6
starting epoch: 7
starting epoch: 8
starting epoch: 9
starting epoch: 0
starting epoch: 1
starting epoch: 2
starting epoch: 3
starting epoch: 4
starting epoch: 5
starting epoch: 6
starting epoch: 7
starting epoch: 8
starting epoch: 9
starting epoch: 0
starting epoch: 1
starting epoch: 2
starting epoch: 3
starting epoch: 4
starting epoch: 5
starting epoch: 6
starting epoch: 7
starting epoch: 8
starting epoch: 9
starting epoch: 0
starting epoch: 1
starting epoch: 2
starting epoch: 3
starting epoch: 4
starting epoch: 5
starting epoch: 6
starting epoch: 7
starting epoch: 8
starting epoch: 9
starting epoch: 0
starting epoch: 1
starting epoch: 2
starting epoch: 3
starting epoch: 4
starting epoch: 5
starting epoch: 6
starting epoch: 7
starting epoch: 8
starting epoch: 9
starting epoch: 0
starting epoch: 1
starting epoch: 2
starting epoch: 3
starting epoch: 4
starting epoch: 5
starting epoch: 6
starting epoch: 7
starting epoch: 8
starting epoch: 9
starting epoch: 0
starting epoch: 1
starting epoch: 2
starting epoch: 3
starting epoch: 4
starting epoch: 5
starting epoch: 6
starting epoch: 7
starting epoch: 8
starting epoch: 9
configured to run:
 batch nodes 1
 model nodes 16
 type: model
 dataset: large
 epochs: 10
 mini batch size: 10000
 eta: 1e-08
 neurons: [128]
Starting test...
 Fetching data...
 succesfully fetched the data.
  x_train shape: (560000, 16)
  y_train shape: (560000, 2)
  x_test shape: (140000, 16)
  y_test shape: (140000, 2)
 Creating the neural network...
  added layer | 16 -> 8
  added output layer | 8 -> 2
  added loss layer
 Finished creating network.
 Beginning training the network...
starting epoch: 0
starting epoch: 1
starting epoch: 2
starting epoch: 3
starting epoch: 4
starting epoch: 5
starting epoch: 6
starting epoch: 7
starting epoch: 8
starting epoch: 9
Finished model in 40.126014947891235
   0    5.304369926452637
   1    3.696713924407959
   2    4.364035129547119
   3    3.5784480571746826
   4    4.103942155838013
   5    3.9001660346984863
   6    3.6543519496917725
   7    3.504024028778076
   8    3.966226100921631
   9    4.053627014160156

Finished test
starting epoch: 0
starting epoch: 1
starting epoch: 2
starting epoch: 3
starting epoch: 4
starting epoch: 5
starting epoch: 6
starting epoch: 7
starting epoch: 8
starting epoch: 9
starting epoch: 0
starting epoch: 1
starting epoch: 2
starting epoch: 3
starting epoch: 4
starting epoch: 5
starting epoch: 6
starting epoch: 7
starting epoch: 8
starting epoch: 9
starting epoch: 0
starting epoch: 1
starting epoch: 2
starting epoch: 3
starting epoch: 4
starting epoch: 5
starting epoch: 6
starting epoch: 7
starting epoch: 8
starting epoch: 9
