starting epoch: 0
starting epoch: 1
starting epoch: 2
starting epoch: 3
starting epoch: 4
starting epoch: 5
starting epoch: 6
starting epoch: 7
starting epoch: 8
starting epoch: 9
starting epoch: 0
starting epoch: 1
starting epoch: 2
starting epoch: 3
starting epoch: 4
starting epoch: 5
starting epoch: 6
starting epoch: 7
starting epoch: 8
starting epoch: 9
starting epoch: 0
starting epoch: 1
starting epoch: 2
starting epoch: 3
starting epoch: 4
starting epoch: 5
starting epoch: 6
starting epoch: 7
starting epoch: 8
starting epoch: 9
configured to run:
 batch nodes 1
 model nodes 4
 type: model
 dataset: large
 epochs: 10
 mini batch size: 10000
 eta: 1e-07
 neurons: [1024]
Starting test...
 Fetching data...
 succesfully fetched the data.
  x_train shape: (560000, 16)
  y_train shape: (560000, 2)
  x_test shape: (140000, 16)
  y_test shape: (140000, 2)
 Creating the neural network...
  added layer | 16 -> 256
  added output layer | 256 -> 2
  added loss layer
 Finished creating network.
 Beginning training the network...
starting epoch: 0
starting epoch: 1
starting epoch: 2
starting epoch: 3
starting epoch: 4
starting epoch: 5
starting epoch: 6
starting epoch: 7
starting epoch: 8
starting epoch: 9
Finished model in 283.3919529914856
   0    29.95113706588745
   1    29.79171395301819
   2    29.45889115333557
   3    28.18265199661255
   4    28.09723210334778
   5    27.63472890853882
   6    27.428319215774536
   7    27.66509699821472
   8    27.872592210769653
   9    27.309480905532837

Finished test
