starting epoch: 0
starting epoch: 1
starting epoch: 2
starting epoch: 3
starting epoch: 4
starting epoch: 5
starting epoch: 6
starting epoch: 7
starting epoch: 8
starting epoch: 9
starting epoch: 0
starting epoch: 1
starting epoch: 2
starting epoch: 3
starting epoch: 4
starting epoch: 5
starting epoch: 6
starting epoch: 7
starting epoch: 8
starting epoch: 9
starting epoch: 0
starting epoch: 1
starting epoch: 2
starting epoch: 3
starting epoch: 4
starting epoch: 5
starting epoch: 6
starting epoch: 7
starting epoch: 8
starting epoch: 9
starting epoch: 0
starting epoch: 1
starting epoch: 2
starting epoch: 3
starting epoch: 4
starting epoch: 5
starting epoch: 6
starting epoch: 7
starting epoch: 8
starting epoch: 9
configured to run:
 batch nodes 1
 model nodes 8
 type: model
 dataset: large
 epochs: 10
 mini batch size: 10000
 eta: 1e-07
 neurons: [1024]
Starting test...
 Fetching data...
 succesfully fetched the data.
  x_train shape: (560000, 16)
  y_train shape: (560000, 2)
  x_test shape: (140000, 16)
  y_test shape: (140000, 2)
 Creating the neural network...
  added layer | 16 -> 128
  added output layer | 128 -> 2
  added loss layer
 Finished creating network.
 Beginning training the network...
starting epoch: 0
starting epoch: 1
starting epoch: 2
starting epoch: 3
starting epoch: 4
starting epoch: 5
starting epoch: 6
starting epoch: 7
starting epoch: 8
starting epoch: 9
Finished model in 143.91165590286255
   0    15.700570106506348
   1    14.295001029968262
   2    14.114667892456055
   3    14.263449907302856
   4    14.553362846374512
   5    14.147183895111084
   6    14.029476881027222
   7    14.262695074081421
   8    14.377511024475098
   9    14.167609930038452

Finished test
starting epoch: 0
starting epoch: 1
starting epoch: 2
starting epoch: 3
starting epoch: 4
starting epoch: 5
starting epoch: 6
starting epoch: 7
starting epoch: 8
starting epoch: 9
starting epoch: 0
starting epoch: 1
starting epoch: 2
starting epoch: 3
starting epoch: 4
starting epoch: 5
starting epoch: 6
starting epoch: 7
starting epoch: 8
starting epoch: 9
starting epoch: 0
starting epoch: 1
starting epoch: 2
starting epoch: 3
starting epoch: 4
starting epoch: 5
starting epoch: 6
starting epoch: 7
starting epoch: 8
starting epoch: 9
